<?xml version="1.0" encoding="utf-8"?>
<!DOCTYPE coverage SYSTEM "http://cobertura.sourceforge.net/xml/coverage-04.dtd">
<coverage line-rate="0.7153338224504769" branch-rate="0.6574585635359116" lines-covered="975" lines-valid="1363" branches-covered="238" branches-valid="362" complexity="461" version="0" timestamp="1774610496">
  <sources>
    <source>/home/alaricd/prj/pengdows/pengdows.hangfire/pengdows.hangfire/</source>
  </sources>
  <packages>
    <package name="pengdows.hangfire" line-rate="0.7153338224504769" branch-rate="0.6574585635359116" complexity="461">
      <classes>
        <class name="pengdows.hangfire.CountersAggregator" filename="/home/alaricd/prj/pengdows/pengdows.hangfire/pengdows.hangfire/CountersAggregator.cs" line-rate="0.8" branch-rate="0.6666666666666666" complexity="8">
          <methods>
            <method name="Execute" signature="(Hangfire.Server.BackgroundProcessContext)" line-rate="0.7777777777777778" branch-rate="0.75" complexity="4">
              <lines>
                <line number="24" hits="2" branch="false" />
                <line number="29" hits="2" branch="false" />
                <line number="31" hits="1" branch="true" condition-coverage="50% (1/2)" />
                <line number="33" hits="0" branch="false" />
                <line number="34" hits="0" branch="false" />
                <line number="36" hits="1" branch="true" condition-coverage="100% (2/2)" />
                <line number="38" hits="1" branch="false" />
                <line number="40" hits="1" branch="false" />
                <line number="41" hits="1" branch="false" />
              </lines>
            </method>
            <method name="ToString" signature="()" line-rate="1" branch-rate="1" complexity="1">
              <lines>
                <line number="43" hits="1" branch="false" />
              </lines>
            </method>
            <method name=".ctor" signature="(pengdows.hangfire.PengdowsCrudJobStorage,System.TimeSpan)" line-rate="1" branch-rate="0.5" complexity="2">
              <lines>
                <line number="12" hits="3" branch="false" />
                <line number="18" hits="3" branch="true" condition-coverage="50% (1/2)" />
                <line number="19" hits="3" branch="false" />
                <line number="20" hits="3" branch="false" />
              </lines>
            </method>
            <method name=".cctor" signature="()" line-rate="0" branch-rate="1" complexity="1">
              <lines>
                <line number="10" hits="0" branch="false" />
              </lines>
            </method>
          </methods>
          <lines>
            <line number="10" hits="0" branch="false" />
            <line number="12" hits="3" branch="false" />
            <line number="18" hits="3" branch="true" condition-coverage="50% (1/2)" />
            <line number="19" hits="3" branch="false" />
            <line number="20" hits="3" branch="false" />
            <line number="24" hits="2" branch="false" />
            <line number="29" hits="2" branch="false" />
            <line number="31" hits="1" branch="true" condition-coverage="50% (1/2)" />
            <line number="33" hits="0" branch="false" />
            <line number="34" hits="0" branch="false" />
            <line number="36" hits="1" branch="true" condition-coverage="100% (2/2)" />
            <line number="38" hits="1" branch="false" />
            <line number="40" hits="1" branch="false" />
            <line number="41" hits="1" branch="false" />
            <line number="43" hits="1" branch="false" />
          </lines>
        </class>
        <class name="pengdows.hangfire.ExpirationManager" filename="/home/alaricd/prj/pengdows/pengdows.hangfire/pengdows.hangfire/ExpirationManager.cs" line-rate="0.7333333333333333" branch-rate="0.75" complexity="7">
          <methods>
            <method name="Execute" signature="(Hangfire.Server.BackgroundProcessContext)" line-rate="0.6666666666666666" branch-rate="1" complexity="1">
              <lines>
                <line number="28" hits="2" branch="false" />
                <line number="30" hits="2" branch="false" />
                <line number="32" hits="4" branch="false" />
                <line number="33" hits="4" branch="false" />
                <line number="34" hits="4" branch="false" />
                <line number="35" hits="4" branch="false" />
                <line number="36" hits="4" branch="false" />
                <line number="37" hits="2" branch="false" />
                <line number="38" hits="0" branch="false" />
                <line number="40" hits="0" branch="false" />
                <line number="41" hits="0" branch="false" />
                <line number="42" hits="0" branch="false" />
                <line number="43" hits="0" branch="false" />
                <line number="45" hits="2" branch="false" />
                <line number="46" hits="2" branch="false" />
              </lines>
            </method>
            <method name="DeleteExpiredRows" signature="(System.String,System.Func`1&lt;System.Int32&gt;)" line-rate="0.6666666666666666" branch-rate="1" complexity="2">
              <lines>
                <line number="50" hits="10" branch="false" />
                <line number="56" hits="10" branch="false" />
                <line number="57" hits="10" branch="true" condition-coverage="100% (2/2)" />
                <line number="58" hits="10" branch="false" />
                <line number="59" hits="0" branch="false" />
                <line number="61" hits="0" branch="false" />
                <line number="62" hits="0" branch="false" />
                <line number="63" hits="10" branch="false" />
                <line number="64" hits="10" branch="false" />
              </lines>
            </method>
            <method name="ToString" signature="()" line-rate="1" branch-rate="1" complexity="1">
              <lines>
                <line number="66" hits="2" branch="false" />
              </lines>
            </method>
            <method name=".ctor" signature="(pengdows.hangfire.PengdowsCrudJobStorage,System.TimeSpan)" line-rate="1" branch-rate="0.5" complexity="2">
              <lines>
                <line number="14" hits="3" branch="false" />
                <line number="20" hits="3" branch="true" condition-coverage="50% (1/2)" />
                <line number="21" hits="3" branch="false" />
                <line number="22" hits="3" branch="false" />
              </lines>
            </method>
            <method name=".cctor" signature="()" line-rate="1" branch-rate="1" complexity="1">
              <lines>
                <line number="11" hits="1" branch="false" />
              </lines>
            </method>
          </methods>
          <lines>
            <line number="11" hits="1" branch="false" />
            <line number="14" hits="3" branch="false" />
            <line number="20" hits="3" branch="true" condition-coverage="50% (1/2)" />
            <line number="21" hits="3" branch="false" />
            <line number="22" hits="3" branch="false" />
            <line number="28" hits="2" branch="false" />
            <line number="30" hits="2" branch="false" />
            <line number="32" hits="4" branch="false" />
            <line number="33" hits="4" branch="false" />
            <line number="34" hits="4" branch="false" />
            <line number="35" hits="4" branch="false" />
            <line number="36" hits="4" branch="false" />
            <line number="37" hits="2" branch="false" />
            <line number="38" hits="0" branch="false" />
            <line number="40" hits="0" branch="false" />
            <line number="41" hits="0" branch="false" />
            <line number="42" hits="0" branch="false" />
            <line number="43" hits="0" branch="false" />
            <line number="45" hits="2" branch="false" />
            <line number="46" hits="2" branch="false" />
            <line number="50" hits="10" branch="false" />
            <line number="56" hits="10" branch="false" />
            <line number="57" hits="10" branch="true" condition-coverage="100% (2/2)" />
            <line number="58" hits="10" branch="false" />
            <line number="59" hits="0" branch="false" />
            <line number="61" hits="0" branch="false" />
            <line number="62" hits="0" branch="false" />
            <line number="63" hits="10" branch="false" />
            <line number="64" hits="10" branch="false" />
            <line number="66" hits="2" branch="false" />
          </lines>
        </class>
        <class name="pengdows.hangfire.gateways.AggregatedCounterGateway" filename="/home/alaricd/prj/pengdows/pengdows.hangfire/pengdows.hangfire/Gateways/AggregatedCounterGateway.cs" line-rate="0.9705882352941176" branch-rate="0.9" complexity="12">
          <methods>
            <method name=".ctor" signature="(pengdows.crud.IDatabaseContext)" line-rate="1" branch-rate="1" complexity="1">
              <lines>
                <line number="9" hits="294" branch="false" />
              </lines>
            </method>
            <method name="DeleteExpiredAsync" signature="()" line-rate="0.9" branch-rate="0.5" complexity="2">
              <lines>
                <line number="54" hits="6" branch="false" />
                <line number="55" hits="6" branch="false" />
                <line number="56" hits="6" branch="false" />
                <line number="57" hits="6" branch="false" />
                <line number="58" hits="6" branch="false" />
                <line number="59" hits="6" branch="false" />
                <line number="60" hits="6" branch="true" condition-coverage="50% (1/2)" />
                <line number="62" hits="6" branch="false" />
                <line number="65" hits="0" branch="false" />
                <line number="66" hits="6" branch="false" />
              </lines>
            </method>
            <method name="GetTimelineAsync" signature="()" line-rate="1" branch-rate="1" complexity="8">
              <lines>
                <line number="13" hits="11" branch="false" />
                <line number="14" hits="11" branch="true" condition-coverage="100% (2/2)" />
                <line number="16" hits="1" branch="false" />
                <line number="19" hits="10" branch="false" />
                <line number="20" hits="10" branch="false" />
                <line number="21" hits="10" branch="false" />
                <line number="22" hits="10" branch="false" />
                <line number="23" hits="286" branch="true" condition-coverage="100% (2/2)" />
                <line number="25" hits="133" branch="true" condition-coverage="100% (2/2)" />
                <line number="27" hits="123" branch="false" />
                <line number="30" hits="133" branch="false" />
                <line number="32" hits="10" branch="false" />
                <line number="34" hits="10" branch="false" />
                <line number="35" hits="10" branch="true" condition-coverage="100% (2/2)" />
                <line number="37" hits="1" branch="false" />
                <line number="40" hits="9" branch="false" />
                <line number="41" hits="10" branch="false" />
              </lines>
            </method>
            <method name="GetValueAsync" signature="()" line-rate="1" branch-rate="1" complexity="1">
              <lines>
                <line number="45" hits="4" branch="false" />
                <line number="46" hits="4" branch="false" />
                <line number="47" hits="4" branch="false" />
                <line number="48" hits="4" branch="false" />
                <line number="49" hits="4" branch="false" />
                <line number="50" hits="4" branch="false" />
              </lines>
            </method>
          </methods>
          <lines>
            <line number="9" hits="294" branch="false" />
            <line number="13" hits="11" branch="false" />
            <line number="14" hits="11" branch="true" condition-coverage="100% (2/2)" />
            <line number="16" hits="1" branch="false" />
            <line number="19" hits="10" branch="false" />
            <line number="20" hits="10" branch="false" />
            <line number="21" hits="10" branch="false" />
            <line number="22" hits="10" branch="false" />
            <line number="23" hits="286" branch="true" condition-coverage="100% (2/2)" />
            <line number="25" hits="133" branch="true" condition-coverage="100% (2/2)" />
            <line number="27" hits="123" branch="false" />
            <line number="30" hits="133" branch="false" />
            <line number="32" hits="10" branch="false" />
            <line number="34" hits="10" branch="false" />
            <line number="35" hits="10" branch="true" condition-coverage="100% (2/2)" />
            <line number="37" hits="1" branch="false" />
            <line number="40" hits="9" branch="false" />
            <line number="41" hits="10" branch="false" />
            <line number="45" hits="4" branch="false" />
            <line number="46" hits="4" branch="false" />
            <line number="47" hits="4" branch="false" />
            <line number="48" hits="4" branch="false" />
            <line number="49" hits="4" branch="false" />
            <line number="50" hits="4" branch="false" />
            <line number="54" hits="6" branch="false" />
            <line number="55" hits="6" branch="false" />
            <line number="56" hits="6" branch="false" />
            <line number="57" hits="6" branch="false" />
            <line number="58" hits="6" branch="false" />
            <line number="59" hits="6" branch="false" />
            <line number="60" hits="6" branch="true" condition-coverage="50% (1/2)" />
            <line number="62" hits="6" branch="false" />
            <line number="65" hits="0" branch="false" />
            <line number="66" hits="6" branch="false" />
          </lines>
        </class>
        <class name="pengdows.hangfire.gateways.CounterGateway" filename="/home/alaricd/prj/pengdows/pengdows.hangfire/pengdows.hangfire/Gateways/CounterGateway.cs" line-rate="0.6590909090909091" branch-rate="0.8333333333333334" complexity="27">
          <methods>
            <method name=".ctor" signature="(pengdows.crud.IDatabaseContext)" line-rate="1" branch-rate="1" complexity="1">
              <lines>
                <line number="11" hits="286" branch="false" />
              </lines>
            </method>
            <method name="AggregateAsync" signature="()" line-rate="0.6428571428571429" branch-rate="0.8181818181818182" complexity="24">
              <lines>
                <line number="26" hits="8" branch="false" />
                <line number="27" hits="8" branch="false" />
                <line number="28" hits="8" branch="false" />
                <line number="29" hits="8" branch="false" />
                <line number="30" hits="8" branch="false" />
                <line number="31" hits="8" branch="false" />
                <line number="32" hits="8" branch="false" />
                <line number="33" hits="8" branch="false" />
                <line number="35" hits="8" branch="false" />
                <line number="36" hits="8" branch="false" />
                <line number="38" hits="12" branch="true" condition-coverage="100% (2/2)" />
                <line number="40" hits="5" branch="false" />
                <line number="44" hits="7" branch="true" condition-coverage="100% (2/2)" />
                <line number="46" hits="3" branch="false" />
                <line number="50" hits="4" branch="false" />
                <line number="51" hits="28" branch="false" />
                <line number="53" hits="4" branch="false" />
                <line number="54" hits="4" branch="true" condition-coverage="50% (1/2)" />
                <line number="56" hits="0" branch="false" />
                <line number="57" hits="0" branch="false" />
                <line number="58" hits="0" branch="false" />
                <line number="59" hits="0" branch="false" />
                <line number="60" hits="0" branch="false" />
                <line number="61" hits="0" branch="false" />
                <line number="62" hits="0" branch="false" />
                <line number="63" hits="0" branch="false" />
                <line number="64" hits="0" branch="false" />
                <line number="65" hits="0" branch="false" />
                <line number="67" hits="4" branch="true" condition-coverage="50% (1/2)" />
                <line number="70" hits="0" branch="false" />
                <line number="71" hits="0" branch="false" />
                <line number="72" hits="0" branch="false" />
                <line number="73" hits="0" branch="false" />
                <line number="74" hits="0" branch="false" />
                <line number="75" hits="0" branch="false" />
                <line number="76" hits="0" branch="false" />
                <line number="77" hits="0" branch="false" />
                <line number="78" hits="0" branch="false" />
                <line number="79" hits="0" branch="false" />
                <line number="80" hits="0" branch="false" />
                <line number="82" hits="4" branch="true" condition-coverage="100% (8/8)" />
                <line number="83" hits="4" branch="false" />
                <line number="84" hits="4" branch="false" />
                <line number="87" hits="3" branch="false" />
                <line number="88" hits="3" branch="false" />
                <line number="89" hits="3" branch="false" />
                <line number="90" hits="3" branch="false" />
                <line number="91" hits="3" branch="false" />
                <line number="92" hits="3" branch="false" />
                <line number="94" hits="1" branch="true" condition-coverage="50% (1/2)" />
                <line number="99" hits="1" branch="false" />
                <line number="100" hits="1" branch="false" />
                <line number="101" hits="1" branch="false" />
                <line number="102" hits="1" branch="false" />
                <line number="103" hits="1" branch="false" />
                <line number="104" hits="1" branch="false" />
                <line number="105" hits="1" branch="false" />
                <line number="106" hits="1" branch="false" />
                <line number="107" hits="1" branch="false" />
                <line number="108" hits="1" branch="false" />
                <line number="109" hits="1" branch="false" />
                <line number="110" hits="1" branch="false" />
                <line number="114" hits="0" branch="false" />
                <line number="115" hits="0" branch="false" />
                <line number="116" hits="0" branch="false" />
                <line number="117" hits="0" branch="false" />
                <line number="118" hits="0" branch="false" />
                <line number="119" hits="0" branch="false" />
                <line number="120" hits="0" branch="false" />
                <line number="121" hits="0" branch="false" />
                <line number="123" hits="4" branch="false" />
                <line number="124" hits="4" branch="false" />
                <line number="127" hits="8" branch="false" />
                <line number="128" hits="4" branch="false" />
                <line number="129" hits="4" branch="false" />
                <line number="130" hits="4" branch="false" />
                <line number="131" hits="16" branch="true" condition-coverage="100% (2/2)" />
                <line number="133" hits="4" branch="true" condition-coverage="50% (1/2)" />
                <line number="135" hits="0" branch="false" />
                <line number="137" hits="4" branch="false" />
                <line number="139" hits="4" branch="false" />
                <line number="140" hits="4" branch="false" />
                <line number="142" hits="4" branch="false" />
                <line number="143" hits="7" branch="false" />
              </lines>
            </method>
            <method name="AppendAsync" signature="()" line-rate="1" branch-rate="1" complexity="2">
              <lines>
                <line number="15" hits="9" branch="true" condition-coverage="100% (2/2)" />
                <line number="16" hits="9" branch="false" />
                <line number="17" hits="9" branch="false" />
              </lines>
            </method>
          </methods>
          <lines>
            <line number="11" hits="286" branch="false" />
            <line number="15" hits="9" branch="true" condition-coverage="100% (2/2)" />
            <line number="16" hits="9" branch="false" />
            <line number="17" hits="9" branch="false" />
            <line number="26" hits="8" branch="false" />
            <line number="27" hits="8" branch="false" />
            <line number="28" hits="8" branch="false" />
            <line number="29" hits="8" branch="false" />
            <line number="30" hits="8" branch="false" />
            <line number="31" hits="8" branch="false" />
            <line number="32" hits="8" branch="false" />
            <line number="33" hits="8" branch="false" />
            <line number="35" hits="8" branch="false" />
            <line number="36" hits="8" branch="false" />
            <line number="38" hits="12" branch="true" condition-coverage="100% (2/2)" />
            <line number="40" hits="5" branch="false" />
            <line number="44" hits="7" branch="true" condition-coverage="100% (2/2)" />
            <line number="46" hits="3" branch="false" />
            <line number="50" hits="4" branch="false" />
            <line number="51" hits="28" branch="false" />
            <line number="53" hits="4" branch="false" />
            <line number="54" hits="4" branch="true" condition-coverage="50% (1/2)" />
            <line number="56" hits="0" branch="false" />
            <line number="57" hits="0" branch="false" />
            <line number="58" hits="0" branch="false" />
            <line number="59" hits="0" branch="false" />
            <line number="60" hits="0" branch="false" />
            <line number="61" hits="0" branch="false" />
            <line number="62" hits="0" branch="false" />
            <line number="63" hits="0" branch="false" />
            <line number="64" hits="0" branch="false" />
            <line number="65" hits="0" branch="false" />
            <line number="67" hits="4" branch="true" condition-coverage="50% (1/2)" />
            <line number="70" hits="0" branch="false" />
            <line number="71" hits="0" branch="false" />
            <line number="72" hits="0" branch="false" />
            <line number="73" hits="0" branch="false" />
            <line number="74" hits="0" branch="false" />
            <line number="75" hits="0" branch="false" />
            <line number="76" hits="0" branch="false" />
            <line number="77" hits="0" branch="false" />
            <line number="78" hits="0" branch="false" />
            <line number="79" hits="0" branch="false" />
            <line number="80" hits="0" branch="false" />
            <line number="82" hits="4" branch="true" condition-coverage="100% (8/8)" />
            <line number="83" hits="4" branch="false" />
            <line number="84" hits="4" branch="false" />
            <line number="87" hits="3" branch="false" />
            <line number="88" hits="3" branch="false" />
            <line number="89" hits="3" branch="false" />
            <line number="90" hits="3" branch="false" />
            <line number="91" hits="3" branch="false" />
            <line number="92" hits="3" branch="false" />
            <line number="94" hits="1" branch="true" condition-coverage="50% (1/2)" />
            <line number="99" hits="1" branch="false" />
            <line number="100" hits="1" branch="false" />
            <line number="101" hits="1" branch="false" />
            <line number="102" hits="1" branch="false" />
            <line number="103" hits="1" branch="false" />
            <line number="104" hits="1" branch="false" />
            <line number="105" hits="1" branch="false" />
            <line number="106" hits="1" branch="false" />
            <line number="107" hits="1" branch="false" />
            <line number="108" hits="1" branch="false" />
            <line number="109" hits="1" branch="false" />
            <line number="110" hits="1" branch="false" />
            <line number="114" hits="0" branch="false" />
            <line number="115" hits="0" branch="false" />
            <line number="116" hits="0" branch="false" />
            <line number="117" hits="0" branch="false" />
            <line number="118" hits="0" branch="false" />
            <line number="119" hits="0" branch="false" />
            <line number="120" hits="0" branch="false" />
            <line number="121" hits="0" branch="false" />
            <line number="123" hits="4" branch="false" />
            <line number="124" hits="4" branch="false" />
            <line number="127" hits="8" branch="false" />
            <line number="128" hits="4" branch="false" />
            <line number="129" hits="4" branch="false" />
            <line number="130" hits="4" branch="false" />
            <line number="131" hits="16" branch="true" condition-coverage="100% (2/2)" />
            <line number="133" hits="4" branch="true" condition-coverage="50% (1/2)" />
            <line number="135" hits="0" branch="false" />
            <line number="137" hits="4" branch="false" />
            <line number="139" hits="4" branch="false" />
            <line number="140" hits="4" branch="false" />
            <line number="142" hits="4" branch="false" />
            <line number="143" hits="7" branch="false" />
          </lines>
        </class>
        <class name="pengdows.hangfire.gateways.DistributedLockGateway" filename="/home/alaricd/prj/pengdows/pengdows.hangfire/pengdows.hangfire/Gateways/DistributedLockGateway.cs" line-rate="0.4" branch-rate="0" complexity="7">
          <methods>
            <method name="BuildReleaseTemplate" signature="()" line-rate="1" branch-rate="1" complexity="1">
              <lines>
                <line number="108" hits="135" branch="false" />
                <line number="109" hits="135" branch="false" />
                <line number="110" hits="135" branch="false" />
                <line number="111" hits="135" branch="false" />
              </lines>
            </method>
            <method name=".ctor" signature="(pengdows.crud.IDatabaseContext)" line-rate="1" branch-rate="1" complexity="1">
              <lines>
                <line number="17" hits="135" branch="false" />
                <line number="19" hits="135" branch="false" />
                <line number="20" hits="135" branch="false" />
              </lines>
            </method>
            <method name="ReleaseAsync" signature="()" line-rate="1" branch-rate="1" complexity="1">
              <lines>
                <line number="96" hits="2" branch="false" />
                <line number="97" hits="2" branch="false" />
                <line number="98" hits="2" branch="false" />
                <line number="99" hits="2" branch="false" />
                <line number="100" hits="2" branch="false" />
              </lines>
            </method>
            <method name="TryAcquireAsync" signature="()" line-rate="0.8333333333333334" branch-rate="0" complexity="2">
              <lines>
                <line number="28" hits="2" branch="false" />
                <line number="29" hits="2" branch="false" />
                <line number="30" hits="2" branch="false" />
                <line number="31" hits="2" branch="false" />
                <line number="32" hits="2" branch="false" />
                <line number="33" hits="2" branch="false" />
                <line number="34" hits="2" branch="false" />
                <line number="37" hits="2" branch="false" />
                <line number="38" hits="2" branch="false" />
                <line number="42" hits="0" branch="false" />
                <line number="43" hits="0" branch="true" condition-coverage="0% (0/2)" />
                <line number="45" hits="2" branch="false" />
              </lines>
            </method>
            <method name="TryRenewAsync" signature="()" line-rate="0" branch-rate="1" complexity="1">
              <lines>
                <line number="76" hits="0" branch="false" />
                <line number="77" hits="0" branch="false" />
                <line number="78" hits="0" branch="false" />
                <line number="79" hits="0" branch="false" />
                <line number="80" hits="0" branch="false" />
                <line number="81" hits="0" branch="false" />
                <line number="82" hits="0" branch="false" />
                <line number="83" hits="0" branch="false" />
                <line number="84" hits="0" branch="false" />
                <line number="85" hits="0" branch="false" />
                <line number="86" hits="0" branch="false" />
                <line number="87" hits="0" branch="false" />
                <line number="88" hits="0" branch="false" />
                <line number="89" hits="0" branch="false" />
                <line number="90" hits="0" branch="false" />
              </lines>
            </method>
            <method name="TryUpdateExpiredAsync" signature="()" line-rate="0" branch-rate="1" complexity="1">
              <lines>
                <line number="53" hits="0" branch="false" />
                <line number="54" hits="0" branch="false" />
                <line number="55" hits="0" branch="false" />
                <line number="56" hits="0" branch="false" />
                <line number="57" hits="0" branch="false" />
                <line number="58" hits="0" branch="false" />
                <line number="59" hits="0" branch="false" />
                <line number="60" hits="0" branch="false" />
                <line number="61" hits="0" branch="false" />
                <line number="62" hits="0" branch="false" />
                <line number="63" hits="0" branch="false" />
                <line number="64" hits="0" branch="false" />
                <line number="65" hits="0" branch="false" />
                <line number="66" hits="0" branch="false" />
                <line number="67" hits="0" branch="false" />
                <line number="68" hits="0" branch="false" />
              </lines>
            </method>
          </methods>
          <lines>
            <line number="17" hits="135" branch="false" />
            <line number="19" hits="135" branch="false" />
            <line number="20" hits="135" branch="false" />
            <line number="28" hits="2" branch="false" />
            <line number="29" hits="2" branch="false" />
            <line number="30" hits="2" branch="false" />
            <line number="31" hits="2" branch="false" />
            <line number="32" hits="2" branch="false" />
            <line number="33" hits="2" branch="false" />
            <line number="34" hits="2" branch="false" />
            <line number="37" hits="2" branch="false" />
            <line number="38" hits="2" branch="false" />
            <line number="42" hits="0" branch="false" />
            <line number="43" hits="0" branch="true" condition-coverage="0% (0/2)" />
            <line number="45" hits="2" branch="false" />
            <line number="53" hits="0" branch="false" />
            <line number="54" hits="0" branch="false" />
            <line number="55" hits="0" branch="false" />
            <line number="56" hits="0" branch="false" />
            <line number="57" hits="0" branch="false" />
            <line number="58" hits="0" branch="false" />
            <line number="59" hits="0" branch="false" />
            <line number="60" hits="0" branch="false" />
            <line number="61" hits="0" branch="false" />
            <line number="62" hits="0" branch="false" />
            <line number="63" hits="0" branch="false" />
            <line number="64" hits="0" branch="false" />
            <line number="65" hits="0" branch="false" />
            <line number="66" hits="0" branch="false" />
            <line number="67" hits="0" branch="false" />
            <line number="68" hits="0" branch="false" />
            <line number="76" hits="0" branch="false" />
            <line number="77" hits="0" branch="false" />
            <line number="78" hits="0" branch="false" />
            <line number="79" hits="0" branch="false" />
            <line number="80" hits="0" branch="false" />
            <line number="81" hits="0" branch="false" />
            <line number="82" hits="0" branch="false" />
            <line number="83" hits="0" branch="false" />
            <line number="84" hits="0" branch="false" />
            <line number="85" hits="0" branch="false" />
            <line number="86" hits="0" branch="false" />
            <line number="87" hits="0" branch="false" />
            <line number="88" hits="0" branch="false" />
            <line number="89" hits="0" branch="false" />
            <line number="90" hits="0" branch="false" />
            <line number="96" hits="2" branch="false" />
            <line number="97" hits="2" branch="false" />
            <line number="98" hits="2" branch="false" />
            <line number="99" hits="2" branch="false" />
            <line number="100" hits="2" branch="false" />
            <line number="108" hits="135" branch="false" />
            <line number="109" hits="135" branch="false" />
            <line number="110" hits="135" branch="false" />
            <line number="111" hits="135" branch="false" />
          </lines>
        </class>
        <class name="pengdows.hangfire.gateways.HashGateway" filename="/home/alaricd/prj/pengdows/pengdows.hangfire/pengdows.hangfire/Gateways/HashGateway.cs" line-rate="0.9074074074074074" branch-rate="0.6428571428571429" complexity="17">
          <methods>
            <method name=".ctor" signature="(pengdows.crud.IDatabaseContext)" line-rate="1" branch-rate="1" complexity="1">
              <lines>
                <line number="9" hits="308" branch="false" />
              </lines>
            </method>
            <method name="DeleteAllForKeyAsync" signature="()" line-rate="1" branch-rate="1" complexity="2">
              <lines>
                <line number="57" hits="2" branch="true" condition-coverage="100% (2/2)" />
                <line number="58" hits="2" branch="false" />
                <line number="59" hits="2" branch="false" />
                <line number="60" hits="2" branch="false" />
                <line number="61" hits="2" branch="false" />
              </lines>
            </method>
            <method name="DeleteExpiredAsync" signature="()" line-rate="0.9" branch-rate="0.5" complexity="2">
              <lines>
                <line number="76" hits="10" branch="false" />
                <line number="77" hits="10" branch="false" />
                <line number="78" hits="10" branch="false" />
                <line number="79" hits="10" branch="false" />
                <line number="80" hits="10" branch="false" />
                <line number="81" hits="10" branch="false" />
                <line number="82" hits="10" branch="true" condition-coverage="50% (1/2)" />
                <line number="84" hits="10" branch="false" />
                <line number="87" hits="0" branch="false" />
                <line number="88" hits="10" branch="false" />
              </lines>
            </method>
            <method name="GetAllEntriesAsync" signature="()" line-rate="1" branch-rate="1" complexity="1">
              <lines>
                <line number="13" hits="3" branch="false" />
                <line number="14" hits="3" branch="false" />
                <line number="15" hits="3" branch="false" />
                <line number="16" hits="3" branch="false" />
                <line number="17" hits="3" branch="false" />
                <line number="18" hits="3" branch="false" />
              </lines>
            </method>
            <method name="GetCountAsync" signature="()" line-rate="1" branch-rate="1" complexity="1">
              <lines>
                <line number="33" hits="2" branch="false" />
                <line number="34" hits="2" branch="false" />
                <line number="35" hits="2" branch="false" />
                <line number="36" hits="2" branch="false" />
                <line number="37" hits="2" branch="false" />
              </lines>
            </method>
            <method name="GetTtlAsync" signature="()" line-rate="0.6363636363636364" branch-rate="0.25" complexity="4">
              <lines>
                <line number="41" hits="3" branch="false" />
                <line number="42" hits="3" branch="false" />
                <line number="43" hits="3" branch="false" />
                <line number="44" hits="3" branch="false" />
                <line number="45" hits="3" branch="true" condition-coverage="50% (1/2)" />
                <line number="47" hits="3" branch="false" />
                <line number="49" hits="0" branch="true" condition-coverage="0% (0/2)" />
                <line number="50" hits="0" branch="false" />
                <line number="51" hits="0" branch="false" />
                <line number="52" hits="0" branch="false" />
                <line number="53" hits="3" branch="false" />
              </lines>
            </method>
            <method name="GetValueAsync" signature="()" line-rate="1" branch-rate="0.5" complexity="2">
              <lines>
                <line number="22" hits="3" branch="false" />
                <line number="23" hits="3" branch="false" />
                <line number="24" hits="3" branch="false" />
                <line number="25" hits="3" branch="false" />
                <line number="26" hits="3" branch="false" />
                <line number="27" hits="3" branch="false" />
                <line number="28" hits="3" branch="true" condition-coverage="50% (1/2)" />
                <line number="29" hits="3" branch="false" />
              </lines>
            </method>
            <method name="UpdateExpireAtAsync" signature="()" line-rate="1" branch-rate="1" complexity="4">
              <lines>
                <line number="65" hits="4" branch="true" condition-coverage="100% (2/2)" />
                <line number="66" hits="4" branch="false" />
                <line number="67" hits="4" branch="true" condition-coverage="100% (2/2)" />
                <line number="68" hits="4" branch="false" />
                <line number="69" hits="4" branch="false" />
                <line number="70" hits="4" branch="false" />
                <line number="71" hits="4" branch="false" />
                <line number="72" hits="4" branch="false" />
              </lines>
            </method>
          </methods>
          <lines>
            <line number="9" hits="308" branch="false" />
            <line number="13" hits="3" branch="false" />
            <line number="14" hits="3" branch="false" />
            <line number="15" hits="3" branch="false" />
            <line number="16" hits="3" branch="false" />
            <line number="17" hits="3" branch="false" />
            <line number="18" hits="3" branch="false" />
            <line number="22" hits="3" branch="false" />
            <line number="23" hits="3" branch="false" />
            <line number="24" hits="3" branch="false" />
            <line number="25" hits="3" branch="false" />
            <line number="26" hits="3" branch="false" />
            <line number="27" hits="3" branch="false" />
            <line number="28" hits="3" branch="true" condition-coverage="50% (1/2)" />
            <line number="29" hits="3" branch="false" />
            <line number="33" hits="2" branch="false" />
            <line number="34" hits="2" branch="false" />
            <line number="35" hits="2" branch="false" />
            <line number="36" hits="2" branch="false" />
            <line number="37" hits="2" branch="false" />
            <line number="41" hits="3" branch="false" />
            <line number="42" hits="3" branch="false" />
            <line number="43" hits="3" branch="false" />
            <line number="44" hits="3" branch="false" />
            <line number="45" hits="3" branch="true" condition-coverage="50% (1/2)" />
            <line number="47" hits="3" branch="false" />
            <line number="49" hits="0" branch="true" condition-coverage="0% (0/2)" />
            <line number="50" hits="0" branch="false" />
            <line number="51" hits="0" branch="false" />
            <line number="52" hits="0" branch="false" />
            <line number="53" hits="3" branch="false" />
            <line number="57" hits="2" branch="true" condition-coverage="100% (2/2)" />
            <line number="58" hits="2" branch="false" />
            <line number="59" hits="2" branch="false" />
            <line number="60" hits="2" branch="false" />
            <line number="61" hits="2" branch="false" />
            <line number="65" hits="4" branch="true" condition-coverage="100% (2/2)" />
            <line number="66" hits="4" branch="false" />
            <line number="67" hits="4" branch="true" condition-coverage="100% (2/2)" />
            <line number="68" hits="4" branch="false" />
            <line number="69" hits="4" branch="false" />
            <line number="70" hits="4" branch="false" />
            <line number="71" hits="4" branch="false" />
            <line number="72" hits="4" branch="false" />
            <line number="76" hits="10" branch="false" />
            <line number="77" hits="10" branch="false" />
            <line number="78" hits="10" branch="false" />
            <line number="79" hits="10" branch="false" />
            <line number="80" hits="10" branch="false" />
            <line number="81" hits="10" branch="false" />
            <line number="82" hits="10" branch="true" condition-coverage="50% (1/2)" />
            <line number="84" hits="10" branch="false" />
            <line number="87" hits="0" branch="false" />
            <line number="88" hits="10" branch="false" />
          </lines>
        </class>
        <class name="pengdows.hangfire.gateways.JobGateway" filename="/home/alaricd/prj/pengdows/pengdows.hangfire/pengdows.hangfire/Gateways/JobGateway.cs" line-rate="0.9782608695652174" branch-rate="0.9" complexity="12">
          <methods>
            <method name=".ctor" signature="(pengdows.crud.IDatabaseContext)" line-rate="1" branch-rate="1" complexity="1">
              <lines>
                <line number="9" hits="298" branch="false" />
              </lines>
            </method>
            <method name="DeleteExpiredAsync" signature="()" line-rate="0.9" branch-rate="0.5" complexity="2">
              <lines>
                <line number="60" hits="10" branch="false" />
                <line number="61" hits="10" branch="false" />
                <line number="62" hits="10" branch="false" />
                <line number="63" hits="10" branch="false" />
                <line number="64" hits="10" branch="false" />
                <line number="65" hits="10" branch="false" />
                <line number="66" hits="10" branch="true" condition-coverage="50% (1/2)" />
                <line number="68" hits="10" branch="false" />
                <line number="71" hits="0" branch="false" />
                <line number="72" hits="10" branch="false" />
              </lines>
            </method>
            <method name="GetPagedByStateAsync" signature="()" line-rate="1" branch-rate="1" complexity="1">
              <lines>
                <line number="49" hits="2" branch="false" />
                <line number="50" hits="2" branch="false" />
                <line number="51" hits="2" branch="false" />
                <line number="52" hits="2" branch="false" />
                <line number="53" hits="2" branch="false" />
                <line number="54" hits="2" branch="false" />
                <line number="55" hits="2" branch="false" />
                <line number="56" hits="2" branch="false" />
              </lines>
            </method>
            <method name="UpdateExpireAtAsync" signature="()" line-rate="1" branch-rate="1" complexity="4">
              <lines>
                <line number="13" hits="4" branch="true" condition-coverage="100% (2/2)" />
                <line number="14" hits="4" branch="false" />
                <line number="15" hits="4" branch="true" condition-coverage="100% (2/2)" />
                <line number="16" hits="4" branch="false" />
                <line number="17" hits="4" branch="false" />
                <line number="18" hits="4" branch="false" />
                <line number="19" hits="4" branch="false" />
                <line number="20" hits="4" branch="false" />
              </lines>
            </method>
            <method name="UpdateStateAsync" signature="()" line-rate="1" branch-rate="1" complexity="2">
              <lines>
                <line number="35" hits="1" branch="true" condition-coverage="100% (2/2)" />
                <line number="36" hits="1" branch="false" />
                <line number="37" hits="1" branch="false" />
                <line number="38" hits="1" branch="false" />
                <line number="39" hits="1" branch="false" />
                <line number="40" hits="1" branch="false" />
                <line number="41" hits="1" branch="false" />
                <line number="42" hits="1" branch="false" />
                <line number="43" hits="1" branch="false" />
                <line number="44" hits="1" branch="false" />
                <line number="45" hits="1" branch="false" />
              </lines>
            </method>
            <method name="UpdateStateNameAsync" signature="()" line-rate="1" branch-rate="1" complexity="2">
              <lines>
                <line number="24" hits="2" branch="true" condition-coverage="100% (2/2)" />
                <line number="25" hits="2" branch="false" />
                <line number="26" hits="2" branch="false" />
                <line number="27" hits="2" branch="false" />
                <line number="28" hits="2" branch="false" />
                <line number="29" hits="2" branch="false" />
                <line number="30" hits="2" branch="false" />
                <line number="31" hits="2" branch="false" />
              </lines>
            </method>
          </methods>
          <lines>
            <line number="9" hits="298" branch="false" />
            <line number="13" hits="4" branch="true" condition-coverage="100% (2/2)" />
            <line number="14" hits="4" branch="false" />
            <line number="15" hits="4" branch="true" condition-coverage="100% (2/2)" />
            <line number="16" hits="4" branch="false" />
            <line number="17" hits="4" branch="false" />
            <line number="18" hits="4" branch="false" />
            <line number="19" hits="4" branch="false" />
            <line number="20" hits="4" branch="false" />
            <line number="24" hits="2" branch="true" condition-coverage="100% (2/2)" />
            <line number="25" hits="2" branch="false" />
            <line number="26" hits="2" branch="false" />
            <line number="27" hits="2" branch="false" />
            <line number="28" hits="2" branch="false" />
            <line number="29" hits="2" branch="false" />
            <line number="30" hits="2" branch="false" />
            <line number="31" hits="2" branch="false" />
            <line number="35" hits="1" branch="true" condition-coverage="100% (2/2)" />
            <line number="36" hits="1" branch="false" />
            <line number="37" hits="1" branch="false" />
            <line number="38" hits="1" branch="false" />
            <line number="39" hits="1" branch="false" />
            <line number="40" hits="1" branch="false" />
            <line number="41" hits="1" branch="false" />
            <line number="42" hits="1" branch="false" />
            <line number="43" hits="1" branch="false" />
            <line number="44" hits="1" branch="false" />
            <line number="45" hits="1" branch="false" />
            <line number="49" hits="2" branch="false" />
            <line number="50" hits="2" branch="false" />
            <line number="51" hits="2" branch="false" />
            <line number="52" hits="2" branch="false" />
            <line number="53" hits="2" branch="false" />
            <line number="54" hits="2" branch="false" />
            <line number="55" hits="2" branch="false" />
            <line number="56" hits="2" branch="false" />
            <line number="60" hits="10" branch="false" />
            <line number="61" hits="10" branch="false" />
            <line number="62" hits="10" branch="false" />
            <line number="63" hits="10" branch="false" />
            <line number="64" hits="10" branch="false" />
            <line number="65" hits="10" branch="false" />
            <line number="66" hits="10" branch="true" condition-coverage="50% (1/2)" />
            <line number="68" hits="10" branch="false" />
            <line number="71" hits="0" branch="false" />
            <line number="72" hits="10" branch="false" />
          </lines>
        </class>
        <class name="pengdows.hangfire.gateways.JobParameterGateway" filename="/home/alaricd/prj/pengdows/pengdows.hangfire/pengdows.hangfire/Gateways/JobParameterGateway.cs" line-rate="1" branch-rate="1" complexity="2">
          <methods>
            <method name=".ctor" signature="(pengdows.crud.IDatabaseContext)" line-rate="1" branch-rate="1" complexity="1">
              <lines>
                <line number="9" hits="274" branch="false" />
              </lines>
            </method>
            <method name="GetAllForJobAsync" signature="()" line-rate="1" branch-rate="1" complexity="1">
              <lines>
                <line number="13" hits="3" branch="false" />
                <line number="14" hits="3" branch="false" />
                <line number="15" hits="3" branch="false" />
                <line number="16" hits="3" branch="false" />
                <line number="17" hits="3" branch="false" />
                <line number="18" hits="3" branch="false" />
              </lines>
            </method>
          </methods>
          <lines>
            <line number="9" hits="274" branch="false" />
            <line number="13" hits="3" branch="false" />
            <line number="14" hits="3" branch="false" />
            <line number="15" hits="3" branch="false" />
            <line number="16" hits="3" branch="false" />
            <line number="17" hits="3" branch="false" />
            <line number="18" hits="3" branch="false" />
          </lines>
        </class>
        <class name="pengdows.hangfire.gateways.JobQueueGateway" filename="/home/alaricd/prj/pengdows/pengdows.hangfire/pengdows.hangfire/Gateways/JobQueueGateway.cs" line-rate="0.9324324324324325" branch-rate="0.8125" complexity="19">
          <methods>
            <method name=".ctor" signature="(pengdows.crud.IDatabaseContext)" line-rate="1" branch-rate="1" complexity="1">
              <lines>
                <line number="14" hits="288" branch="false" />
              </lines>
            </method>
            <method name="AcknowledgeAsync" signature="()" line-rate="1" branch-rate="1" complexity="1">
              <lines>
                <line number="18" hits="3" branch="false" />
                <line number="19" hits="3" branch="false" />
                <line number="20" hits="3" branch="false" />
                <line number="21" hits="3" branch="false" />
                <line number="22" hits="3" branch="false" />
                <line number="23" hits="3" branch="false" />
                <line number="24" hits="3" branch="false" />
              </lines>
            </method>
            <method name="FetchNextJobAsync" signature="()" line-rate="0.8809523809523809" branch-rate="0.75" complexity="12">
              <lines>
                <line number="63" hits="14" branch="true" condition-coverage="100% (2/2)" />
                <line number="65" hits="4" branch="false" />
                <line number="67" hits="3" branch="true" condition-coverage="50% (1/2)" />
                <line number="68" hits="3" branch="false" />
                <line number="69" hits="3" branch="false" />
                <line number="73" hits="3" branch="false" />
                <line number="74" hits="3" branch="false" />
                <line number="75" hits="3" branch="false" />
                <line number="76" hits="3" branch="false" />
                <line number="77" hits="3" branch="false" />
                <line number="78" hits="3" branch="false" />
                <line number="79" hits="3" branch="false" />
                <line number="80" hits="3" branch="false" />
                <line number="81" hits="3" branch="false" />
                <line number="82" hits="3" branch="false" />
                <line number="87" hits="3" branch="false" />
                <line number="89" hits="3" branch="true" condition-coverage="100% (2/2)" />
                <line number="91" hits="1" branch="false" />
                <line number="92" hits="1" branch="false" />
                <line number="94" hits="2" branch="false" />
                <line number="95" hits="2" branch="false" />
                <line number="96" hits="2" branch="false" />
                <line number="101" hits="2" branch="false" />
                <line number="102" hits="2" branch="false" />
                <line number="103" hits="2" branch="false" />
                <line number="104" hits="2" branch="false" />
                <line number="105" hits="2" branch="false" />
                <line number="106" hits="2" branch="false" />
                <line number="107" hits="2" branch="false" />
                <line number="108" hits="2" branch="false" />
                <line number="110" hits="2" branch="true" condition-coverage="100% (2/2)" />
                <line number="112" hits="1" branch="false" />
                <line number="113" hits="1" branch="false" />
                <line number="116" hits="1" branch="false" />
                <line number="117" hits="1" branch="true" condition-coverage="50% (2/4)" />
                <line number="118" hits="0" branch="false" />
                <line number="119" hits="0" branch="false" />
                <line number="121" hits="0" branch="false" />
                <line number="122" hits="0" branch="false" />
                <line number="124" hits="0" branch="false" />
                <line number="126" hits="2" branch="false" />
                <line number="127" hits="3" branch="false" />
              </lines>
            </method>
            <method name="GetDistinctQueuesAsync" signature="()" line-rate="1" branch-rate="1" complexity="2">
              <lines>
                <line number="39" hits="3" branch="false" />
                <line number="40" hits="3" branch="false" />
                <line number="41" hits="3" branch="false" />
                <line number="42" hits="3" branch="false" />
                <line number="43" hits="5" branch="true" condition-coverage="100% (2/2)" />
                <line number="45" hits="2" branch="false" />
                <line number="47" hits="3" branch="false" />
                <line number="48" hits="3" branch="false" />
              </lines>
            </method>
            <method name="GetPagedByQueueAsync" signature="()" line-rate="1" branch-rate="1" complexity="2">
              <lines>
                <line number="52" hits="6" branch="false" />
                <line number="53" hits="6" branch="false" />
                <line number="54" hits="6" branch="false" />
                <line number="55" hits="6" branch="true" condition-coverage="100% (2/2)" />
                <line number="56" hits="6" branch="false" />
                <line number="57" hits="6" branch="false" />
                <line number="58" hits="6" branch="false" />
                <line number="59" hits="6" branch="false" />
              </lines>
            </method>
            <method name="RequeueAsync" signature="()" line-rate="1" branch-rate="1" complexity="1">
              <lines>
                <line number="28" hits="4" branch="false" />
                <line number="29" hits="4" branch="false" />
                <line number="30" hits="4" branch="false" />
                <line number="31" hits="4" branch="false" />
                <line number="32" hits="4" branch="false" />
                <line number="33" hits="4" branch="false" />
                <line number="34" hits="4" branch="false" />
                <line number="35" hits="4" branch="false" />
              </lines>
            </method>
          </methods>
          <lines>
            <line number="14" hits="288" branch="false" />
            <line number="18" hits="3" branch="false" />
            <line number="19" hits="3" branch="false" />
            <line number="20" hits="3" branch="false" />
            <line number="21" hits="3" branch="false" />
            <line number="22" hits="3" branch="false" />
            <line number="23" hits="3" branch="false" />
            <line number="24" hits="3" branch="false" />
            <line number="28" hits="4" branch="false" />
            <line number="29" hits="4" branch="false" />
            <line number="30" hits="4" branch="false" />
            <line number="31" hits="4" branch="false" />
            <line number="32" hits="4" branch="false" />
            <line number="33" hits="4" branch="false" />
            <line number="34" hits="4" branch="false" />
            <line number="35" hits="4" branch="false" />
            <line number="39" hits="3" branch="false" />
            <line number="40" hits="3" branch="false" />
            <line number="41" hits="3" branch="false" />
            <line number="42" hits="3" branch="false" />
            <line number="43" hits="5" branch="true" condition-coverage="100% (2/2)" />
            <line number="45" hits="2" branch="false" />
            <line number="47" hits="3" branch="false" />
            <line number="48" hits="3" branch="false" />
            <line number="52" hits="6" branch="false" />
            <line number="53" hits="6" branch="false" />
            <line number="54" hits="6" branch="false" />
            <line number="55" hits="6" branch="true" condition-coverage="100% (2/2)" />
            <line number="56" hits="6" branch="false" />
            <line number="57" hits="6" branch="false" />
            <line number="58" hits="6" branch="false" />
            <line number="59" hits="6" branch="false" />
            <line number="63" hits="14" branch="true" condition-coverage="100% (2/2)" />
            <line number="65" hits="4" branch="false" />
            <line number="67" hits="3" branch="true" condition-coverage="50% (1/2)" />
            <line number="68" hits="3" branch="false" />
            <line number="69" hits="3" branch="false" />
            <line number="73" hits="3" branch="false" />
            <line number="74" hits="3" branch="false" />
            <line number="75" hits="3" branch="false" />
            <line number="76" hits="3" branch="false" />
            <line number="77" hits="3" branch="false" />
            <line number="78" hits="3" branch="false" />
            <line number="79" hits="3" branch="false" />
            <line number="80" hits="3" branch="false" />
            <line number="81" hits="3" branch="false" />
            <line number="82" hits="3" branch="false" />
            <line number="87" hits="3" branch="false" />
            <line number="89" hits="3" branch="true" condition-coverage="100% (2/2)" />
            <line number="91" hits="1" branch="false" />
            <line number="92" hits="1" branch="false" />
            <line number="94" hits="2" branch="false" />
            <line number="95" hits="2" branch="false" />
            <line number="96" hits="2" branch="false" />
            <line number="101" hits="2" branch="false" />
            <line number="102" hits="2" branch="false" />
            <line number="103" hits="2" branch="false" />
            <line number="104" hits="2" branch="false" />
            <line number="105" hits="2" branch="false" />
            <line number="106" hits="2" branch="false" />
            <line number="107" hits="2" branch="false" />
            <line number="108" hits="2" branch="false" />
            <line number="110" hits="2" branch="true" condition-coverage="100% (2/2)" />
            <line number="112" hits="1" branch="false" />
            <line number="113" hits="1" branch="false" />
            <line number="116" hits="1" branch="false" />
            <line number="117" hits="1" branch="true" condition-coverage="50% (2/4)" />
            <line number="118" hits="0" branch="false" />
            <line number="119" hits="0" branch="false" />
            <line number="121" hits="0" branch="false" />
            <line number="122" hits="0" branch="false" />
            <line number="124" hits="0" branch="false" />
            <line number="126" hits="2" branch="false" />
            <line number="127" hits="3" branch="false" />
          </lines>
        </class>
        <class name="pengdows.hangfire.gateways.JobStateGateway" filename="/home/alaricd/prj/pengdows/pengdows.hangfire/pengdows.hangfire/Gateways/JobStateGateway.cs" line-rate="1" branch-rate="1" complexity="3">
          <methods>
            <method name=".ctor" signature="(pengdows.crud.IDatabaseContext)" line-rate="1" branch-rate="1" complexity="1">
              <lines>
                <line number="9" hits="278" branch="false" />
              </lines>
            </method>
            <method name="GetAllForJobAsync" signature="()" line-rate="1" branch-rate="1" complexity="1">
              <lines>
                <line number="22" hits="3" branch="false" />
                <line number="23" hits="3" branch="false" />
                <line number="24" hits="3" branch="false" />
                <line number="25" hits="3" branch="false" />
                <line number="26" hits="3" branch="false" />
                <line number="27" hits="3" branch="false" />
              </lines>
            </method>
            <method name="GetLatestAsync" signature="()" line-rate="1" branch-rate="1" complexity="1">
              <lines>
                <line number="13" hits="3" branch="false" />
                <line number="14" hits="3" branch="false" />
                <line number="15" hits="3" branch="false" />
                <line number="16" hits="3" branch="false" />
                <line number="17" hits="3" branch="false" />
                <line number="18" hits="3" branch="false" />
              </lines>
            </method>
          </methods>
          <lines>
            <line number="9" hits="278" branch="false" />
            <line number="13" hits="3" branch="false" />
            <line number="14" hits="3" branch="false" />
            <line number="15" hits="3" branch="false" />
            <line number="16" hits="3" branch="false" />
            <line number="17" hits="3" branch="false" />
            <line number="18" hits="3" branch="false" />
            <line number="22" hits="3" branch="false" />
            <line number="23" hits="3" branch="false" />
            <line number="24" hits="3" branch="false" />
            <line number="25" hits="3" branch="false" />
            <line number="26" hits="3" branch="false" />
            <line number="27" hits="3" branch="false" />
          </lines>
        </class>
        <class name="pengdows.hangfire.gateways.ListGateway" filename="/home/alaricd/prj/pengdows/pengdows.hangfire/pengdows.hangfire/Gateways/ListGateway.cs" line-rate="0.9090909090909091" branch-rate="0.7" complexity="30">
          <methods>
            <method name=".ctor" signature="(pengdows.crud.IDatabaseContext)" line-rate="1" branch-rate="1" complexity="1">
              <lines>
                <line number="9" hits="312" branch="false" />
              </lines>
            </method>
            <method name="AppendAsync" signature="()" line-rate="1" branch-rate="1" complexity="2">
              <lines>
                <line number="13" hits="2" branch="true" condition-coverage="100% (2/2)" />
                <line number="14" hits="2" branch="false" />
                <line number="15" hits="2" branch="false" />
              </lines>
            </method>
            <method name="DeleteByKeyValueAsync" signature="()" line-rate="0.75" branch-rate="0.75" complexity="4">
              <lines>
                <line number="19" hits="2" branch="true" condition-coverage="100% (2/2)" />
                <line number="20" hits="2" branch="false" />
                <line number="21" hits="2" branch="false" />
                <line number="22" hits="2" branch="false" />
                <line number="23" hits="2" branch="false" />
                <line number="24" hits="2" branch="true" condition-coverage="50% (1/2)" />
                <line number="27" hits="0" branch="false" />
                <line number="28" hits="0" branch="false" />
                <line number="29" hits="0" branch="false" />
                <line number="33" hits="2" branch="false" />
                <line number="35" hits="2" branch="false" />
                <line number="36" hits="2" branch="false" />
              </lines>
            </method>
            <method name="DeleteExpiredAsync" signature="()" line-rate="0.9" branch-rate="0.5" complexity="2">
              <lines>
                <line number="133" hits="10" branch="false" />
                <line number="134" hits="10" branch="false" />
                <line number="135" hits="10" branch="false" />
                <line number="136" hits="10" branch="false" />
                <line number="137" hits="10" branch="false" />
                <line number="138" hits="10" branch="false" />
                <line number="139" hits="10" branch="true" condition-coverage="50% (1/2)" />
                <line number="141" hits="10" branch="false" />
                <line number="144" hits="0" branch="false" />
                <line number="145" hits="10" branch="false" />
              </lines>
            </method>
            <method name="GetAllAsync" signature="()" line-rate="1" branch-rate="0" complexity="1">
              <lines>
                <line number="112" hits="3" branch="false" />
                <line number="113" hits="3" branch="false" />
                <line number="114" hits="3" branch="false" />
                <line number="115" hits="3" branch="false" />
                <line number="116" hits="3" branch="false" />
                <line number="117" hits="3" branch="true" condition-coverage="0% (0/2)" />
                <line number="118" hits="3" branch="false" />
              </lines>
            </method>
            <method name="GetCountAsync" signature="()" line-rate="1" branch-rate="1" complexity="1">
              <lines>
                <line number="77" hits="2" branch="false" />
                <line number="78" hits="2" branch="false" />
                <line number="79" hits="2" branch="false" />
                <line number="80" hits="2" branch="false" />
                <line number="81" hits="2" branch="false" />
              </lines>
            </method>
            <method name="GetRangeAsync" signature="()" line-rate="1" branch-rate="0" complexity="1">
              <lines>
                <line number="101" hits="2" branch="false" />
                <line number="102" hits="2" branch="false" />
                <line number="103" hits="2" branch="false" />
                <line number="104" hits="2" branch="false" />
                <line number="105" hits="2" branch="false" />
                <line number="106" hits="2" branch="false" />
                <line number="107" hits="2" branch="true" condition-coverage="0% (0/2)" />
                <line number="108" hits="2" branch="false" />
              </lines>
            </method>
            <method name="GetTtlAsync" signature="()" line-rate="0.6363636363636364" branch-rate="0.25" complexity="4">
              <lines>
                <line number="85" hits="2" branch="false" />
                <line number="86" hits="2" branch="false" />
                <line number="87" hits="2" branch="false" />
                <line number="88" hits="2" branch="false" />
                <line number="89" hits="2" branch="true" condition-coverage="50% (1/2)" />
                <line number="91" hits="2" branch="false" />
                <line number="93" hits="0" branch="true" condition-coverage="0% (0/2)" />
                <line number="94" hits="0" branch="false" />
                <line number="95" hits="0" branch="false" />
                <line number="96" hits="0" branch="false" />
                <line number="97" hits="2" branch="false" />
              </lines>
            </method>
            <method name="TrimAsync" signature="()" line-rate="1" branch-rate="1" complexity="10">
              <lines>
                <line number="40" hits="5" branch="true" condition-coverage="100% (2/2)" />
                <line number="41" hits="5" branch="false" />
                <line number="42" hits="5" branch="false" />
                <line number="43" hits="5" branch="false" />
                <line number="45" hits="5" branch="true" condition-coverage="100% (6/6)" />
                <line number="46" hits="5" branch="false" />
                <line number="47" hits="5" branch="false" />
                <line number="49" hits="5" branch="true" condition-coverage="100% (2/2)" />
                <line number="54" hits="3" branch="false" />
                <line number="55" hits="3" branch="false" />
                <line number="56" hits="3" branch="false" />
                <line number="57" hits="3" branch="false" />
                <line number="58" hits="3" branch="false" />
                <line number="59" hits="3" branch="false" />
                <line number="60" hits="3" branch="false" />
                <line number="64" hits="2" branch="false" />
                <line number="65" hits="2" branch="false" />
                <line number="66" hits="2" branch="false" />
                <line number="67" hits="2" branch="false" />
                <line number="68" hits="2" branch="false" />
                <line number="69" hits="2" branch="false" />
                <line number="72" hits="5" branch="false" />
                <line number="73" hits="5" branch="false" />
              </lines>
            </method>
            <method name="UpdateExpireAtAsync" signature="()" line-rate="1" branch-rate="1" complexity="4">
              <lines>
                <line number="122" hits="3" branch="true" condition-coverage="100% (2/2)" />
                <line number="123" hits="3" branch="false" />
                <line number="124" hits="3" branch="true" condition-coverage="100% (2/2)" />
                <line number="125" hits="3" branch="false" />
                <line number="126" hits="3" branch="false" />
                <line number="127" hits="3" branch="false" />
                <line number="128" hits="3" branch="false" />
                <line number="129" hits="3" branch="false" />
              </lines>
            </method>
          </methods>
          <lines>
            <line number="9" hits="312" branch="false" />
            <line number="13" hits="2" branch="true" condition-coverage="100% (2/2)" />
            <line number="14" hits="2" branch="false" />
            <line number="15" hits="2" branch="false" />
            <line number="19" hits="2" branch="true" condition-coverage="100% (2/2)" />
            <line number="20" hits="2" branch="false" />
            <line number="21" hits="2" branch="false" />
            <line number="22" hits="2" branch="false" />
            <line number="23" hits="2" branch="false" />
            <line number="24" hits="2" branch="true" condition-coverage="50% (1/2)" />
            <line number="27" hits="0" branch="false" />
            <line number="28" hits="0" branch="false" />
            <line number="29" hits="0" branch="false" />
            <line number="33" hits="2" branch="false" />
            <line number="35" hits="2" branch="false" />
            <line number="36" hits="2" branch="false" />
            <line number="40" hits="5" branch="true" condition-coverage="100% (2/2)" />
            <line number="41" hits="5" branch="false" />
            <line number="42" hits="5" branch="false" />
            <line number="43" hits="5" branch="false" />
            <line number="45" hits="5" branch="true" condition-coverage="100% (6/6)" />
            <line number="46" hits="5" branch="false" />
            <line number="47" hits="5" branch="false" />
            <line number="49" hits="5" branch="true" condition-coverage="100% (2/2)" />
            <line number="54" hits="3" branch="false" />
            <line number="55" hits="3" branch="false" />
            <line number="56" hits="3" branch="false" />
            <line number="57" hits="3" branch="false" />
            <line number="58" hits="3" branch="false" />
            <line number="59" hits="3" branch="false" />
            <line number="60" hits="3" branch="false" />
            <line number="64" hits="2" branch="false" />
            <line number="65" hits="2" branch="false" />
            <line number="66" hits="2" branch="false" />
            <line number="67" hits="2" branch="false" />
            <line number="68" hits="2" branch="false" />
            <line number="69" hits="2" branch="false" />
            <line number="72" hits="5" branch="false" />
            <line number="73" hits="5" branch="false" />
            <line number="77" hits="2" branch="false" />
            <line number="78" hits="2" branch="false" />
            <line number="79" hits="2" branch="false" />
            <line number="80" hits="2" branch="false" />
            <line number="81" hits="2" branch="false" />
            <line number="85" hits="2" branch="false" />
            <line number="86" hits="2" branch="false" />
            <line number="87" hits="2" branch="false" />
            <line number="88" hits="2" branch="false" />
            <line number="89" hits="2" branch="true" condition-coverage="50% (1/2)" />
            <line number="91" hits="2" branch="false" />
            <line number="93" hits="0" branch="true" condition-coverage="0% (0/2)" />
            <line number="94" hits="0" branch="false" />
            <line number="95" hits="0" branch="false" />
            <line number="96" hits="0" branch="false" />
            <line number="97" hits="2" branch="false" />
            <line number="101" hits="2" branch="false" />
            <line number="102" hits="2" branch="false" />
            <line number="103" hits="2" branch="false" />
            <line number="104" hits="2" branch="false" />
            <line number="105" hits="2" branch="false" />
            <line number="106" hits="2" branch="false" />
            <line number="107" hits="2" branch="true" condition-coverage="0% (0/2)" />
            <line number="108" hits="2" branch="false" />
            <line number="112" hits="3" branch="false" />
            <line number="113" hits="3" branch="false" />
            <line number="114" hits="3" branch="false" />
            <line number="115" hits="3" branch="false" />
            <line number="116" hits="3" branch="false" />
            <line number="117" hits="3" branch="true" condition-coverage="0% (0/2)" />
            <line number="118" hits="3" branch="false" />
            <line number="122" hits="3" branch="true" condition-coverage="100% (2/2)" />
            <line number="123" hits="3" branch="false" />
            <line number="124" hits="3" branch="true" condition-coverage="100% (2/2)" />
            <line number="125" hits="3" branch="false" />
            <line number="126" hits="3" branch="false" />
            <line number="127" hits="3" branch="false" />
            <line number="128" hits="3" branch="false" />
            <line number="129" hits="3" branch="false" />
            <line number="133" hits="10" branch="false" />
            <line number="134" hits="10" branch="false" />
            <line number="135" hits="10" branch="false" />
            <line number="136" hits="10" branch="false" />
            <line number="137" hits="10" branch="false" />
            <line number="138" hits="10" branch="false" />
            <line number="139" hits="10" branch="true" condition-coverage="50% (1/2)" />
            <line number="141" hits="10" branch="false" />
            <line number="144" hits="0" branch="false" />
            <line number="145" hits="10" branch="false" />
          </lines>
        </class>
        <class name="pengdows.hangfire.gateways.ServerGateway" filename="/home/alaricd/prj/pengdows/pengdows.hangfire/pengdows.hangfire/Gateways/ServerGateway.cs" line-rate="1" branch-rate="1" complexity="3">
          <methods>
            <method name=".ctor" signature="(pengdows.crud.IDatabaseContext)" line-rate="1" branch-rate="1" complexity="1">
              <lines>
                <line number="9" hits="270" branch="false" />
              </lines>
            </method>
            <method name="RemoveTimedOutAsync" signature="()" line-rate="1" branch-rate="1" complexity="1">
              <lines>
                <line number="13" hits="1" branch="false" />
                <line number="14" hits="1" branch="false" />
                <line number="15" hits="1" branch="false" />
                <line number="16" hits="1" branch="false" />
                <line number="17" hits="1" branch="false" />
                <line number="18" hits="1" branch="false" />
              </lines>
            </method>
            <method name="UpdateHeartbeatAsync" signature="()" line-rate="1" branch-rate="1" complexity="1">
              <lines>
                <line number="22" hits="1" branch="false" />
                <line number="23" hits="1" branch="false" />
                <line number="24" hits="1" branch="false" />
                <line number="25" hits="1" branch="false" />
                <line number="26" hits="1" branch="false" />
                <line number="27" hits="1" branch="false" />
                <line number="28" hits="1" branch="false" />
                <line number="29" hits="1" branch="false" />
              </lines>
            </method>
          </methods>
          <lines>
            <line number="9" hits="270" branch="false" />
            <line number="13" hits="1" branch="false" />
            <line number="14" hits="1" branch="false" />
            <line number="15" hits="1" branch="false" />
            <line number="16" hits="1" branch="false" />
            <line number="17" hits="1" branch="false" />
            <line number="18" hits="1" branch="false" />
            <line number="22" hits="1" branch="false" />
            <line number="23" hits="1" branch="false" />
            <line number="24" hits="1" branch="false" />
            <line number="25" hits="1" branch="false" />
            <line number="26" hits="1" branch="false" />
            <line number="27" hits="1" branch="false" />
            <line number="28" hits="1" branch="false" />
[...]
              </lines>
            </method>
            <method name="SetJobState" signature="(System.String,Hangfire.States.IState)" line-rate="1" branch-rate="1" complexity="2">
              <lines>
                <line number="74" hits="2" branch="true" condition-coverage="100% (2/2)" />
                <line number="76" hits="1" branch="false" />
                <line number="79" hits="1" branch="false" />
                <line number="80" hits="1" branch="false" />
                <line number="81" hits="1" branch="false" />
                <line number="82" hits="1" branch="false" />
                <line number="83" hits="1" branch="false" />
                <line number="84" hits="1" branch="false" />
                <line number="85" hits="1" branch="false" />
                <line number="86" hits="1" branch="false" />
                <line number="87" hits="1" branch="false" />
                <line number="88" hits="1" branch="false" />
                <line number="89" hits="1" branch="false" />
                <line number="90" hits="2" branch="false" />
                <line number="91" hits="1" branch="false" />
              </lines>
            </method>
            <method name="AddJobState" signature="(System.String,Hangfire.States.IState)" line-rate="0.9285714285714286" branch-rate="0.5" complexity="2">
              <lines>
                <line number="95" hits="1" branch="true" condition-coverage="50% (1/2)" />
                <line number="97" hits="0" branch="false" />
                <line number="100" hits="1" branch="false" />
                <line number="101" hits="1" branch="false" />
                <line number="102" hits="1" branch="false" />
                <line number="103" hits="1" branch="false" />
                <line number="104" hits="1" branch="false" />
                <line number="105" hits="1" branch="false" />
                <line number="106" hits="1" branch="false" />
                <line number="107" hits="1" branch="false" />
                <line number="108" hits="1" branch="false" />
                <line number="109" hits="1" branch="false" />
                <line number="110" hits="2" branch="false" />
                <line number="111" hits="1" branch="false" />
              </lines>
            </method>
            <method name="AddToQueue" signature="(System.String,System.String)" line-rate="1" branch-rate="1" complexity="2">
              <lines>
                <line number="115" hits="2" branch="true" condition-coverage="100% (2/2)" />
                <line number="117" hits="1" branch="false" />
                <line number="120" hits="1" branch="false" />
                <line number="121" hits="1" branch="false" />
                <line number="122" hits="1" branch="false" />
                <line number="123" hits="2" branch="false" />
                <line number="124" hits="1" branch="false" />
              </lines>
            </method>
            <method name="IncrementCounter" signature="(System.String)" line-rate="1" branch-rate="1" complexity="1">
              <lines>
                <line number="127" hits="8" branch="false" />
              </lines>
            </method>
            <method name="IncrementCounter" signature="(System.String,System.TimeSpan)" line-rate="1" branch-rate="1" complexity="1">
              <lines>
                <line number="130" hits="2" branch="false" />
              </lines>
            </method>
            <method name="DecrementCounter" signature="(System.String)" line-rate="1" branch-rate="1" complexity="1">
              <lines>
                <line number="133" hits="2" branch="false" />
              </lines>
            </method>
            <method name="DecrementCounter" signature="(System.String,System.TimeSpan)" line-rate="1" branch-rate="1" complexity="1">
              <lines>
                <line number="136" hits="2" branch="false" />
              </lines>
            </method>
            <method name="AddToSet" signature="(System.String,System.String)" line-rate="1" branch-rate="1" complexity="1">
              <lines>
                <line number="138" hits="1" branch="false" />
              </lines>
            </method>
            <method name="AddToSet" signature="(System.String,System.String,System.Double)" line-rate="1" branch-rate="1" complexity="1">
              <lines>
                <line number="142" hits="2" branch="false" />
                <line number="143" hits="2" branch="false" />
                <line number="144" hits="2" branch="false" />
                <line number="145" hits="4" branch="false" />
                <line number="146" hits="2" branch="false" />
              </lines>
            </method>
            <method name="RemoveFromSet" signature="(System.String,System.String)" line-rate="1" branch-rate="1" complexity="1">
              <lines>
                <line number="150" hits="1" branch="false" />
                <line number="151" hits="1" branch="false" />
                <line number="152" hits="1" branch="false" />
                <line number="153" hits="2" branch="false" />
                <line number="154" hits="1" branch="false" />
              </lines>
            </method>
            <method name="InsertToList" signature="(System.String,System.String)" line-rate="1" branch-rate="1" complexity="1">
              <lines>
                <line number="157" hits="2" branch="false" />
              </lines>
            </method>
            <method name="RemoveFromList" signature="(System.String,System.String)" line-rate="1" branch-rate="1" complexity="1">
              <lines>
                <line number="160" hits="2" branch="false" />
              </lines>
            </method>
            <method name="TrimList" signature="(System.String,System.Int32,System.Int32)" line-rate="1" branch-rate="1" complexity="1">
              <lines>
                <line number="163" hits="2" branch="false" />
              </lines>
            </method>
            <method name="SetRangeInHash" signature="(System.String,System.Collections.Generic.IEnumerable`1&lt;System.Collections.Generic.KeyValuePair`2&lt;System.String,System.String&gt;&gt;)" line-rate="1" branch-rate="1" complexity="4">
              <lines>
                <line number="167" hits="3" branch="true" condition-coverage="100% (2/2)" />
                <line number="169" hits="1" branch="false" />
                <line number="172" hits="2" branch="true" condition-coverage="100% (2/2)" />
                <line number="174" hits="1" branch="false" />
                <line number="177" hits="3" branch="false" />
                <line number="178" hits="2" branch="false" />
                <line number="179" hits="1" branch="false" />
              </lines>
            </method>
            <method name="RemoveHash" signature="(System.String)" line-rate="1" branch-rate="1" complexity="1">
              <lines>
                <line number="182" hits="2" branch="false" />
              </lines>
            </method>
            <method name="ExpireSet" signature="(System.String,System.TimeSpan)" line-rate="1" branch-rate="1" complexity="1">
              <lines>
                <line number="185" hits="2" branch="false" />
              </lines>
            </method>
            <method name="PersistSet" signature="(System.String)" line-rate="1" branch-rate="1" complexity="1">
              <lines>
                <line number="188" hits="2" branch="false" />
              </lines>
            </method>
            <method name="ExpireHash" signature="(System.String,System.TimeSpan)" line-rate="1" branch-rate="1" complexity="1">
              <lines>
                <line number="191" hits="2" branch="false" />
              </lines>
            </method>
            <method name="PersistHash" signature="(System.String)" line-rate="1" branch-rate="1" complexity="1">
              <lines>
                <line number="194" hits="2" branch="false" />
              </lines>
            </method>
            <method name="ExpireList" signature="(System.String,System.TimeSpan)" line-rate="1" branch-rate="1" complexity="1">
              <lines>
                <line number="197" hits="2" branch="false" />
              </lines>
            </method>
            <method name="PersistList" signature="(System.String)" line-rate="1" branch-rate="1" complexity="1">
              <lines>
                <line number="200" hits="2" branch="false" />
              </lines>
            </method>
            <method name="AddRangeToSet" signature="(System.String,System.Collections.Generic.IList`1&lt;System.String&gt;)" line-rate="1" branch-rate="1" complexity="4">
              <lines>
                <line number="204" hits="3" branch="true" condition-coverage="100% (2/2)" />
                <line number="206" hits="1" branch="false" />
                <line number="209" hits="2" branch="true" condition-coverage="100% (2/2)" />
                <line number="211" hits="1" branch="false" />
                <line number="214" hits="4" branch="false" />
                <line number="215" hits="2" branch="false" />
                <line number="216" hits="1" branch="false" />
              </lines>
            </method>
            <method name="RemoveSet" signature="(System.String)" line-rate="1" branch-rate="1" complexity="1">
              <lines>
                <line number="219" hits="2" branch="false" />
              </lines>
            </method>
            <method name="AcquireDistributedLock" signature="(System.String,System.TimeSpan)" line-rate="0" branch-rate="1" complexity="1">
              <lines>
                <line number="222" hits="0" branch="false" />
              </lines>
            </method>
            <method name="RemoveFromQueue" signature="(Hangfire.Storage.IFetchedJob)" line-rate="1" branch-rate="1" complexity="2">
              <lines>
                <line number="226" hits="2" branch="true" condition-coverage="100% (2/2)" />
                <line number="228" hits="1" branch="false" />
                <line number="229" hits="1" branch="false" />
                <line number="230" hits="1" branch="false" />
                <line number="231" hits="1" branch="false" />
                <line number="232" hits="1" branch="false" />
                <line number="234" hits="2" branch="false" />
              </lines>
            </method>
            <method name="Dispose" signature="()" line-rate="0.8" branch-rate="0.5" complexity="2">
              <lines>
                <line number="238" hits="78" branch="true" condition-coverage="50% (1/2)" />
                <line number="240" hits="0" branch="false" />
                <line number="243" hits="39" branch="false" />
                <line number="244" hits="39" branch="false" />
                <line number="245" hits="39" branch="false" />
              </lines>
            </method>
            <method name=".ctor" signature="(pengdows.hangfire.PengdowsCrudJobStorage)" line-rate="1" branch-rate="1" complexity="2">
              <lines>
                <line number="16" hits="39" branch="false" />
                <line number="17" hits="39" branch="false" />
                <line number="19" hits="39" branch="false" />
                <line number="21" hits="39" branch="true" condition-coverage="100% (2/2)" />
                <line number="22" hits="38" branch="false" />
              </lines>
            </method>
            <method name="CommitAsync" signature="()" line-rate="0.75" branch-rate="0.8333333333333334" complexity="6">
              <lines>
                <line number="31" hits="32" branch="true" condition-coverage="50% (1/2)" />
                <line number="32" hits="32" branch="false" />
                <line number="33" hits="32" branch="false" />
                <line number="34" hits="32" branch="true" condition-coverage="100% (2/2)" />
                <line number="37" hits="122" branch="true" condition-coverage="100% (2/2)" />
                <line number="39" hits="29" branch="false" />
                <line number="41" hits="32" branch="false" />
                <line number="42" hits="32" branch="false" />
                <line number="43" hits="0" branch="false" />
                <line number="45" hits="0" branch="false" />
                <line number="46" hits="0" branch="false" />
                <line number="48" hits="32" branch="false" />
              </lines>
            </method>
          </methods>
          <lines>
            <line number="16" hits="39" branch="false" />
            <line number="17" hits="39" branch="false" />
            <line number="19" hits="39" branch="false" />
            <line number="21" hits="39" branch="true" condition-coverage="100% (2/2)" />
            <line number="22" hits="38" branch="false" />
            <line number="26" hits="32" branch="false" />
            <line number="27" hits="32" branch="false" />
            <line number="31" hits="32" branch="true" condition-coverage="50% (1/2)" />
            <line number="32" hits="32" branch="false" />
            <line number="33" hits="32" branch="false" />
            <line number="34" hits="32" branch="true" condition-coverage="100% (2/2)" />
            <line number="37" hits="122" branch="true" condition-coverage="100% (2/2)" />
            <line number="39" hits="29" branch="false" />
            <line number="41" hits="32" branch="false" />
            <line number="42" hits="32" branch="false" />
            <line number="43" hits="0" branch="false" />
            <line number="45" hits="0" branch="false" />
            <line number="46" hits="0" branch="false" />
            <line number="48" hits="32" branch="false" />
            <line number="52" hits="2" branch="true" condition-coverage="100% (2/2)" />
            <line number="54" hits="1" branch="false" />
            <line number="57" hits="1" branch="false" />
            <line number="58" hits="2" branch="false" />
            <line number="59" hits="1" branch="false" />
            <line number="63" hits="2" branch="true" condition-coverage="100% (2/2)" />
            <line number="65" hits="1" branch="false" />
            <line number="68" hits="1" branch="false" />
            <line number="69" hits="2" branch="false" />
            <line number="70" hits="1" branch="false" />
            <line number="74" hits="2" branch="true" condition-coverage="100% (2/2)" />
            <line number="76" hits="1" branch="false" />
            <line number="79" hits="1" branch="false" />
            <line number="80" hits="1" branch="false" />
            <line number="81" hits="1" branch="false" />
            <line number="82" hits="1" branch="false" />
            <line number="83" hits="1" branch="false" />
            <line number="84" hits="1" branch="false" />
            <line number="85" hits="1" branch="false" />
            <line number="86" hits="1" branch="false" />
            <line number="87" hits="1" branch="false" />
            <line number="88" hits="1" branch="false" />
            <line number="89" hits="1" branch="false" />
            <line number="90" hits="2" branch="false" />
            <line number="91" hits="1" branch="false" />
            <line number="95" hits="1" branch="true" condition-coverage="50% (1/2)" />
            <line number="97" hits="0" branch="false" />
            <line number="100" hits="1" branch="false" />
            <line number="101" hits="1" branch="false" />
            <line number="102" hits="1" branch="false" />
            <line number="103" hits="1" branch="false" />
            <line number="104" hits="1" branch="false" />
            <line number="105" hits="1" branch="false" />
            <line number="106" hits="1" branch="false" />
            <line number="107" hits="1" branch="false" />
            <line number="108" hits="1" branch="false" />
            <line number="109" hits="1" branch="false" />
            <line number="110" hits="2" branch="false" />
            <line number="111" hits="1" branch="false" />
            <line number="115" hits="2" branch="true" condition-coverage="100% (2/2)" />
            <line number="117" hits="1" branch="false" />
            <line number="120" hits="1" branch="false" />
            <line number="121" hits="1" branch="false" />
            <line number="122" hits="1" branch="false" />
            <line number="123" hits="2" branch="false" />
            <line number="124" hits="1" branch="false" />
            <line number="127" hits="8" branch="false" />
            <line number="130" hits="2" branch="false" />
            <line number="133" hits="2" branch="false" />
            <line number="136" hits="2" branch="false" />
            <line number="138" hits="1" branch="false" />
            <line number="142" hits="2" branch="false" />
            <line number="143" hits="2" branch="false" />
            <line number="144" hits="2" branch="false" />
            <line number="145" hits="4" branch="false" />
            <line number="146" hits="2" branch="false" />
            <line number="150" hits="1" branch="false" />
            <line number="151" hits="1" branch="false" />
            <line number="152" hits="1" branch="false" />
            <line number="153" hits="2" branch="false" />
            <line number="154" hits="1" branch="false" />
            <line number="157" hits="2" branch="false" />
            <line number="160" hits="2" branch="false" />
            <line number="163" hits="2" branch="false" />
            <line number="167" hits="3" branch="true" condition-coverage="100% (2/2)" />
            <line number="169" hits="1" branch="false" />
            <line number="172" hits="2" branch="true" condition-coverage="100% (2/2)" />
            <line number="174" hits="1" branch="false" />
            <line number="177" hits="3" branch="false" />
            <line number="178" hits="2" branch="false" />
            <line number="179" hits="1" branch="false" />
            <line number="182" hits="2" branch="false" />
            <line number="185" hits="2" branch="false" />
            <line number="188" hits="2" branch="false" />
            <line number="191" hits="2" branch="false" />
            <line number="194" hits="2" branch="false" />
            <line number="197" hits="2" branch="false" />
            <line number="200" hits="2" branch="false" />
            <line number="204" hits="3" branch="true" condition-coverage="100% (2/2)" />
            <line number="206" hits="1" branch="false" />
            <line number="209" hits="2" branch="true" condition-coverage="100% (2/2)" />
            <line number="211" hits="1" branch="false" />
            <line number="214" hits="4" branch="false" />
            <line number="215" hits="2" branch="false" />
            <line number="216" hits="1" branch="false" />
            <line number="219" hits="2" branch="false" />
            <line number="222" hits="0" branch="false" />
            <line number="226" hits="2" branch="true" condition-coverage="100% (2/2)" />
            <line number="228" hits="1" branch="false" />
            <line number="229" hits="1" branch="false" />
            <line number="230" hits="1" branch="false" />
            <line number="231" hits="1" branch="false" />
            <line number="232" hits="1" branch="false" />
            <line number="234" hits="2" branch="false" />
            <line number="238" hits="78" branch="true" condition-coverage="50% (1/2)" />
            <line number="240" hits="0" branch="false" />
            <line number="243" hits="39" branch="false" />
            <line number="244" hits="39" branch="false" />
            <line number="245" hits="39" branch="false" />
          </lines>
        </class>
      </classes>
    </package>
  </packages>
</coverage>