<?xml version="1.0" encoding="utf-8"?>
<!DOCTYPE coverage SYSTEM "http://cobertura.sourceforge.net/xml/coverage-04.dtd">
<coverage line-rate="0.7050623624358033" branch-rate="0.6795580110497238" lines-covered="961" lines-valid="1363" branches-covered="246" branches-valid="362" complexity="461" version="0" timestamp="1774609815">
  <sources>
    <source>/home/alaricd/prj/pengdows/pengdows.hangfire/pengdows.hangfire/</source>
  </sources>
  <packages>
    <package name="pengdows.hangfire" line-rate="0.7050623624358033" branch-rate="0.6795580110497238" complexity="461">
      <classes>
        <class name="pengdows.hangfire.CountersAggregator" filename="/home/alaricd/prj/pengdows/pengdows.hangfire/pengdows.hangfire/CountersAggregator.cs" line-rate="0.3333333333333333" branch-rate="0.16666666666666666" complexity="8">
          <methods>
            <method name="Execute" signature="(Hangfire.Server.BackgroundProcessContext)" line-rate="0" branch-rate="0" complexity="4">
              <lines>
                <line number="24" hits="0" branch="false" />
                <line number="29" hits="0" branch="false" />
                <line number="31" hits="0" branch="true" condition-coverage="0% (0/2)" />
                <line number="33" hits="0" branch="false" />
                <line number="34" hits="0" branch="false" />
                <line number="36" hits="0" branch="true" condition-coverage="0% (0/2)" />
                <line number="38" hits="0" branch="false" />
                <line number="40" hits="0" branch="false" />
                <line number="41" hits="0" branch="false" />
              </lines>
            </method>
            <method name="ToString" signature="()" line-rate="1" branch-rate="1" complexity="1">
              <lines>
                <line number="43" hits="1" branch="false" />
              </lines>
            </method>
            <method name=".ctor" signature="(pengdows.hangfire.PengdowsCrudJobStorage,System.TimeSpan)" line-rate="1" branch-rate="0.5" complexity="2">
              <lines>
                <line number="12" hits="1" branch="false" />
                <line number="18" hits="1" branch="true" condition-coverage="50% (1/2)" />
                <line number="19" hits="1" branch="false" />
                <line number="20" hits="1" branch="false" />
              </lines>
            </method>
            <method name=".cctor" signature="()" line-rate="0" branch-rate="1" complexity="1">
              <lines>
                <line number="10" hits="0" branch="false" />
              </lines>
            </method>
          </methods>
          <lines>
            <line number="10" hits="0" branch="false" />
            <line number="12" hits="1" branch="false" />
            <line number="18" hits="1" branch="true" condition-coverage="50% (1/2)" />
            <line number="19" hits="1" branch="false" />
            <line number="20" hits="1" branch="false" />
            <line number="24" hits="0" branch="false" />
            <line number="29" hits="0" branch="false" />
            <line number="31" hits="0" branch="true" condition-coverage="0% (0/2)" />
            <line number="33" hits="0" branch="false" />
            <line number="34" hits="0" branch="false" />
            <line number="36" hits="0" branch="true" condition-coverage="0% (0/2)" />
            <line number="38" hits="0" branch="false" />
            <line number="40" hits="0" branch="false" />
            <line number="41" hits="0" branch="false" />
            <line number="43" hits="1" branch="false" />
          </lines>
        </class>
        <class name="pengdows.hangfire.ExpirationManager" filename="/home/alaricd/prj/pengdows/pengdows.hangfire/pengdows.hangfire/ExpirationManager.cs" line-rate="0.16666666666666666" branch-rate="0.25" complexity="7">
          <methods>
            <method name="Execute" signature="(Hangfire.Server.BackgroundProcessContext)" line-rate="0" branch-rate="1" complexity="1">
              <lines>
                <line number="28" hits="0" branch="false" />
                <line number="30" hits="0" branch="false" />
                <line number="32" hits="0" branch="false" />
                <line number="33" hits="0" branch="false" />
                <line number="34" hits="0" branch="false" />
                <line number="35" hits="0" branch="false" />
                <line number="36" hits="0" branch="false" />
                <line number="37" hits="0" branch="false" />
                <line number="38" hits="0" branch="false" />
                <line number="40" hits="0" branch="false" />
                <line number="41" hits="0" branch="false" />
                <line number="42" hits="0" branch="false" />
                <line number="43" hits="0" branch="false" />
                <line number="45" hits="0" branch="false" />
                <line number="46" hits="0" branch="false" />
              </lines>
            </method>
            <method name="DeleteExpiredRows" signature="(System.String,System.Func`1&lt;System.Int32&gt;)" line-rate="0" branch-rate="0" complexity="2">
              <lines>
                <line number="50" hits="0" branch="false" />
                <line number="56" hits="0" branch="false" />
                <line number="57" hits="0" branch="true" condition-coverage="0% (0/2)" />
                <line number="58" hits="0" branch="false" />
                <line number="59" hits="0" branch="false" />
                <line number="61" hits="0" branch="false" />
                <line number="62" hits="0" branch="false" />
                <line number="63" hits="0" branch="false" />
                <line number="64" hits="0" branch="false" />
              </lines>
            </method>
            <method name="ToString" signature="()" line-rate="1" branch-rate="1" complexity="1">
              <lines>
                <line number="66" hits="2" branch="false" />
              </lines>
            </method>
            <method name=".ctor" signature="(pengdows.hangfire.PengdowsCrudJobStorage,System.TimeSpan)" line-rate="1" branch-rate="0.5" complexity="2">
              <lines>
                <line number="14" hits="1" branch="false" />
                <line number="20" hits="1" branch="true" condition-coverage="50% (1/2)" />
                <line number="21" hits="1" branch="false" />
                <line number="22" hits="1" branch="false" />
              </lines>
            </method>
            <method name=".cctor" signature="()" line-rate="0" branch-rate="1" complexity="1">
              <lines>
                <line number="11" hits="0" branch="false" />
              </lines>
            </method>
          </methods>
          <lines>
            <line number="11" hits="0" branch="false" />
            <line number="14" hits="1" branch="false" />
            <line number="20" hits="1" branch="true" condition-coverage="50% (1/2)" />
            <line number="21" hits="1" branch="false" />
            <line number="22" hits="1" branch="false" />
            <line number="28" hits="0" branch="false" />
            <line number="30" hits="0" branch="false" />
            <line number="32" hits="0" branch="false" />
            <line number="33" hits="0" branch="false" />
            <line number="34" hits="0" branch="false" />
            <line number="35" hits="0" branch="false" />
            <line number="36" hits="0" branch="false" />
            <line number="37" hits="0" branch="false" />
            <line number="38" hits="0" branch="false" />
            <line number="40" hits="0" branch="false" />
            <line number="41" hits="0" branch="false" />
            <line number="42" hits="0" branch="false" />
            <line number="43" hits="0" branch="false" />
            <line number="45" hits="0" branch="false" />
            <line number="46" hits="0" branch="false" />
            <line number="50" hits="0" branch="false" />
            <line number="56" hits="0" branch="false" />
            <line number="57" hits="0" branch="true" condition-coverage="0% (0/2)" />
            <line number="58" hits="0" branch="false" />
            <line number="59" hits="0" branch="false" />
            <line number="61" hits="0" branch="false" />
            <line number="62" hits="0" branch="false" />
            <line number="63" hits="0" branch="false" />
            <line number="64" hits="0" branch="false" />
            <line number="66" hits="2" branch="false" />
          </lines>
        </class>
        <class name="pengdows.hangfire.gateways.AggregatedCounterGateway" filename="/home/alaricd/prj/pengdows/pengdows.hangfire/pengdows.hangfire/Gateways/AggregatedCounterGateway.cs" line-rate="0.9705882352941176" branch-rate="0.8" complexity="12">
          <methods>
            <method name=".ctor" signature="(pengdows.crud.IDatabaseContext)" line-rate="1" branch-rate="1" complexity="1">
              <lines>
                <line number="9" hits="280" branch="false" />
              </lines>
            </method>
            <method name="DeleteExpiredAsync" signature="()" line-rate="1" branch-rate="0.5" complexity="2">
              <lines>
                <line number="54" hits="5" branch="false" />
                <line number="55" hits="5" branch="false" />
                <line number="56" hits="5" branch="false" />
                <line number="57" hits="5" branch="false" />
                <line number="58" hits="5" branch="false" />
                <line number="59" hits="5" branch="false" />
                <line number="60" hits="5" branch="true" condition-coverage="50% (1/2)" />
                <line number="62" hits="4" branch="false" />
                <line number="65" hits="2" branch="false" />
                <line number="66" hits="5" branch="false" />
              </lines>
            </method>
            <method name="GetTimelineAsync" signature="()" line-rate="0.9411764705882353" branch-rate="0.875" complexity="8">
              <lines>
                <line number="13" hits="10" branch="false" />
                <line number="14" hits="10" branch="true" condition-coverage="100% (2/2)" />
                <line number="16" hits="1" branch="false" />
                <line number="19" hits="9" branch="false" />
                <line number="20" hits="9" branch="false" />
                <line number="21" hits="9" branch="false" />
                <line number="22" hits="9" branch="false" />
                <line number="23" hits="270" branch="true" condition-coverage="100% (2/2)" />
                <line number="25" hits="126" branch="true" condition-coverage="100% (2/2)" />
                <line number="27" hits="117" branch="false" />
                <line number="30" hits="126" branch="false" />
                <line number="32" hits="9" branch="false" />
                <line number="34" hits="9" branch="false" />
                <line number="35" hits="9" branch="true" condition-coverage="50% (1/2)" />
                <line number="37" hits="0" branch="false" />
                <line number="40" hits="9" branch="false" />
                <line number="41" hits="10" branch="false" />
              </lines>
            </method>
            <method name="GetValueAsync" signature="()" line-rate="1" branch-rate="1" complexity="1">
              <lines>
                <line number="45" hits="2" branch="false" />
                <line number="46" hits="2" branch="false" />
                <line number="47" hits="2" branch="false" />
                <line number="48" hits="2" branch="false" />
                <line number="49" hits="2" branch="false" />
                <line number="50" hits="2" branch="false" />
              </lines>
            </method>
          </methods>
          <lines>
            <line number="9" hits="280" branch="false" />
            <line number="13" hits="10" branch="false" />
            <line number="14" hits="10" branch="true" condition-coverage="100% (2/2)" />
            <line number="16" hits="1" branch="false" />
            <line number="19" hits="9" branch="false" />
            <line number="20" hits="9" branch="false" />
            <line number="21" hits="9" branch="false" />
            <line number="22" hits="9" branch="false" />
            <line number="23" hits="270" branch="true" condition-coverage="100% (2/2)" />
            <line number="25" hits="126" branch="true" condition-coverage="100% (2/2)" />
            <line number="27" hits="117" branch="false" />
            <line number="30" hits="126" branch="false" />
            <line number="32" hits="9" branch="false" />
            <line number="34" hits="9" branch="false" />
            <line number="35" hits="9" branch="true" condition-coverage="50% (1/2)" />
            <line number="37" hits="0" branch="false" />
            <line number="40" hits="9" branch="false" />
            <line number="41" hits="10" branch="false" />
            <line number="45" hits="2" branch="false" />
            <line number="46" hits="2" branch="false" />
            <line number="47" hits="2" branch="false" />
            <line number="48" hits="2" branch="false" />
            <line number="49" hits="2" branch="false" />
            <line number="50" hits="2" branch="false" />
            <line number="54" hits="5" branch="false" />
            <line number="55" hits="5" branch="false" />
            <line number="56" hits="5" branch="false" />
            <line number="57" hits="5" branch="false" />
            <line number="58" hits="5" branch="false" />
            <line number="59" hits="5" branch="false" />
            <line number="60" hits="5" branch="true" condition-coverage="50% (1/2)" />
            <line number="62" hits="4" branch="false" />
            <line number="65" hits="2" branch="false" />
            <line number="66" hits="5" branch="false" />
          </lines>
        </class>
        <class name="pengdows.hangfire.gateways.CounterGateway" filename="/home/alaricd/prj/pengdows/pengdows.hangfire/pengdows.hangfire/Gateways/CounterGateway.cs" line-rate="0.7613636363636364" branch-rate="0.875" complexity="27">
          <methods>
            <method name=".ctor" signature="(pengdows.crud.IDatabaseContext)" line-rate="1" branch-rate="1" complexity="1">
              <lines>
                <line number="11" hits="264" branch="false" />
              </lines>
            </method>
            <method name="AggregateAsync" signature="()" line-rate="0.75" branch-rate="0.8636363636363636" complexity="24">
              <lines>
                <line number="26" hits="10" branch="false" />
                <line number="27" hits="10" branch="false" />
                <line number="28" hits="10" branch="false" />
                <line number="29" hits="10" branch="false" />
                <line number="30" hits="10" branch="false" />
                <line number="31" hits="10" branch="false" />
                <line number="32" hits="10" branch="false" />
                <line number="33" hits="10" branch="false" />
                <line number="35" hits="10" branch="false" />
                <line number="36" hits="10" branch="false" />
                <line number="38" hits="23" branch="true" condition-coverage="100% (2/2)" />
                <line number="40" hits="13" branch="false" />
                <line number="44" hits="10" branch="true" condition-coverage="100% (2/2)" />
                <line number="46" hits="2" branch="false" />
                <line number="50" hits="8" branch="false" />
                <line number="51" hits="69" branch="false" />
                <line number="53" hits="9" branch="false" />
                <line number="54" hits="9" branch="true" condition-coverage="50% (1/2)" />
                <line number="56" hits="0" branch="false" />
                <line number="57" hits="0" branch="false" />
                <line number="58" hits="0" branch="false" />
                <line number="59" hits="0" branch="false" />
                <line number="60" hits="0" branch="false" />
                <line number="61" hits="0" branch="false" />
                <line number="62" hits="0" branch="false" />
                <line number="63" hits="0" branch="false" />
                <line number="64" hits="0" branch="false" />
                <line number="65" hits="0" branch="false" />
                <line number="67" hits="9" branch="true" condition-coverage="50% (1/2)" />
                <line number="70" hits="0" branch="false" />
                <line number="71" hits="0" branch="false" />
                <line number="72" hits="0" branch="false" />
                <line number="73" hits="0" branch="false" />
                <line number="74" hits="0" branch="false" />
                <line number="75" hits="0" branch="false" />
                <line number="76" hits="0" branch="false" />
                <line number="77" hits="0" branch="false" />
                <line number="78" hits="0" branch="false" />
                <line number="79" hits="0" branch="false" />
                <line number="80" hits="0" branch="false" />
                <line number="82" hits="9" branch="true" condition-coverage="100% (8/8)" />
                <line number="83" hits="9" branch="false" />
                <line number="84" hits="9" branch="false" />
                <line number="87" hits="3" branch="false" />
                <line number="88" hits="3" branch="false" />
                <line number="89" hits="3" branch="false" />
                <line number="90" hits="3" branch="false" />
                <line number="91" hits="3" branch="false" />
                <line number="92" hits="3" branch="false" />
                <line number="94" hits="6" branch="true" condition-coverage="50% (1/2)" />
                <line number="99" hits="1" branch="false" />
                <line number="100" hits="1" branch="false" />
                <line number="101" hits="1" branch="false" />
                <line number="102" hits="1" branch="false" />
                <line number="103" hits="1" branch="false" />
                <line number="104" hits="1" branch="false" />
                <line number="105" hits="1" branch="false" />
                <line number="106" hits="1" branch="false" />
                <line number="107" hits="1" branch="false" />
                <line number="108" hits="1" branch="false" />
                <line number="109" hits="1" branch="false" />
                <line number="110" hits="1" branch="false" />
                <line number="114" hits="5" branch="false" />
                <line number="115" hits="5" branch="false" />
                <line number="116" hits="5" branch="false" />
                <line number="117" hits="5" branch="false" />
                <line number="118" hits="5" branch="false" />
                <line number="119" hits="5" branch="false" />
                <line number="120" hits="5" branch="false" />
                <line number="121" hits="5" branch="false" />
                <line number="123" hits="9" branch="false" />
                <line number="124" hits="9" branch="false" />
                <line number="127" hits="21" branch="false" />
                <line number="128" hits="8" branch="false" />
                <line number="129" hits="8" branch="false" />
                <line number="130" hits="8" branch="false" />
                <line number="131" hits="42" branch="true" condition-coverage="100% (2/2)" />
                <line number="133" hits="13" branch="true" condition-coverage="100% (2/2)" />
                <line number="135" hits="5" branch="false" />
                <line number="137" hits="13" branch="false" />
                <line number="139" hits="8" branch="false" />
                <line number="140" hits="8" branch="false" />
                <line number="142" hits="8" branch="false" />
                <line number="143" hits="10" branch="false" />
              </lines>
            </method>
            <method name="AppendAsync" signature="()" line-rate="1" branch-rate="1" complexity="2">
              <lines>
                <line number="15" hits="22" branch="true" condition-coverage="100% (2/2)" />
                <line number="16" hits="22" branch="false" />
                <line number="17" hits="22" branch="false" />
              </lines>
            </method>
          </methods>
          <lines>
            <line number="11" hits="264" branch="false" />
            <line number="15" hits="22" branch="true" condition-coverage="100% (2/2)" />
            <line number="16" hits="22" branch="false" />
            <line number="17" hits="22" branch="false" />
            <line number="26" hits="10" branch="false" />
            <line number="27" hits="10" branch="false" />
            <line number="28" hits="10" branch="false" />
            <line number="29" hits="10" branch="false" />
            <line number="30" hits="10" branch="false" />
            <line number="31" hits="10" branch="false" />
            <line number="32" hits="10" branch="false" />
            <line number="33" hits="10" branch="false" />
            <line number="35" hits="10" branch="false" />
            <line number="36" hits="10" branch="false" />
            <line number="38" hits="23" branch="true" condition-coverage="100% (2/2)" />
            <line number="40" hits="13" branch="false" />
            <line number="44" hits="10" branch="true" condition-coverage="100% (2/2)" />
            <line number="46" hits="2" branch="false" />
            <line number="50" hits="8" branch="false" />
            <line number="51" hits="69" branch="false" />
            <line number="53" hits="9" branch="false" />
            <line number="54" hits="9" branch="true" condition-coverage="50% (1/2)" />
            <line number="56" hits="0" branch="false" />
            <line number="57" hits="0" branch="false" />
            <line number="58" hits="0" branch="false" />
            <line number="59" hits="0" branch="false" />
            <line number="60" hits="0" branch="false" />
            <line number="61" hits="0" branch="false" />
            <line number="62" hits="0" branch="false" />
            <line number="63" hits="0" branch="false" />
            <line number="64" hits="0" branch="false" />
            <line number="65" hits="0" branch="false" />
            <line number="67" hits="9" branch="true" condition-coverage="50% (1/2)" />
            <line number="70" hits="0" branch="false" />
            <line number="71" hits="0" branch="false" />
            <line number="72" hits="0" branch="false" />
            <line number="73" hits="0" branch="false" />
            <line number="74" hits="0" branch="false" />
            <line number="75" hits="0" branch="false" />
            <line number="76" hits="0" branch="false" />
            <line number="77" hits="0" branch="false" />
            <line number="78" hits="0" branch="false" />
            <line number="79" hits="0" branch="false" />
            <line number="80" hits="0" branch="false" />
            <line number="82" hits="9" branch="true" condition-coverage="100% (8/8)" />
            <line number="83" hits="9" branch="false" />
            <line number="84" hits="9" branch="false" />
            <line number="87" hits="3" branch="false" />
            <line number="88" hits="3" branch="false" />
            <line number="89" hits="3" branch="false" />
            <line number="90" hits="3" branch="false" />
            <line number="91" hits="3" branch="false" />
            <line number="92" hits="3" branch="false" />
            <line number="94" hits="6" branch="true" condition-coverage="50% (1/2)" />
            <line number="99" hits="1" branch="false" />
            <line number="100" hits="1" branch="false" />
            <line number="101" hits="1" branch="false" />
            <line number="102" hits="1" branch="false" />
            <line number="103" hits="1" branch="false" />
            <line number="104" hits="1" branch="false" />
            <line number="105" hits="1" branch="false" />
            <line number="106" hits="1" branch="false" />
            <line number="107" hits="1" branch="false" />
            <line number="108" hits="1" branch="false" />
            <line number="109" hits="1" branch="false" />
            <line number="110" hits="1" branch="false" />
            <line number="114" hits="5" branch="false" />
            <line number="115" hits="5" branch="false" />
            <line number="116" hits="5" branch="false" />
            <line number="117" hits="5" branch="false" />
            <line number="118" hits="5" branch="false" />
            <line number="119" hits="5" branch="false" />
            <line number="120" hits="5" branch="false" />
            <line number="121" hits="5" branch="false" />
            <line number="123" hits="9" branch="false" />
            <line number="124" hits="9" branch="false" />
            <line number="127" hits="21" branch="false" />
            <line number="128" hits="8" branch="false" />
            <line number="129" hits="8" branch="false" />
            <line number="130" hits="8" branch="false" />
            <line number="131" hits="42" branch="true" condition-coverage="100% (2/2)" />
            <line number="133" hits="13" branch="true" condition-coverage="100% (2/2)" />
            <line number="135" hits="5" branch="false" />
            <line number="137" hits="13" branch="false" />
            <line number="139" hits="8" branch="false" />
            <line number="140" hits="8" branch="false" />
            <line number="142" hits="8" branch="false" />
            <line number="143" hits="10" branch="false" />
          </lines>
        </class>
        <class name="pengdows.hangfire.gateways.DistributedLockGateway" filename="/home/alaricd/prj/pengdows/pengdows.hangfire/pengdows.hangfire/Gateways/DistributedLockGateway.cs" line-rate="1" branch-rate="1" complexity="7">
          <methods>
            <method name="BuildReleaseTemplate" signature="()" line-rate="1" branch-rate="1" complexity="1">
              <lines>
                <line number="108" hits="124" branch="false" />
                <line number="109" hits="124" branch="false" />
                <line number="110" hits="124" branch="false" />
                <line number="111" hits="124" branch="false" />
              </lines>
            </method>
            <method name=".ctor" signature="(pengdows.crud.IDatabaseContext)" line-rate="1" branch-rate="1" complexity="1">
              <lines>
                <line number="17" hits="124" branch="false" />
                <line number="19" hits="124" branch="false" />
                <line number="20" hits="124" branch="false" />
              </lines>
            </method>
            <method name="ReleaseAsync" signature="()" line-rate="1" branch-rate="1" complexity="1">
              <lines>
                <line number="96" hits="10" branch="false" />
                <line number="97" hits="10" branch="false" />
                <line number="98" hits="10" branch="false" />
                <line number="99" hits="10" branch="false" />
                <line number="100" hits="10" branch="false" />
              </lines>
            </method>
            <method name="TryAcquireAsync" signature="()" line-rate="1" branch-rate="1" complexity="2">
              <lines>
                <line number="28" hits="11" branch="false" />
                <line number="29" hits="11" branch="false" />
                <line number="30" hits="11" branch="false" />
                <line number="31" hits="11" branch="false" />
                <line number="32" hits="11" branch="false" />
                <line number="33" hits="11" branch="false" />
                <line number="34" hits="11" branch="false" />
                <line number="37" hits="11" branch="false" />
                <line number="38" hits="8" branch="false" />
                <line number="42" hits="3" branch="false" />
                <line number="43" hits="3" branch="true" condition-coverage="100% (2/2)" />
                <line number="45" hits="11" branch="false" />
              </lines>
            </method>
            <method name="TryRenewAsync" signature="()" line-rate="1" branch-rate="1" complexity="1">
              <lines>
                <line number="76" hits="2" branch="false" />
                <line number="77" hits="2" branch="false" />
                <line number="78" hits="2" branch="false" />
                <line number="79" hits="2" branch="false" />
                <line number="80" hits="2" branch="false" />
                <line number="81" hits="2" branch="false" />
                <line number="82" hits="2" branch="false" />
                <line number="83" hits="2" branch="false" />
                <line number="84" hits="2" branch="false" />
                <line number="85" hits="2" branch="false" />
                <line number="86" hits="2" branch="false" />
                <line number="87" hits="2" branch="false" />
                <line number="88" hits="2" branch="false" />
                <line number="89" hits="2" branch="false" />
                <line number="90" hits="2" branch="false" />
              </lines>
            </method>
            <method name="TryUpdateExpiredAsync" signature="()" line-rate="1" branch-rate="1" complexity="1">
              <lines>
                <line number="53" hits="3" branch="false" />
                <line number="54" hits="3" branch="false" />
                <line number="55" hits="3" branch="false" />
                <line number="56" hits="3" branch="false" />
                <line number="57" hits="3" branch="false" />
                <line number="58" hits="3" branch="false" />
                <line number="59" hits="3" branch="false" />
                <line number="60" hits="3" branch="false" />
                <line number="61" hits="3" branch="false" />
                <line number="62" hits="3" branch="false" />
                <line number="63" hits="3" branch="false" />
                <line number="64" hits="3" branch="false" />
                <line number="65" hits="3" branch="false" />
                <line number="66" hits="3" branch="false" />
                <line number="67" hits="3" branch="false" />
                <line number="68" hits="3" branch="false" />
              </lines>
            </method>
          </methods>
          <lines>
            <line number="17" hits="124" branch="false" />
            <line number="19" hits="124" branch="false" />
            <line number="20" hits="124" branch="false" />
            <line number="28" hits="11" branch="false" />
            <line number="29" hits="11" branch="false" />
            <line number="30" hits="11" branch="false" />
            <line number="31" hits="11" branch="false" />
            <line number="32" hits="11" branch="false" />
            <line number="33" hits="11" branch="false" />
            <line number="34" hits="11" branch="false" />
            <line number="37" hits="11" branch="false" />
            <line number="38" hits="8" branch="false" />
            <line number="42" hits="3" branch="false" />
            <line number="43" hits="3" branch="true" condition-coverage="100% (2/2)" />
            <line number="45" hits="11" branch="false" />
            <line number="53" hits="3" branch="false" />
            <line number="54" hits="3" branch="false" />
            <line number="55" hits="3" branch="false" />
            <line number="56" hits="3" branch="false" />
            <line number="57" hits="3" branch="false" />
            <line number="58" hits="3" branch="false" />
            <line number="59" hits="3" branch="false" />
            <line number="60" hits="3" branch="false" />
            <line number="61" hits="3" branch="false" />
            <line number="62" hits="3" branch="false" />
            <line number="63" hits="3" branch="false" />
            <line number="64" hits="3" branch="false" />
            <line number="65" hits="3" branch="false" />
            <line number="66" hits="3" branch="false" />
            <line number="67" hits="3" branch="false" />
            <line number="68" hits="3" branch="false" />
            <line number="76" hits="2" branch="false" />
            <line number="77" hits="2" branch="false" />
            <line number="78" hits="2" branch="false" />
            <line number="79" hits="2" branch="false" />
            <line number="80" hits="2" branch="false" />
            <line number="81" hits="2" branch="false" />
            <line number="82" hits="2" branch="false" />
            <line number="83" hits="2" branch="false" />
            <line number="84" hits="2" branch="false" />
            <line number="85" hits="2" branch="false" />
            <line number="86" hits="2" branch="false" />
            <line number="87" hits="2" branch="false" />
            <line number="88" hits="2" branch="false" />
            <line number="89" hits="2" branch="false" />
            <line number="90" hits="2" branch="false" />
            <line number="96" hits="10" branch="false" />
            <line number="97" hits="10" branch="false" />
            <line number="98" hits="10" branch="false" />
            <line number="99" hits="10" branch="false" />
            <line number="100" hits="10" branch="false" />
            <line number="108" hits="124" branch="false" />
            <line number="109" hits="124" branch="false" />
            <line number="110" hits="124" branch="false" />
            <line number="111" hits="124" branch="false" />
          </lines>
        </class>
        <class name="pengdows.hangfire.gateways.HashGateway" filename="/home/alaricd/prj/pengdows/pengdows.hangfire/pengdows.hangfire/Gateways/HashGateway.cs" line-rate="1" branch-rate="0.9285714285714286" complexity="17">
          <methods>
            <method name=".ctor" signature="(pengdows.crud.IDatabaseContext)" line-rate="1" branch-rate="1" complexity="1">
              <lines>
                <line number="9" hits="286" branch="false" />
              </lines>
            </method>
            <method name="DeleteAllForKeyAsync" signature="()" line-rate="1" branch-rate="1" complexity="2">
              <lines>
                <line number="57" hits="3" branch="true" condition-coverage="100% (2/2)" />
                <line number="58" hits="3" branch="false" />
                <line number="59" hits="3" branch="false" />
                <line number="60" hits="3" branch="false" />
                <line number="61" hits="3" branch="false" />
              </lines>
            </method>
            <method name="DeleteExpiredAsync" signature="()" line-rate="1" branch-rate="1" complexity="2">
              <lines>
                <line number="76" hits="10" branch="false" />
                <line number="77" hits="10" branch="false" />
                <line number="78" hits="10" branch="false" />
                <line number="79" hits="10" branch="false" />
                <line number="80" hits="10" branch="false" />
                <line number="81" hits="10" branch="false" />
                <line number="82" hits="10" branch="true" condition-coverage="100% (2/2)" />
                <line number="84" hits="9" branch="false" />
                <line number="87" hits="1" branch="false" />
                <line number="88" hits="10" branch="false" />
              </lines>
            </method>
            <method name="GetAllEntriesAsync" signature="()" line-rate="1" branch-rate="1" complexity="1">
              <lines>
                <line number="13" hits="5" branch="false" />
                <line number="14" hits="5" branch="false" />
                <line number="15" hits="5" branch="false" />
                <line number="16" hits="5" branch="false" />
                <line number="17" hits="9" branch="false" />
                <line number="18" hits="5" branch="false" />
              </lines>
            </method>
            <method name="GetCountAsync" signature="()" line-rate="1" branch-rate="1" complexity="1">
              <lines>
                <line number="33" hits="4" branch="false" />
                <line number="34" hits="4" branch="false" />
                <line number="35" hits="4" branch="false" />
                <line number="36" hits="4" branch="false" />
                <line number="37" hits="4" branch="false" />
              </lines>
            </method>
            <method name="GetTtlAsync" signature="()" line-rate="1" branch-rate="0.75" complexity="4">
              <lines>
                <line number="41" hits="5" branch="false" />
                <line number="42" hits="5" branch="false" />
                <line number="43" hits="5" branch="false" />
                <line number="44" hits="5" branch="false" />
                <line number="45" hits="5" branch="true" condition-coverage="100% (2/2)" />
                <line number="47" hits="4" branch="false" />
                <line number="49" hits="1" branch="true" condition-coverage="50% (1/2)" />
                <line number="50" hits="1" branch="false" />
                <line number="51" hits="1" branch="false" />
                <line number="52" hits="1" branch="false" />
                <line number="53" hits="5" branch="false" />
              </lines>
            </method>
            <method name="GetValueAsync" signature="()" line-rate="1" branch-rate="1" complexity="2">
              <lines>
                <line number="22" hits="5" branch="false" />
                <line number="23" hits="5" branch="false" />
                <line number="24" hits="5" branch="false" />
                <line number="25" hits="5" branch="false" />
                <line number="26" hits="5" branch="false" />
                <line number="27" hits="5" branch="false" />
                <line number="28" hits="5" branch="true" condition-coverage="100% (2/2)" />
                <line number="29" hits="5" branch="false" />
              </lines>
            </method>
            <method name="UpdateExpireAtAsync" signature="()" line-rate="1" branch-rate="1" complexity="4">
              <lines>
                <line number="65" hits="7" branch="true" condition-coverage="100% (2/2)" />
                <line number="66" hits="7" branch="false" />
                <line number="67" hits="7" branch="true" condition-coverage="100% (2/2)" />
                <line number="68" hits="7" branch="false" />
                <line number="69" hits="7" branch="false" />
                <line number="70" hits="7" branch="false" />
                <line number="71" hits="7" branch="false" />
                <line number="72" hits="7" branch="false" />
              </lines>
            </method>
          </methods>
          <lines>
            <line number="9" hits="286" branch="false" />
            <line number="13" hits="5" branch="false" />
            <line number="14" hits="5" branch="false" />
            <line number="15" hits="5" branch="false" />
            <line number="16" hits="5" branch="false" />
            <line number="17" hits="9" branch="false" />
            <line number="18" hits="5" branch="false" />
            <line number="22" hits="5" branch="false" />
            <line number="23" hits="5" branch="false" />
            <line number="24" hits="5" branch="false" />
            <line number="25" hits="5" branch="false" />
            <line number="26" hits="5" branch="false" />
            <line number="27" hits="5" branch="false" />
            <line number="28" hits="5" branch="true" condition-coverage="100% (2/2)" />
            <line number="29" hits="5" branch="false" />
            <line number="33" hits="4" branch="false" />
            <line number="34" hits="4" branch="false" />
            <line number="35" hits="4" branch="false" />
            <line number="36" hits="4" branch="false" />
            <line number="37" hits="4" branch="false" />
            <line number="41" hits="5" branch="false" />
            <line number="42" hits="5" branch="false" />
            <line number="43" hits="5" branch="false" />
            <line number="44" hits="5" branch="false" />
            <line number="45" hits="5" branch="true" condition-coverage="100% (2/2)" />
            <line number="47" hits="4" branch="false" />
            <line number="49" hits="1" branch="true" condition-coverage="50% (1/2)" />
            <line number="50" hits="1" branch="false" />
            <line number="51" hits="1" branch="false" />
            <line number="52" hits="1" branch="false" />
            <line number="53" hits="5" branch="false" />
            <line number="57" hits="3" branch="true" condition-coverage="100% (2/2)" />
            <line number="58" hits="3" branch="false" />
            <line number="59" hits="3" branch="false" />
            <line number="60" hits="3" branch="false" />
            <line number="61" hits="3" branch="false" />
            <line number="65" hits="7" branch="true" condition-coverage="100% (2/2)" />
            <line number="66" hits="7" branch="false" />
            <line number="67" hits="7" branch="true" condition-coverage="100% (2/2)" />
            <line number="68" hits="7" branch="false" />
            <line number="69" hits="7" branch="false" />
            <line number="70" hits="7" branch="false" />
            <line number="71" hits="7" branch="false" />
            <line number="72" hits="7" branch="false" />
            <line number="76" hits="10" branch="false" />
            <line number="77" hits="10" branch="false" />
            <line number="78" hits="10" branch="false" />
            <line number="79" hits="10" branch="false" />
            <line number="80" hits="10" branch="false" />
            <line number="81" hits="10" branch="false" />
            <line number="82" hits="10" branch="true" condition-coverage="100% (2/2)" />
            <line number="84" hits="9" branch="false" />
            <line number="87" hits="1" branch="false" />
            <line number="88" hits="10" branch="false" />
          </lines>
        </class>
        <class name="pengdows.hangfire.gateways.JobGateway" filename="/home/alaricd/prj/pengdows/pengdows.hangfire/pengdows.hangfire/Gateways/JobGateway.cs" line-rate="1" branch-rate="1" complexity="12">
          <methods>
            <method name=".ctor" signature="(pengdows.crud.IDatabaseContext)" line-rate="1" branch-rate="1" complexity="1">
              <lines>
                <line number="9" hits="276" branch="false" />
              </lines>
            </method>
            <method name="DeleteExpiredAsync" signature="()" line-rate="1" branch-rate="1" complexity="2">
              <lines>
                <line number="60" hits="11" branch="false" />
                <line number="61" hits="11" branch="false" />
                <line number="62" hits="11" branch="false" />
                <line number="63" hits="11" branch="false" />
                <line number="64" hits="11" branch="false" />
                <line number="65" hits="11" branch="false" />
                <line number="66" hits="11" branch="true" condition-coverage="100% (2/2)" />
                <line number="68" hits="10" branch="false" />
                <line number="71" hits="2" branch="false" />
                <line number="72" hits="11" branch="false" />
              </lines>
            </method>
            <method name="GetPagedByStateAsync" signature="()" line-rate="1" branch-rate="1" complexity="1">
              <lines>
                <line number="49" hits="2" branch="false" />
                <line number="50" hits="2" branch="false" />
                <line number="51" hits="2" branch="false" />
                <line number="52" hits="2" branch="false" />
                <line number="53" hits="2" branch="false" />
                <line number="54" hits="2" branch="false" />
                <line number="55" hits="2" branch="false" />
                <line number="56" hits="2" branch="false" />
              </lines>
            </method>
            <method name="UpdateExpireAtAsync" signature="()" line-rate="1" branch-rate="1" complexity="4">
              <lines>
                <line number="13" hits="7" branch="true" condition-coverage="100% (2/2)" />
                <line number="14" hits="7" branch="false" />
                <line number="15" hits="7" branch="true" condition-coverage="100% (2/2)" />
                <line number="16" hits="7" branch="false" />
                <line number="17" hits="7" branch="false" />
                <line number="18" hits="7" branch="false" />
                <line number="19" hits="7" branch="false" />
                <line number="20" hits="7" branch="false" />
              </lines>
            </method>
            <method name="UpdateStateAsync" signature="()" line-rate="1" branch-rate="1" complexity="2">
              <lines>
                <line number="35" hits="1" branch="true" condition-coverage="100% (2/2)" />
                <line number="36" hits="1" branch="false" />
                <line number="37" hits="1" branch="false" />
                <line number="38" hits="1" branch="false" />
                <line number="39" hits="1" branch="false" />
                <line number="40" hits="1" branch="false" />
                <line number="41" hits="1" branch="false" />
                <line number="42" hits="1" branch="false" />
                <line number="43" hits="1" branch="false" />
                <line number="44" hits="1" branch="false" />
                <line number="45" hits="1" branch="false" />
              </lines>
            </method>
            <method name="UpdateStateNameAsync" signature="()" line-rate="1" branch-rate="1" complexity="2">
              <lines>
                <line number="24" hits="4" branch="true" condition-coverage="100% (2/2)" />
                <line number="25" hits="4" branch="false" />
                <line number="26" hits="4" branch="false" />
                <line number="27" hits="4" branch="false" />
                <line number="28" hits="4" branch="false" />
                <line number="29" hits="4" branch="false" />
                <line number="30" hits="4" branch="false" />
                <line number="31" hits="4" branch="false" />
              </lines>
            </method>
          </methods>
          <lines>
            <line number="9" hits="276" branch="false" />
            <line number="13" hits="7" branch="true" condition-coverage="100% (2/2)" />
            <line number="14" hits="7" branch="false" />
            <line number="15" hits="7" branch="true" condition-coverage="100% (2/2)" />
            <line number="16" hits="7" branch="false" />
            <line number="17" hits="7" branch="false" />
            <line number="18" hits="7" branch="false" />
            <line number="19" hits="7" branch="false" />
            <line number="20" hits="7" branch="false" />
            <line number="24" hits="4" branch="true" condition-coverage="100% (2/2)" />
            <line number="25" hits="4" branch="false" />
            <line number="26" hits="4" branch="false" />
            <line number="27" hits="4" branch="false" />
            <line number="28" hits="4" branch="false" />
            <line number="29" hits="4" branch="false" />
            <line number="30" hits="4" branch="false" />
            <line number="31" hits="4" branch="false" />
            <line number="35" hits="1" branch="true" condition-coverage="100% (2/2)" />
            <line number="36" hits="1" branch="false" />
            <line number="37" hits="1" branch="false" />
            <line number="38" hits="1" branch="false" />
            <line number="39" hits="1" branch="false" />
            <line number="40" hits="1" branch="false" />
            <line number="41" hits="1" branch="false" />
            <line number="42" hits="1" branch="false" />
            <line number="43" hits="1" branch="false" />
            <line number="44" hits="1" branch="false" />
            <line number="45" hits="1" branch="false" />
            <line number="49" hits="2" branch="false" />
            <line number="50" hits="2" branch="false" />
            <line number="51" hits="2" branch="false" />
            <line number="52" hits="2" branch="false" />
            <line number="53" hits="2" branch="false" />
            <line number="54" hits="2" branch="false" />
            <line number="55" hits="2" branch="false" />
            <line number="56" hits="2" branch="false" />
            <line number="60" hits="11" branch="false" />
            <line number="61" hits="11" branch="false" />
            <line number="62" hits="11" branch="false" />
            <line number="63" hits="11" branch="false" />
            <line number="64" hits="11" branch="false" />
            <line number="65" hits="11" branch="false" />
            <line number="66" hits="11" branch="true" condition-coverage="100% (2/2)" />
            <line number="68" hits="10" branch="false" />
            <line number="71" hits="2" branch="false" />
            <line number="72" hits="11" branch="false" />
          </lines>
        </class>
        <class name="pengdows.hangfire.gateways.JobParameterGateway" filename="/home/alaricd/prj/pengdows/pengdows.hangfire/pengdows.hangfire/Gateways/JobParameterGateway.cs" line-rate="1" branch-rate="1" complexity="2">
          <methods>
            <method name=".ctor" signature="(pengdows.crud.IDatabaseContext)" line-rate="1" branch-rate="1" complexity="1">
              <lines>
                <line number="9" hits="252" branch="false" />
              </lines>
            </method>
            <method name="GetAllForJobAsync" signature="()" line-rate="1" branch-rate="1" complexity="1">
              <lines>
                <line number="13" hits="2" branch="false" />
                <line number="14" hits="2" branch="false" />
                <line number="15" hits="2" branch="false" />
                <line number="16" hits="2" branch="false" />
                <line number="17" hits="2" branch="false" />
                <line number="18" hits="2" branch="false" />
              </lines>
            </method>
          </methods>
          <lines>
            <line number="9" hits="252" branch="false" />
            <line number="13" hits="2" branch="false" />
            <line number="14" hits="2" branch="false" />
            <line number="15" hits="2" branch="false" />
            <line number="16" hits="2" branch="false" />
            <line number="17" hits="2" branch="false" />
            <line number="18" hits="2" branch="false" />
          </lines>
        </class>
        <class name="pengdows.hangfire.gateways.JobQueueGateway" filename="/home/alaricd/prj/pengdows/pengdows.hangfire/pengdows.hangfire/Gateways/JobQueueGateway.cs" line-rate="0.9324324324324325" branch-rate="0.8125" complexity="19">
          <methods>
            <method name=".ctor" signature="(pengdows.crud.IDatabaseContext)" line-rate="1" branch-rate="1" complexity="1">
              <lines>
                <line number="14" hits="266" branch="false" />
              </lines>
            </method>
            <method name="AcknowledgeAsync" signature="()" line-rate="1" branch-rate="1" complexity="1">
              <lines>
                <line number="18" hits="4" branch="false" />
                <line number="19" hits="4" branch="false" />
                <line number="20" hits="4" branch="false" />
                <line number="21" hits="4" branch="false" />
                <line number="22" hits="4" branch="false" />
                <line number="23" hits="4" branch="false" />
                <line number="24" hits="4" branch="false" />
              </lines>
            </method>
            <method name="FetchNextJobAsync" signature="()" line-rate="0.8809523809523809" branch-rate="0.75" complexity="12">
              <lines>
                <line number="63" hits="27" branch="true" condition-coverage="100% (2/2)" />
                <line number="65" hits="8" branch="false" />
                <line number="67" hits="7" branch="true" condition-coverage="50% (1/2)" />
                <line number="68" hits="7" branch="false" />
                <line number="69" hits="7" branch="false" />
                <line number="73" hits="7" branch="false" />
                <line number="74" hits="7" branch="false" />
                <line number="75" hits="7" branch="false" />
                <line number="76" hits="7" branch="false" />
                <line number="77" hits="7" branch="false" />
                <line number="78" hits="7" branch="false" />
                <line number="79" hits="7" branch="false" />
                <line number="80" hits="7" branch="false" />
                <line number="81" hits="7" branch="false" />
                <line number="82" hits="7" branch="false" />
                <line number="87" hits="7" branch="false" />
                <line number="89" hits="7" branch="true" condition-coverage="100% (2/2)" />
                <line number="91" hits="2" branch="false" />
                <line number="92" hits="2" branch="false" />
                <line number="94" hits="5" branch="false" />
                <line number="95" hits="5" branch="false" />
                <line number="96" hits="5" branch="false" />
                <line number="101" hits="5" branch="false" />
                <line number="102" hits="5" branch="false" />
                <line number="103" hits="5" branch="false" />
                <line number="104" hits="5" branch="false" />
                <line number="105" hits="5" branch="false" />
                <line number="106" hits="5" branch="false" />
                <line number="107" hits="5" branch="false" />
                <line number="108" hits="5" branch="false" />
                <line number="110" hits="5" branch="true" condition-coverage="100% (2/2)" />
                <line number="112" hits="1" branch="false" />
                <line number="113" hits="1" branch="false" />
                <line number="116" hits="4" branch="false" />
                <line number="117" hits="4" branch="true" condition-coverage="50% (2/4)" />
                <line number="118" hits="0" branch="false" />
                <line number="119" hits="0" branch="false" />
                <line number="121" hits="0" branch="false" />
                <line number="122" hits="0" branch="false" />
                <line number="124" hits="0" branch="false" />
                <line number="126" hits="3" branch="false" />
                <line number="127" hits="7" branch="false" />
              </lines>
            </method>
            <method name="GetDistinctQueuesAsync" signature="()" line-rate="1" branch-rate="1" complexity="2">
              <lines>
                <line number="39" hits="3" branch="false" />
                <line number="40" hits="3" branch="false" />
                <line number="41" hits="3" branch="false" />
                <line number="42" hits="3" branch="false" />
                <line number="43" hits="9" branch="true" condition-coverage="100% (2/2)" />
                <line number="45" hits="6" branch="false" />
                <line number="47" hits="3" branch="false" />
                <line number="48" hits="3" branch="false" />
              </lines>
            </method>
            <method name="GetPagedByQueueAsync" signature="()" line-rate="1" branch-rate="1" complexity="2">
              <lines>
                <line number="52" hits="4" branch="false" />
                <line number="53" hits="4" branch="false" />
                <line number="54" hits="4" branch="false" />
                <line number="55" hits="4" branch="true" condition-coverage="100% (2/2)" />
                <line number="56" hits="4" branch="false" />
                <line number="57" hits="4" branch="false" />
                <line number="58" hits="4" branch="false" />
                <line number="59" hits="4" branch="false" />
              </lines>
            </method>
            <method name="RequeueAsync" signature="()" line-rate="1" branch-rate="1" complexity="1">
              <lines>
                <line number="28" hits="5" branch="false" />
                <line number="29" hits="5" branch="false" />
                <line number="30" hits="5" branch="false" />
                <line number="31" hits="5" branch="false" />
                <line number="32" hits="5" branch="false" />
                <line number="33" hits="5" branch="false" />
                <line number="34" hits="5" branch="false" />
                <line number="35" hits="5" branch="false" />
              </lines>
            </method>
          </methods>
          <lines>
            <line number="14" hits="266" branch="false" />
            <line number="18" hits="4" branch="false" />
            <line number="19" hits="4" branch="false" />
            <line number="20" hits="4" branch="false" />
            <line number="21" hits="4" branch="false" />
            <line number="22" hits="4" branch="false" />
            <line number="23" hits="4" branch="false" />
            <line number="24" hits="4" branch="false" />
            <line number="28" hits="5" branch="false" />
            <line number="29" hits="5" branch="false" />
            <line number="30" hits="5" branch="false" />
            <line number="31" hits="5" branch="false" />
            <line number="32" hits="5" branch="false" />
            <line number="33" hits="5" branch="false" />
            <line number="34" hits="5" branch="false" />
            <line number="35" hits="5" branch="false" />
            <line number="39" hits="3" branch="false" />
            <line number="40" hits="3" branch="false" />
            <line number="41" hits="3" branch="false" />
            <line number="42" hits="3" branch="false" />
            <line number="43" hits="9" branch="true" condition-coverage="100% (2/2)" />
            <line number="45" hits="6" branch="false" />
            <line number="47" hits="3" branch="false" />
            <line number="48" hits="3" branch="false" />
            <line number="52" hits="4" branch="false" />
            <line number="53" hits="4" branch="false" />
            <line number="54" hits="4" branch="false" />
            <line number="55" hits="4" branch="true" condition-coverage="100% (2/2)" />
            <line number="56" hits="4" branch="false" />
            <line number="57" hits="4" branch="false" />
            <line number="58" hits="4" branch="false" />
            <line number="59" hits="4" branch="false" />
            <line number="63" hits="27" branch="true" condition-coverage="100% (2/2)" />
            <line number="65" hits="8" branch="false" />
            <line number="67" hits="7" branch="true" condition-coverage="50% (1/2)" />
            <line number="68" hits="7" branch="false" />
            <line number="69" hits="7" branch="false" />
            <line number="73" hits="7" branch="false" />
            <line number="74" hits="7" branch="false" />
            <line number="75" hits="7" branch="false" />
            <line number="76" hits="7" branch="false" />
            <line number="77" hits="7" branch="false" />
            <line number="78" hits="7" branch="false" />
            <line number="79" hits="7" branch="false" />
            <line number="80" hits="7" branch="false" />
            <line number="81" hits="7" branch="false" />
            <line number="82" hits="7" branch="false" />
            <line number="87" hits="7" branch="false" />
            <line number="89" hits="7" branch="true" condition-coverage="100% (2/2)" />
            <line number="91" hits="2" branch="false" />
            <line number="92" hits="2" branch="false" />
            <line number="94" hits="5" branch="false" />
            <line number="95" hits="5" branch="false" />
            <line number="96" hits="5" branch="false" />
            <line number="101" hits="5" branch="false" />
            <line number="102" hits="5" branch="false" />
            <line number="103" hits="5" branch="false" />
            <line number="104" hits="5" branch="false" />
            <line number="105" hits="5" branch="false" />
            <line number="106" hits="5" branch="false" />
            <line number="107" hits="5" branch="false" />
            <line number="108" hits="5" branch="false" />
            <line number="110" hits="5" branch="true" condition-coverage="100% (2/2)" />
            <line number="112" hits="1" branch="false" />
            <line number="113" hits="1" branch="false" />
            <line number="116" hits="4" branch="false" />
            <line number="117" hits="4" branch="true" condition-coverage="50% (2/4)" />
            <line number="118" hits="0" branch="false" />
            <line number="119" hits="0" branch="false" />
            <line number="121" hits="0" branch="false" />
            <line number="122" hits="0" branch="false" />
            <line number="124" hits="0" branch="false" />
            <line number="126" hits="3" branch="false" />
            <line number="127" hits="7" branch="false" />
          </lines>
        </class>
        <class name="pengdows.hangfire.gateways.JobStateGateway" filename="/home/alaricd/prj/pengdows/pengdows.hangfire/pengdows.hangfire/Gateways/JobStateGateway.cs" line-rate="1" branch-rate="1" complexity="3">
          <methods>
            <method name=".ctor" signature="(pengdows.crud.IDatabaseContext)" line-rate="1" branch-rate="1" complexity="1">
              <lines>
                <line number="9" hits="256" branch="false" />
              </lines>
            </method>
            <method name="GetAllForJobAsync" signature="()" line-rate="1" branch-rate="1" complexity="1">
              <lines>
                <line number="22" hits="2" branch="false" />
                <line number="23" hits="2" branch="false" />
                <line number="24" hits="2" branch="false" />
                <line number="25" hits="2" branch="false" />
                <line number="26" hits="2" branch="false" />
                <line number="27" hits="2" branch="false" />
              </lines>
            </method>
            <method name="GetLatestAsync" signature="()" line-rate="1" branch-rate="1" complexity="1">
              <lines>
                <line number="13" hits="5" branch="false" />
                <line number="14" hits="5" branch="false" />
                <line number="15" hits="5" branch="false" />
                <line number="16" hits="5" branch="false" />
                <line number="17" hits="5" branch="false" />
                <line number="18" hits="5" branch="false" />
              </lines>
            </method>
          </methods>
          <lines>
            <line number="9" hits="256" branch="false" />
            <line number="13" hits="5" branch="false" />
            <line number="14" hits="5" branch="false" />
            <line number="15" hits="5" branch="false" />
            <line number="16" hits="5" branch="false" />
            <line number="17" hits="5" branch="false" />
            <line number="18" hits="5" branch="false" />
            <line number="22" hits="2" branch="false" />
            <line number="23" hits="2" branch="false" />
            <line number="24" hits="2" branch="false" />
            <line number="25" hits="2" branch="false" />
            <line number="26" hits="2" branch="false" />
            <line number="27" hits="2" branch="false" />
          </lines>
        </class>
        <class name="pengdows.hangfire.gateways.ListGateway" filename="/home/alaricd/prj/pengdows/pengdows.hangfire/pengdows.hangfire/Gateways/ListGateway.cs" line-rate="0.9659090909090909" branch-rate="0.8666666666666667" complexity="30">
          <methods>
            <method name=".ctor" signature="(pengdows.crud.IDatabaseContext)" line-rate="1" branch-rate="1" complexity="1">
              <lines>
                <line number="9" hits="290" branch="false" />
              </lines>
            </method>
            <method name="AppendAsync" signature="()" line-rate="1" branch-rate="1" complexity="2">
              <lines>
                <line number="13" hits="13" branch="true" condition-coverage="100% (2/2)" />
                <line number="14" hits="13" branch="false" />
                <line number="15" hits="13" branch="false" />
              </lines>
            </method>
            <method name="DeleteByKeyValueAsync" signature="()" line-rate="0.75" branch-rate="0.75" complexity="4">
              <lines>
                <line number="19" hits="3" branch="true" condition-coverage="100% (2/2)" />
                <line number="20" hits="3" branch="false" />
                <line number="21" hits="3" branch="false" />
                <line number="22" hits="3" branch="false" />
                <line number="23" hits="3" branch="false" />
                <line number="24" hits="3" branch="true" condition-coverage="50% (1/2)" />
                <line number="27" hits="0" branch="false" />
                <line number="28" hits="0" branch="false" />
                <line number="29" hits="0" branch="false" />
                <line number="33" hits="3" branch="false" />
                <line number="35" hits="3" branch="false" />
                <line number="36" hits="3" branch="false" />
              </lines>
            </method>
            <method name="DeleteExpiredAsync" signature="()" line-rate="1" branch-rate="1" complexity="2">
              <lines>
                <line number="133" hits="10" branch="false" />
                <line number="134" hits="10" branch="false" />
                <line number="135" hits="10" branch="false" />
                <line number="136" hits="10" branch="false" />
                <line number="137" hits="10" branch="false" />
                <line number="138" hits="10" branch="false" />
                <line number="139" hits="10" branch="true" condition-coverage="100% (2/2)" />
                <line number="141" hits="9" branch="false" />
                <line number="144" hits="2" branch="false" />
                <line number="145" hits="10" branch="false" />
              </lines>
            </method>
            <method name="GetAllAsync" signature="()" line-rate="1" branch-rate="0.5" complexity="1">
              <lines>
                <line number="112" hits="4" branch="false" />
                <line number="113" hits="4" branch="false" />
                <line number="114" hits="4" branch="false" />
                <line number="115" hits="4" branch="false" />
                <line number="116" hits="4" branch="false" />
                <line number="117" hits="7" branch="true" condition-coverage="50% (1/2)" />
                <line number="118" hits="4" branch="false" />
              </lines>
            </method>
            <method name="GetCountAsync" signature="()" line-rate="1" branch-rate="1" complexity="1">
              <lines>
                <line number="77" hits="4" branch="false" />
                <line number="78" hits="4" branch="false" />
                <line number="79" hits="4" branch="false" />
                <line number="80" hits="4" branch="false" />
                <line number="81" hits="4" branch="false" />
              </lines>
            </method>
            <method name="GetRangeAsync" signature="()" line-rate="1" branch-rate="0.5" complexity="1">
              <lines>
                <line number="101" hits="4" branch="false" />
                <line number="102" hits="4" branch="false" />
                <line number="103" hits="4" branch="false" />
                <line number="104" hits="4" branch="false" />
                <line number="105" hits="4" branch="false" />
                <line number="106" hits="4" branch="false" />
                <line number="107" hits="6" branch="true" condition-coverage="50% (1/2)" />
                <line number="108" hits="4" branch="false" />
              </lines>
            </method>
            <method name="GetTtlAsync" signature="()" line-rate="1" branch-rate="0.75" complexity="4">
              <lines>
                <line number="85" hits="4" branch="false" />
                <line number="86" hits="4" branch="false" />
                <line number="87" hits="4" branch="false" />
                <line number="88" hits="4" branch="false" />
                <line number="89" hits="4" branch="true" condition-coverage="100% (2/2)" />
                <line number="91" hits="3" branch="false" />
                <line number="93" hits="1" branch="true" condition-coverage="50% (1/2)" />
                <line number="94" hits="1" branch="false" />
                <line number="95" hits="1" branch="false" />
                <line number="96" hits="1" branch="false" />
                <line number="97" hits="4" branch="false" />
              </lines>
            </method>
            <method name="TrimAsync" signature="()" line-rate="1" branch-rate="1" complexity="10">
              <lines>
                <line number="40" hits="7" branch="true" condition-coverage="100% (2/2)" />
                <line number="41" hits="7" branch="false" />
                <line number="42" hits="7" branch="false" />
                <line number="43" hits="7" branch="false" />
                <line number="45" hits="7" branch="true" condition-coverage="100% (6/6)" />
                <line number="46" hits="7" branch="false" />
                <line number="47" hits="7" branch="false" />
                <line number="49" hits="7" branch="true" condition-coverage="100% (2/2)" />
                <line number="54" hits="3" branch="false" />
                <line number="55" hits="3" branch="false" />
                <line number="56" hits="3" branch="false" />
                <line number="57" hits="3" branch="false" />
                <line number="58" hits="3" branch="false" />
                <line number="59" hits="3" branch="false" />
                <line number="60" hits="3" branch="false" />
                <line number="64" hits="4" branch="false" />
                <line number="65" hits="4" branch="false" />
                <line number="66" hits="4" branch="false" />
                <line number="67" hits="4" branch="false" />
                <line number="68" hits="4" branch="false" />
                <line number="69" hits="4" branch="false" />
                <line number="72" hits="7" branch="false" />
                <line number="73" hits="7" branch="false" />
              </lines>
            </method>
            <method name="UpdateExpireAtAsync" signature="()" line-rate="1" branch-rate="1" complexity="4">
              <lines>
                <line number="122" hits="6" branch="true" condition-coverage="100% (2/2)" />
                <line number="123" hits="6" branch="false" />
                <line number="124" hits="6" branch="true" condition-coverage="100% (2/2)" />
                <line number="125" hits="6" branch="false" />
                <line number="126" hits="6" branch="false" />
                <line number="127" hits="6" branch="false" />
                <line number="128" hits="6" branch="false" />
                <line number="129" hits="6" branch="false" />
              </lines>
            </method>
          </methods>
          <lines>
            <line number="9" hits="290" branch="false" />
            <line number="13" hits="13" branch="true" condition-coverage="100% (2/2)" />
            <line number="14" hits="13" branch="false" />
            <line number="15" hits="13" branch="false" />
            <line number="19" hits="3" branch="true" condition-coverage="100% (2/2)" />
            <line number="20" hits="3" branch="false" />
            <line number="21" hits="3" branch="false" />
            <line number="22" hits="3" branch="false" />
            <line number="23" hits="3" branch="false" />
            <line number="24" hits="3" branch="true" condition-coverage="50% (1/2)" />
            <line number="27" hits="0" branch="false" />
            <line number="28" hits="0" branch="false" />
            <line number="29" hits="0" branch="false" />
            <line number="33" hits="3" branch="false" />
            <line number="35" hits="3" branch="false" />
            <line number="36" hits="3" branch="false" />
            <line number="40" hits="7" branch="true" condition-coverage="100% (2/2)" />
            <line number="41" hits="7" branch="false" />
            <line number="42" hits="7" branch="false" />
            <line number="43" hits="7" branch="false" />
            <line number="45" hits="7" branch="true" condition-coverage="100% (6/6)" />
            <line number="46" hits="7" branch="false" />
            <line number="47" hits="7" branch="false" />
            <line number="49" hits="7" branch="true" condition-coverage="100% (2/2)" />
            <line number="54" hits="3" branch="false" />
            <line number="55" hits="3" branch="false" />
            <line number="56" hits="3" branch="false" />
            <line number="57" hits="3" branch="false" />
            <line number="58" hits="3" branch="false" />
            <line number="59" hits="3" branch="false" />
            <line number="60" hits="3" branch="false" />
            <line number="64" hits="4" branch="false" />
            <line number="65" hits="4" branch="false" />
            <line number="66" hits="4" branch="false" />
            <line number="67" hits="4" branch="false" />
            <line number="68" hits="4" branch="false" />
            <line number="69" hits="4" branch="false" />
            <line number="72" hits="7" branch="false" />
            <line number="73" hits="7" branch="false" />
            <line number="77" hits="4" branch="false" />
            <line number="78" hits="4" branch="false" />
            <line number="79" hits="4" branch="false" />
            <line number="80" hits="4" branch="false" />
            <line number="81" hits="4" branch="false" />
            <line number="85" hits="4" branch="false" />
            <line number="86" hits="4" branch="false" />
            <line number="87" hits="4" branch="false" />
            <line number="88" hits="4" branch="false" />
            <line number="89" hits="4" branch="true" condition-coverage="100% (2/2)" />
            <line number="91" hits="3" branch="false" />
            <line number="93" hits="1" branch="true" condition-coverage="50% (1/2)" />
            <line number="94" hits="1" branch="false" />
            <line number="95" hits="1" branch="false" />
            <line number="96" hits="1" branch="false" />
            <line number="97" hits="4" branch="false" />
            <line number="101" hits="4" branch="false" />
            <line number="102" hits="4" branch="false" />
            <line number="103" hits="4" branch="false" />
            <line number="104" hits="4" branch="false" />
            <line number="105" hits="4" branch="false" />
            <line number="106" hits="4" branch="false" />
            <line number="107" hits="6" branch="true" condition-coverage="50% (1/2)" />
            <line number="108" hits="4" branch="false" />
            <line number="112" hits="4" branch="false" />
            <line number="113" hits="4" branch="false" />
            <line number="114" hits="4" branch="false" />
            <line number="115" hits="4" branch="false" />
            <line number="116" hits="4" branch="false" />
            <line number="117" hits="7" branch="true" condition-coverage="50% (1/2)" />
            <line number="118" hits="4" branch="false" />
            <line number="122" hits="6" branch="true" condition-coverage="100% (2/2)" />
            <line number="123" hits="6" branch="false" />
            <line number="124" hits="6" branch="true" condition-coverage="100% (2/2)" />
            <line number="125" hits="6" branch="false" />
            <line number="126" hits="6" branch="false" />
            <line number="127" hits="6" branch="false" />
            <line number="128" hits="6" branch="false" />
            <line number="129" hits="6" branch="false" />
            <line number="133" hits="10" branch="false" />
            <line number="134" hits="10" branch="false" />
            <line number="135" hits="10" branch="false" />
            <line number="136" hits="10" branch="false" />
            <line number="137" hits="10" branch="false" />
            <line number="138" hits="10" branch="false" />
            <line number="139" hits="10" branch="true" condition-coverage="100% (2/2)" />
            <line number="141" hits="9" branch="false" />
            <line number="144" hits="2" branch="false" />
            <line number="145" hits="10" branch="false" />
          </lines>
        </class>
        <class name="pengdows.hangfire.gateways.ServerGateway" filename="/home/alaricd/prj/pengdows/pengdows.hangfire/pengdows.hangfire/Gateways/ServerGateway.cs" line-rate="1" branch-rate="1" complexity="3">
          <methods>
            <method name=".ctor" signature="(pengdows.crud.IDatabaseContext)" line-rate="1" branch-rate="1" complexity="1">
              <lines>
                <line number="9" hits="248" branch="false" />
              </lines>
            </method>
            <method name="RemoveTimedOutAsync" signature="()" line-rate="1" branch-rate="1" complexity="1">
              <lines>
                <line number="13" hits="2" branch="false" />
                <line number="14" hits="2" branch="false" />
                <line number="15" hits="2" branch="false" />
                <line number="16" hits="2" branch="false" />
                <line number="17" hits="2" branch="false" />
                <line number="18" hits="2" branch="false" />
              </lines>
            </method>
            <method name="UpdateHeartbeatAsync" signature="()" line-rate="1" branch-rate="1" complexity="1">
              <lines>
                <line number="22" hits="3" branch="false" />
                <line number="23" hits="3" branch="false" />
                <line number="24" hits="3" branch="false" />
                <line number="25" hits="3" branch="false" />
                <line number="26" hits="3" branch="false" />
                <line number="27" hits="3" branch="false" />
                <line number="28" hits="3" branch="false" />
                <line number="29" hits="3" branch="false" />
              </lines>
            </method>
          </methods>
          <lines>
            <line number="9" hits="248" branch="false" />
            <line number="13" hits="2" branch="false" />
            <line number="14" hits="2" branch="false" />
            <line number="15" hits="2" branch="false" />
            <line number="16" hits="2" branch="false" />
            <line number="17" hits="2" branch="false" />
            <line number="18" hits="2" branch="false" />
            <line number="22" hits="3" branch="false" />
            <line number="23" hits="3" branch="false" />
            <line number="24" hits="3" branch="false" />
            <line number="25" hits="3" branch="false" />
            <line number="26" hits="3" branch="false" />
            <line number="27" hits="3" branch="false" />
            <line number="28" hits="3" branch="false" />
            <line number="29" hits="3" branch="false" />
          </lines>
[...]
              </lines>
            </method>
            <method name="SetJobState" signature="(System.String,Hangfire.States.IState)" line-rate="1" branch-rate="1" complexity="2">
              <lines>
                <line number="74" hits="4" branch="true" condition-coverage="100% (2/2)" />
                <line number="76" hits="1" branch="false" />
                <line number="79" hits="3" branch="false" />
                <line number="80" hits="3" branch="false" />
                <line number="81" hits="3" branch="false" />
                <line number="82" hits="3" branch="false" />
                <line number="83" hits="3" branch="false" />
                <line number="84" hits="3" branch="false" />
                <line number="85" hits="3" branch="false" />
                <line number="86" hits="3" branch="false" />
                <line number="87" hits="3" branch="false" />
                <line number="88" hits="3" branch="false" />
                <line number="89" hits="3" branch="false" />
                <line number="90" hits="6" branch="false" />
                <line number="91" hits="3" branch="false" />
              </lines>
            </method>
            <method name="AddJobState" signature="(System.String,Hangfire.States.IState)" line-rate="0.9285714285714286" branch-rate="0.5" complexity="2">
              <lines>
                <line number="95" hits="2" branch="true" condition-coverage="50% (1/2)" />
                <line number="97" hits="0" branch="false" />
                <line number="100" hits="2" branch="false" />
                <line number="101" hits="2" branch="false" />
                <line number="102" hits="2" branch="false" />
                <line number="103" hits="2" branch="false" />
                <line number="104" hits="2" branch="false" />
                <line number="105" hits="2" branch="false" />
                <line number="106" hits="2" branch="false" />
                <line number="107" hits="2" branch="false" />
                <line number="108" hits="2" branch="false" />
                <line number="109" hits="2" branch="false" />
                <line number="110" hits="4" branch="false" />
                <line number="111" hits="2" branch="false" />
              </lines>
            </method>
            <method name="AddToQueue" signature="(System.String,System.String)" line-rate="1" branch-rate="1" complexity="2">
              <lines>
                <line number="115" hits="3" branch="true" condition-coverage="100% (2/2)" />
                <line number="117" hits="1" branch="false" />
                <line number="120" hits="2" branch="false" />
                <line number="121" hits="2" branch="false" />
                <line number="122" hits="2" branch="false" />
                <line number="123" hits="4" branch="false" />
                <line number="124" hits="2" branch="false" />
              </lines>
            </method>
            <method name="IncrementCounter" signature="(System.String)" line-rate="1" branch-rate="1" complexity="1">
              <lines>
                <line number="127" hits="10" branch="false" />
              </lines>
            </method>
            <method name="IncrementCounter" signature="(System.String,System.TimeSpan)" line-rate="1" branch-rate="1" complexity="1">
              <lines>
                <line number="130" hits="4" branch="false" />
              </lines>
            </method>
            <method name="DecrementCounter" signature="(System.String)" line-rate="1" branch-rate="1" complexity="1">
              <lines>
                <line number="133" hits="4" branch="false" />
              </lines>
            </method>
            <method name="DecrementCounter" signature="(System.String,System.TimeSpan)" line-rate="1" branch-rate="1" complexity="1">
              <lines>
                <line number="136" hits="4" branch="false" />
              </lines>
            </method>
            <method name="AddToSet" signature="(System.String,System.String)" line-rate="1" branch-rate="1" complexity="1">
              <lines>
                <line number="138" hits="7" branch="false" />
              </lines>
            </method>
            <method name="AddToSet" signature="(System.String,System.String,System.Double)" line-rate="1" branch-rate="1" complexity="1">
              <lines>
                <line number="142" hits="11" branch="false" />
                <line number="143" hits="11" branch="false" />
                <line number="144" hits="11" branch="false" />
                <line number="145" hits="22" branch="false" />
                <line number="146" hits="11" branch="false" />
              </lines>
            </method>
            <method name="RemoveFromSet" signature="(System.String,System.String)" line-rate="1" branch-rate="1" complexity="1">
              <lines>
                <line number="150" hits="2" branch="false" />
                <line number="151" hits="2" branch="false" />
                <line number="152" hits="2" branch="false" />
                <line number="153" hits="4" branch="false" />
                <line number="154" hits="2" branch="false" />
              </lines>
            </method>
            <method name="InsertToList" signature="(System.String,System.String)" line-rate="1" branch-rate="1" complexity="1">
              <lines>
                <line number="157" hits="24" branch="false" />
              </lines>
            </method>
            <method name="RemoveFromList" signature="(System.String,System.String)" line-rate="1" branch-rate="1" complexity="1">
              <lines>
                <line number="160" hits="4" branch="false" />
              </lines>
            </method>
            <method name="TrimList" signature="(System.String,System.Int32,System.Int32)" line-rate="1" branch-rate="1" complexity="1">
              <lines>
                <line number="163" hits="6" branch="false" />
              </lines>
            </method>
            <method name="SetRangeInHash" signature="(System.String,System.Collections.Generic.IEnumerable`1&lt;System.Collections.Generic.KeyValuePair`2&lt;System.String,System.String&gt;&gt;)" line-rate="1" branch-rate="1" complexity="4">
              <lines>
                <line number="167" hits="7" branch="true" condition-coverage="100% (2/2)" />
                <line number="169" hits="1" branch="false" />
                <line number="172" hits="6" branch="true" condition-coverage="100% (2/2)" />
                <line number="174" hits="1" branch="false" />
                <line number="177" hits="13" branch="false" />
                <line number="178" hits="10" branch="false" />
                <line number="179" hits="5" branch="false" />
              </lines>
            </method>
            <method name="RemoveHash" signature="(System.String)" line-rate="1" branch-rate="1" complexity="1">
              <lines>
                <line number="182" hits="4" branch="false" />
              </lines>
            </method>
            <method name="ExpireSet" signature="(System.String,System.TimeSpan)" line-rate="1" branch-rate="1" complexity="1">
              <lines>
                <line number="185" hits="6" branch="false" />
              </lines>
            </method>
            <method name="PersistSet" signature="(System.String)" line-rate="1" branch-rate="1" complexity="1">
              <lines>
                <line number="188" hits="4" branch="false" />
              </lines>
            </method>
            <method name="ExpireHash" signature="(System.String,System.TimeSpan)" line-rate="1" branch-rate="1" complexity="1">
              <lines>
                <line number="191" hits="6" branch="false" />
              </lines>
            </method>
            <method name="PersistHash" signature="(System.String)" line-rate="1" branch-rate="1" complexity="1">
              <lines>
                <line number="194" hits="4" branch="false" />
              </lines>
            </method>
            <method name="ExpireList" signature="(System.String,System.TimeSpan)" line-rate="1" branch-rate="1" complexity="1">
              <lines>
                <line number="197" hits="6" branch="false" />
              </lines>
            </method>
            <method name="PersistList" signature="(System.String)" line-rate="1" branch-rate="1" complexity="1">
              <lines>
                <line number="200" hits="4" branch="false" />
              </lines>
            </method>
            <method name="AddRangeToSet" signature="(System.String,System.Collections.Generic.IList`1&lt;System.String&gt;)" line-rate="1" branch-rate="1" complexity="4">
              <lines>
                <line number="204" hits="4" branch="true" condition-coverage="100% (2/2)" />
                <line number="206" hits="1" branch="false" />
                <line number="209" hits="3" branch="true" condition-coverage="100% (2/2)" />
                <line number="211" hits="1" branch="false" />
                <line number="214" hits="8" branch="false" />
                <line number="215" hits="4" branch="false" />
                <line number="216" hits="2" branch="false" />
              </lines>
            </method>
            <method name="RemoveSet" signature="(System.String)" line-rate="1" branch-rate="1" complexity="1">
              <lines>
                <line number="219" hits="2" branch="false" />
              </lines>
            </method>
            <method name="AcquireDistributedLock" signature="(System.String,System.TimeSpan)" line-rate="0" branch-rate="1" complexity="1">
              <lines>
                <line number="222" hits="0" branch="false" />
              </lines>
            </method>
            <method name="RemoveFromQueue" signature="(Hangfire.Storage.IFetchedJob)" line-rate="1" branch-rate="1" complexity="2">
              <lines>
                <line number="226" hits="2" branch="true" condition-coverage="100% (2/2)" />
                <line number="228" hits="1" branch="false" />
                <line number="229" hits="1" branch="false" />
                <line number="230" hits="1" branch="false" />
                <line number="231" hits="1" branch="false" />
                <line number="232" hits="1" branch="false" />
                <line number="234" hits="2" branch="false" />
              </lines>
            </method>
            <method name="Dispose" signature="()" line-rate="0.8" branch-rate="0.5" complexity="2">
              <lines>
                <line number="238" hits="168" branch="true" condition-coverage="50% (1/2)" />
                <line number="240" hits="0" branch="false" />
                <line number="243" hits="84" branch="false" />
                <line number="244" hits="84" branch="false" />
                <line number="245" hits="84" branch="false" />
              </lines>
            </method>
            <method name=".ctor" signature="(pengdows.hangfire.PengdowsCrudJobStorage)" line-rate="1" branch-rate="1" complexity="2">
              <lines>
                <line number="16" hits="84" branch="false" />
                <line number="17" hits="84" branch="false" />
                <line number="19" hits="84" branch="false" />
                <line number="21" hits="84" branch="true" condition-coverage="100% (2/2)" />
                <line number="22" hits="83" branch="false" />
              </lines>
            </method>
            <method name="CommitAsync" signature="()" line-rate="0.75" branch-rate="0.8333333333333334" complexity="6">
              <lines>
                <line number="31" hits="77" branch="true" condition-coverage="50% (1/2)" />
                <line number="32" hits="77" branch="false" />
                <line number="33" hits="77" branch="false" />
                <line number="34" hits="77" branch="true" condition-coverage="100% (2/2)" />
                <line number="37" hits="312" branch="true" condition-coverage="100% (2/2)" />
                <line number="39" hits="79" branch="false" />
                <line number="41" hits="77" branch="false" />
                <line number="42" hits="77" branch="false" />
                <line number="43" hits="0" branch="false" />
                <line number="45" hits="0" branch="false" />
                <line number="46" hits="0" branch="false" />
                <line number="48" hits="77" branch="false" />
              </lines>
            </method>
          </methods>
          <lines>
            <line number="16" hits="84" branch="false" />
            <line number="17" hits="84" branch="false" />
            <line number="19" hits="84" branch="false" />
            <line number="21" hits="84" branch="true" condition-coverage="100% (2/2)" />
            <line number="22" hits="83" branch="false" />
            <line number="26" hits="32" branch="false" />
            <line number="27" hits="32" branch="false" />
            <line number="31" hits="77" branch="true" condition-coverage="50% (1/2)" />
            <line number="32" hits="77" branch="false" />
            <line number="33" hits="77" branch="false" />
            <line number="34" hits="77" branch="true" condition-coverage="100% (2/2)" />
            <line number="37" hits="312" branch="true" condition-coverage="100% (2/2)" />
            <line number="39" hits="79" branch="false" />
            <line number="41" hits="77" branch="false" />
            <line number="42" hits="77" branch="false" />
            <line number="43" hits="0" branch="false" />
            <line number="45" hits="0" branch="false" />
            <line number="46" hits="0" branch="false" />
            <line number="48" hits="77" branch="false" />
            <line number="52" hits="4" branch="true" condition-coverage="100% (2/2)" />
            <line number="54" hits="1" branch="false" />
            <line number="57" hits="3" branch="false" />
            <line number="58" hits="6" branch="false" />
            <line number="59" hits="3" branch="false" />
            <line number="63" hits="3" branch="true" condition-coverage="100% (2/2)" />
            <line number="65" hits="1" branch="false" />
            <line number="68" hits="2" branch="false" />
            <line number="69" hits="4" branch="false" />
            <line number="70" hits="2" branch="false" />
            <line number="74" hits="4" branch="true" condition-coverage="100% (2/2)" />
            <line number="76" hits="1" branch="false" />
            <line number="79" hits="3" branch="false" />
            <line number="80" hits="3" branch="false" />
            <line number="81" hits="3" branch="false" />
            <line number="82" hits="3" branch="false" />
            <line number="83" hits="3" branch="false" />
            <line number="84" hits="3" branch="false" />
            <line number="85" hits="3" branch="false" />
            <line number="86" hits="3" branch="false" />
            <line number="87" hits="3" branch="false" />
            <line number="88" hits="3" branch="false" />
            <line number="89" hits="3" branch="false" />
            <line number="90" hits="6" branch="false" />
            <line number="91" hits="3" branch="false" />
            <line number="95" hits="2" branch="true" condition-coverage="50% (1/2)" />
            <line number="97" hits="0" branch="false" />
            <line number="100" hits="2" branch="false" />
            <line number="101" hits="2" branch="false" />
            <line number="102" hits="2" branch="false" />
            <line number="103" hits="2" branch="false" />
            <line number="104" hits="2" branch="false" />
            <line number="105" hits="2" branch="false" />
            <line number="106" hits="2" branch="false" />
            <line number="107" hits="2" branch="false" />
            <line number="108" hits="2" branch="false" />
            <line number="109" hits="2" branch="false" />
            <line number="110" hits="4" branch="false" />
            <line number="111" hits="2" branch="false" />
            <line number="115" hits="3" branch="true" condition-coverage="100% (2/2)" />
            <line number="117" hits="1" branch="false" />
            <line number="120" hits="2" branch="false" />
            <line number="121" hits="2" branch="false" />
            <line number="122" hits="2" branch="false" />
            <line number="123" hits="4" branch="false" />
            <line number="124" hits="2" branch="false" />
            <line number="127" hits="10" branch="false" />
            <line number="130" hits="4" branch="false" />
            <line number="133" hits="4" branch="false" />
            <line number="136" hits="4" branch="false" />
            <line number="138" hits="7" branch="false" />
            <line number="142" hits="11" branch="false" />
            <line number="143" hits="11" branch="false" />
            <line number="144" hits="11" branch="false" />
            <line number="145" hits="22" branch="false" />
            <line number="146" hits="11" branch="false" />
            <line number="150" hits="2" branch="false" />
            <line number="151" hits="2" branch="false" />
            <line number="152" hits="2" branch="false" />
            <line number="153" hits="4" branch="false" />
            <line number="154" hits="2" branch="false" />
            <line number="157" hits="24" branch="false" />
            <line number="160" hits="4" branch="false" />
            <line number="163" hits="6" branch="false" />
            <line number="167" hits="7" branch="true" condition-coverage="100% (2/2)" />
            <line number="169" hits="1" branch="false" />
            <line number="172" hits="6" branch="true" condition-coverage="100% (2/2)" />
            <line number="174" hits="1" branch="false" />
            <line number="177" hits="13" branch="false" />
            <line number="178" hits="10" branch="false" />
            <line number="179" hits="5" branch="false" />
            <line number="182" hits="4" branch="false" />
            <line number="185" hits="6" branch="false" />
            <line number="188" hits="4" branch="false" />
            <line number="191" hits="6" branch="false" />
            <line number="194" hits="4" branch="false" />
            <line number="197" hits="6" branch="false" />
            <line number="200" hits="4" branch="false" />
            <line number="204" hits="4" branch="true" condition-coverage="100% (2/2)" />
            <line number="206" hits="1" branch="false" />
            <line number="209" hits="3" branch="true" condition-coverage="100% (2/2)" />
            <line number="211" hits="1" branch="false" />
            <line number="214" hits="8" branch="false" />
            <line number="215" hits="4" branch="false" />
            <line number="216" hits="2" branch="false" />
            <line number="219" hits="2" branch="false" />
            <line number="222" hits="0" branch="false" />
            <line number="226" hits="2" branch="true" condition-coverage="100% (2/2)" />
            <line number="228" hits="1" branch="false" />
            <line number="229" hits="1" branch="false" />
            <line number="230" hits="1" branch="false" />
            <line number="231" hits="1" branch="false" />
            <line number="232" hits="1" branch="false" />
            <line number="234" hits="2" branch="false" />
            <line number="238" hits="168" branch="true" condition-coverage="50% (1/2)" />
            <line number="240" hits="0" branch="false" />
            <line number="243" hits="84" branch="false" />
            <line number="244" hits="84" branch="false" />
            <line number="245" hits="84" branch="false" />
          </lines>
        </class>
      </classes>
    </package>
  </packages>
</coverage>