<?xml version="1.0" encoding="utf-8"?>
<!DOCTYPE coverage SYSTEM "http://cobertura.sourceforge.net/xml/coverage-04.dtd">
<coverage line-rate="0.9128065395095368" branch-rate="0.8802083333333334" lines-covered="1675" lines-valid="1835" branches-covered="338" branches-valid="384" complexity="493" version="0" timestamp="1776098620">
  <sources>
    <source>/home/alaricd/prj/pengdows/pengdows.hangfire/pengdows.hangfire/</source>
  </sources>
  <packages>
    <package name="pengdows.hangfire" line-rate="0.9128065395095368" branch-rate="0.8802083333333334" complexity="493">
      <classes>
        <class name="pengdows.hangfire.CountersAggregator" filename="/home/alaricd/prj/pengdows/pengdows.hangfire/pengdows.hangfire/CountersAggregator.cs" line-rate="0.6428571428571429" branch-rate="0.875" complexity="12">
          <methods>
            <method name="Execute" signature="(Hangfire.Server.BackgroundProcessContext)" line-rate="0" branch-rate="1" complexity="1">
              <lines>
                <line number="24" hits="0" branch="false" />
                <line number="25" hits="0" branch="false" />
                <line number="26" hits="0" branch="false" />
                <line number="27" hits="0" branch="false" />
                <line number="28" hits="0" branch="false" />
                <line number="29" hits="0" branch="false" />
                <line number="30" hits="0" branch="false" />
                <line number="31" hits="0" branch="false" />
                <line number="32" hits="0" branch="false" />
              </lines>
            </method>
            <method name="RunOnce" signature="()" line-rate="1" branch-rate="1" complexity="1">
              <lines>
                <line number="34" hits="2" branch="false" />
              </lines>
            </method>
            <method name="RunCore" signature="(System.Action`1&lt;System.TimeSpan&gt;)" line-rate="1" branch-rate="0.8333333333333334" complexity="6">
              <lines>
                <line number="37" hits="2" branch="false" />
                <line number="38" hits="2" branch="false" />
                <line number="42" hits="3" branch="false" />
                <line number="43" hits="3" branch="false" />
                <line number="45" hits="3" branch="true" condition-coverage="100% (2/2)" />
                <line number="46" hits="1" branch="false" />
                <line number="47" hits="1" branch="true" condition-coverage="50% (1/2)" />
                <line number="48" hits="1" branch="false" />
                <line number="49" hits="6" branch="true" condition-coverage="100% (2/2)" />
                <line number="51" hits="2" branch="false" />
                <line number="52" hits="2" branch="false" />
              </lines>
            </method>
            <method name="ToString" signature="()" line-rate="1" branch-rate="1" complexity="1">
              <lines>
                <line number="54" hits="2" branch="false" />
              </lines>
            </method>
            <method name=".ctor" signature="(pengdows.hangfire.PengdowsCrudJobStorage,System.TimeSpan)" line-rate="1" branch-rate="1" complexity="2">
              <lines>
                <line number="13" hits="4" branch="false" />
                <line number="18" hits="4" branch="false" />
                <line number="19" hits="4" branch="true" condition-coverage="100% (2/2)" />
                <line number="20" hits="3" branch="false" />
                <line number="21" hits="3" branch="false" />
              </lines>
            </method>
            <method name=".cctor" signature="()" line-rate="0" branch-rate="1" complexity="1">
              <lines>
                <line number="11" hits="0" branch="false" />
              </lines>
            </method>
          </methods>
          <lines>
            <line number="11" hits="0" branch="false" />
            <line number="13" hits="4" branch="false" />
            <line number="18" hits="4" branch="false" />
            <line number="19" hits="4" branch="true" condition-coverage="100% (2/2)" />
            <line number="20" hits="3" branch="false" />
            <line number="21" hits="3" branch="false" />
            <line number="24" hits="0" branch="false" />
            <line number="25" hits="0" branch="false" />
            <line number="26" hits="0" branch="false" />
            <line number="27" hits="0" branch="false" />
            <line number="28" hits="0" branch="false" />
            <line number="29" hits="0" branch="false" />
            <line number="30" hits="0" branch="false" />
            <line number="31" hits="0" branch="false" />
            <line number="32" hits="0" branch="false" />
            <line number="34" hits="2" branch="false" />
            <line number="37" hits="2" branch="false" />
            <line number="38" hits="2" branch="false" />
            <line number="42" hits="3" branch="false" />
            <line number="43" hits="3" branch="false" />
            <line number="45" hits="3" branch="true" condition-coverage="100% (2/2)" />
            <line number="46" hits="1" branch="false" />
            <line number="47" hits="1" branch="true" condition-coverage="50% (1/2)" />
            <line number="48" hits="1" branch="false" />
            <line number="49" hits="6" branch="true" condition-coverage="100% (2/2)" />
            <line number="51" hits="2" branch="false" />
            <line number="52" hits="2" branch="false" />
            <line number="54" hits="2" branch="false" />
          </lines>
        </class>
        <class name="pengdows.hangfire.ExpirationManager" filename="/home/alaricd/prj/pengdows/pengdows.hangfire/pengdows.hangfire/ExpirationManager.cs" line-rate="0.6585365853658537" branch-rate="1" complexity="8">
          <methods>
            <method name="Execute" signature="(Hangfire.Server.BackgroundProcessContext)" line-rate="0" branch-rate="1" complexity="1">
              <lines>
                <line number="25" hits="0" branch="false" />
                <line number="26" hits="0" branch="false" />
                <line number="27" hits="0" branch="false" />
                <line number="28" hits="0" branch="false" />
              </lines>
            </method>
            <method name="RunOnce" signature="()" line-rate="0.6470588235294118" branch-rate="1" complexity="1">
              <lines>
                <line number="31" hits="2" branch="false" />
                <line number="33" hits="2" branch="false" />
                <line number="34" hits="2" branch="false" />
                <line number="36" hits="2" branch="false" />
                <line number="38" hits="4" branch="false" />
                <line number="39" hits="4" branch="false" />
                <line number="40" hits="4" branch="false" />
                <line number="41" hits="4" branch="false" />
                <line number="42" hits="4" branch="false" />
                <line number="43" hits="2" branch="false" />
                <line number="44" hits="0" branch="false" />
                <line number="45" hits="0" branch="false" />
                <line number="46" hits="0" branch="false" />
                <line number="47" hits="0" branch="false" />
                <line number="48" hits="0" branch="false" />
                <line number="49" hits="0" branch="false" />
                <line number="50" hits="2" branch="false" />
              </lines>
            </method>
            <method name="DeleteExpiredRows" signature="(System.String,System.Func`1&lt;System.Int32&gt;)" line-rate="0.6923076923076923" branch-rate="1" complexity="2">
              <lines>
                <line number="53" hits="10" branch="false" />
                <line number="54" hits="10" branch="false" />
                <line number="56" hits="10" branch="false" />
                <line number="59" hits="10" branch="false" />
                <line number="60" hits="10" branch="false" />
                <line number="61" hits="20" branch="true" condition-coverage="100% (2/2)" />
                <line number="62" hits="10" branch="false" />
                <line number="63" hits="0" branch="false" />
                <line number="64" hits="0" branch="false" />
                <line number="65" hits="0" branch="false" />
                <line number="66" hits="0" branch="false" />
                <line number="67" hits="10" branch="false" />
                <line number="68" hits="10" branch="false" />
              </lines>
            </method>
            <method name="ToString" signature="()" line-rate="1" branch-rate="1" complexity="1">
              <lines>
                <line number="70" hits="3" branch="false" />
              </lines>
            </method>
            <method name=".ctor" signature="(pengdows.hangfire.PengdowsCrudJobStorage,System.TimeSpan)" line-rate="1" branch-rate="1" complexity="2">
              <lines>
                <line number="14" hits="4" branch="false" />
                <line number="19" hits="4" branch="false" />
                <line number="20" hits="4" branch="true" condition-coverage="100% (2/2)" />
                <line number="21" hits="3" branch="false" />
                <line number="22" hits="3" branch="false" />
              </lines>
            </method>
            <method name=".cctor" signature="()" line-rate="1" branch-rate="1" complexity="1">
              <lines>
                <line number="11" hits="1" branch="false" />
              </lines>
            </method>
          </methods>
          <lines>
            <line number="11" hits="1" branch="false" />
            <line number="14" hits="4" branch="false" />
            <line number="19" hits="4" branch="false" />
            <line number="20" hits="4" branch="true" condition-coverage="100% (2/2)" />
            <line number="21" hits="3" branch="false" />
            <line number="22" hits="3" branch="false" />
            <line number="25" hits="0" branch="false" />
            <line number="26" hits="0" branch="false" />
            <line number="27" hits="0" branch="false" />
            <line number="28" hits="0" branch="false" />
            <line number="31" hits="2" branch="false" />
            <line number="33" hits="2" branch="false" />
            <line number="34" hits="2" branch="false" />
            <line number="36" hits="2" branch="false" />
            <line number="38" hits="4" branch="false" />
            <line number="39" hits="4" branch="false" />
            <line number="40" hits="4" branch="false" />
            <line number="41" hits="4" branch="false" />
            <line number="42" hits="4" branch="false" />
            <line number="43" hits="2" branch="false" />
            <line number="44" hits="0" branch="false" />
            <line number="45" hits="0" branch="false" />
            <line number="46" hits="0" branch="false" />
            <line number="47" hits="0" branch="false" />
            <line number="48" hits="0" branch="false" />
            <line number="49" hits="0" branch="false" />
            <line number="50" hits="2" branch="false" />
            <line number="53" hits="10" branch="false" />
            <line number="54" hits="10" branch="false" />
            <line number="56" hits="10" branch="false" />
            <line number="59" hits="10" branch="false" />
            <line number="60" hits="10" branch="false" />
            <line number="61" hits="20" branch="true" condition-coverage="100% (2/2)" />
            <line number="62" hits="10" branch="false" />
            <line number="63" hits="0" branch="false" />
            <line number="64" hits="0" branch="false" />
            <line number="65" hits="0" branch="false" />
            <line number="66" hits="0" branch="false" />
            <line number="67" hits="10" branch="false" />
            <line number="68" hits="10" branch="false" />
            <line number="70" hits="3" branch="false" />
          </lines>
        </class>
        <class name="pengdows.hangfire.FetchedJobWatchdog" filename="/home/alaricd/prj/pengdows/pengdows.hangfire/pengdows.hangfire/FetchedJobWatchdog.cs" line-rate="0.8333333333333334" branch-rate="1" complexity="7">
          <methods>
            <method name="Execute" signature="(Hangfire.Server.BackgroundProcessContext)" line-rate="0" branch-rate="1" complexity="1">
              <lines>
                <line number="21" hits="0" branch="false" />
                <line number="22" hits="0" branch="false" />
                <line number="23" hits="0" branch="false" />
                <line number="24" hits="0" branch="false" />
              </lines>
            </method>
            <method name="RunOnce" signature="()" line-rate="1" branch-rate="1" complexity="2">
              <lines>
                <line number="27" hits="5" branch="false" />
                <line number="28" hits="5" branch="false" />
                <line number="30" hits="5" branch="false" />
                <line number="31" hits="5" branch="false" />
                <line number="32" hits="4" branch="true" condition-coverage="100% (2/2)" />
                <line number="33" hits="3" branch="false" />
                <line number="34" hits="3" branch="false" />
                <line number="35" hits="3" branch="false" />
                <line number="36" hits="4" branch="false" />
                <line number="37" hits="1" branch="false" />
                <line number="38" hits="1" branch="false" />
                <line number="39" hits="1" branch="false" />
                <line number="40" hits="1" branch="false" />
                <line number="41" hits="5" branch="false" />
              </lines>
            </method>
            <method name="ToString" signature="()" line-rate="1" branch-rate="1" complexity="1">
              <lines>
                <line number="43" hits="2" branch="false" />
              </lines>
            </method>
            <method name=".ctor" signature="(pengdows.hangfire.PengdowsCrudJobStorage,System.TimeSpan)" line-rate="1" branch-rate="1" complexity="2">
              <lines>
                <line number="15" hits="8" branch="false" />
                <line number="16" hits="8" branch="true" condition-coverage="100% (2/2)" />
                <line number="17" hits="7" branch="false" />
                <line number="18" hits="7" branch="false" />
              </lines>
            </method>
            <method name=".cctor" signature="()" line-rate="1" branch-rate="1" complexity="1">
              <lines>
                <line number="9" hits="2" branch="false" />
              </lines>
            </method>
          </methods>
          <lines>
            <line number="9" hits="2" branch="false" />
            <line number="15" hits="8" branch="false" />
            <line number="16" hits="8" branch="true" condition-coverage="100% (2/2)" />
            <line number="17" hits="7" branch="false" />
            <line number="18" hits="7" branch="false" />
            <line number="21" hits="0" branch="false" />
            <line number="22" hits="0" branch="false" />
            <line number="23" hits="0" branch="false" />
            <line number="24" hits="0" branch="false" />
            <line number="27" hits="5" branch="false" />
            <line number="28" hits="5" branch="false" />
            <line number="30" hits="5" branch="false" />
            <line number="31" hits="5" branch="false" />
            <line number="32" hits="4" branch="true" condition-coverage="100% (2/2)" />
            <line number="33" hits="3" branch="false" />
            <line number="34" hits="3" branch="false" />
            <line number="35" hits="3" branch="false" />
            <line number="36" hits="4" branch="false" />
            <line number="37" hits="1" branch="false" />
            <line number="38" hits="1" branch="false" />
            <line number="39" hits="1" branch="false" />
            <line number="40" hits="1" branch="false" />
            <line number="41" hits="5" branch="false" />
            <line number="43" hits="2" branch="false" />
          </lines>
        </class>
        <class name="pengdows.hangfire.gateways.AggregatedCounterGateway" filename="/home/alaricd/prj/pengdows/pengdows.hangfire/pengdows.hangfire/Gateways/AggregatedCounterGateway.cs" line-rate="1" branch-rate="1" complexity="12">
          <methods>
            <method name=".ctor" signature="(pengdows.crud.IDatabaseContext)" line-rate="1" branch-rate="1" complexity="1">
              <lines>
                <line number="9" hits="600" branch="false" />
              </lines>
            </method>
            <method name="DeleteExpiredAsync" signature="()" line-rate="1" branch-rate="1" complexity="2">
              <lines>
                <line number="53" hits="8" branch="false" />
                <line number="54" hits="8" branch="false" />
                <line number="55" hits="8" branch="false" />
                <line number="56" hits="8" branch="false" />
                <line number="57" hits="8" branch="false" />
                <line number="58" hits="8" branch="false" />
                <line number="59" hits="8" branch="false" />
                <line number="60" hits="8" branch="true" condition-coverage="100% (2/2)" />
                <line number="61" hits="6" branch="false" />
                <line number="62" hits="6" branch="false" />
                <line number="65" hits="4" branch="false" />
                <line number="66" hits="8" branch="false" />
              </lines>
            </method>
            <method name="GetTimelineAsync" signature="()" line-rate="1" branch-rate="1" complexity="8">
              <lines>
                <line number="12" hits="7" branch="false" />
                <line number="13" hits="7" branch="false" />
                <line number="14" hits="7" branch="true" condition-coverage="100% (2/2)" />
                <line number="15" hits="1" branch="false" />
                <line number="16" hits="1" branch="false" />
                <line number="19" hits="6" branch="false" />
                <line number="20" hits="6" branch="false" />
                <line number="21" hits="6" branch="false" />
                <line number="22" hits="6" branch="false" />
                <line number="23" hits="154" branch="true" condition-coverage="100% (2/2)" />
                <line number="24" hits="71" branch="false" />
                <line number="25" hits="71" branch="true" condition-coverage="100% (2/2)" />
                <line number="26" hits="65" branch="false" />
                <line number="27" hits="65" branch="false" />
                <line number="28" hits="65" branch="false" />
                <line number="30" hits="71" branch="false" />
                <line number="31" hits="71" branch="false" />
                <line number="32" hits="6" branch="false" />
                <line number="34" hits="6" branch="false" />
                <line number="35" hits="14" branch="true" condition-coverage="100% (2/2)" />
                <line number="36" hits="8" branch="false" />
                <line number="37" hits="8" branch="false" />
                <line number="38" hits="8" branch="false" />
                <line number="40" hits="6" branch="false" />
                <line number="41" hits="7" branch="false" />
              </lines>
            </method>
            <method name="GetValueAsync" signature="()" line-rate="1" branch-rate="1" complexity="1">
              <lines>
                <line number="44" hits="4" branch="false" />
                <line number="45" hits="4" branch="false" />
                <line number="46" hits="4" branch="false" />
                <line number="47" hits="4" branch="false" />
                <line number="48" hits="4" branch="false" />
                <line number="49" hits="4" branch="false" />
                <line number="50" hits="4" branch="false" />
              </lines>
            </method>
          </methods>
          <lines>
            <line number="9" hits="600" branch="false" />
            <line number="12" hits="7" branch="false" />
            <line number="13" hits="7" branch="false" />
            <line number="14" hits="7" branch="true" condition-coverage="100% (2/2)" />
            <line number="15" hits="1" branch="false" />
            <line number="16" hits="1" branch="false" />
            <line number="19" hits="6" branch="false" />
            <line number="20" hits="6" branch="false" />
            <line number="21" hits="6" branch="false" />
            <line number="22" hits="6" branch="false" />
            <line number="23" hits="154" branch="true" condition-coverage="100% (2/2)" />
            <line number="24" hits="71" branch="false" />
            <line number="25" hits="71" branch="true" condition-coverage="100% (2/2)" />
            <line number="26" hits="65" branch="false" />
            <line number="27" hits="65" branch="false" />
            <line number="28" hits="65" branch="false" />
            <line number="30" hits="71" branch="false" />
            <line number="31" hits="71" branch="false" />
            <line number="32" hits="6" branch="false" />
            <line number="34" hits="6" branch="false" />
            <line number="35" hits="14" branch="true" condition-coverage="100% (2/2)" />
            <line number="36" hits="8" branch="false" />
            <line number="37" hits="8" branch="false" />
            <line number="38" hits="8" branch="false" />
            <line number="40" hits="6" branch="false" />
            <line number="41" hits="7" branch="false" />
            <line number="44" hits="4" branch="false" />
            <line number="45" hits="4" branch="false" />
            <line number="46" hits="4" branch="false" />
            <line number="47" hits="4" branch="false" />
            <line number="48" hits="4" branch="false" />
            <line number="49" hits="4" branch="false" />
            <line number="50" hits="4" branch="false" />
            <line number="53" hits="8" branch="false" />
            <line number="54" hits="8" branch="false" />
            <line number="55" hits="8" branch="false" />
            <line number="56" hits="8" branch="false" />
            <line number="57" hits="8" branch="false" />
            <line number="58" hits="8" branch="false" />
            <line number="59" hits="8" branch="false" />
            <line number="60" hits="8" branch="true" condition-coverage="100% (2/2)" />
            <line number="61" hits="6" branch="false" />
            <line number="62" hits="6" branch="false" />
            <line number="65" hits="4" branch="false" />
            <line number="66" hits="8" branch="false" />
          </lines>
        </class>
        <class name="pengdows.hangfire.gateways.CounterGateway" filename="/home/alaricd/prj/pengdows/pengdows.hangfire/pengdows.hangfire/Gateways/CounterGateway.cs" line-rate="0.7727272727272727" branch-rate="0.9166666666666666" complexity="27">
          <methods>
            <method name=".ctor" signature="(pengdows.crud.IDatabaseContext)" line-rate="1" branch-rate="1" complexity="1">
              <lines>
                <line number="11" hits="567" branch="false" />
              </lines>
            </method>
            <method name="AggregateAsync" signature="()" line-rate="0.7619047619047619" branch-rate="0.9090909090909091" complexity="24">
              <lines>
                <line number="24" hits="13" branch="false" />
                <line number="26" hits="13" branch="false" />
                <line number="27" hits="13" branch="false" />
                <line number="28" hits="13" branch="false" />
                <line number="29" hits="13" branch="false" />
                <line number="30" hits="13" branch="false" />
                <line number="31" hits="13" branch="false" />
                <line number="32" hits="13" branch="false" />
                <line number="33" hits="13" branch="false" />
                <line number="35" hits="13" branch="false" />
                <line number="36" hits="13" branch="false" />
                <line number="37" hits="13" branch="false" />
                <line number="38" hits="1027" branch="true" condition-coverage="100% (2/2)" />
                <line number="39" hits="1014" branch="false" />
                <line number="40" hits="1014" branch="false" />
                <line number="41" hits="1014" branch="false" />
                <line number="42" hits="13" branch="false" />
                <line number="44" hits="13" branch="true" condition-coverage="100% (2/2)" />
                <line number="45" hits="3" branch="false" />
                <line number="46" hits="3" branch="false" />
                <line number="50" hits="10" branch="false" />
                <line number="51" hits="2091" branch="false" />
                <line number="52" hits="11" branch="false" />
                <line number="53" hits="11" branch="false" />
                <line number="54" hits="11" branch="true" condition-coverage="50% (1/2)" />
                <line number="55" hits="0" branch="false" />
                <line number="56" hits="0" branch="false" />
                <line number="57" hits="0" branch="false" />
                <line number="58" hits="0" branch="false" />
                <line number="59" hits="0" branch="false" />
                <line number="60" hits="0" branch="false" />
                <line number="61" hits="0" branch="false" />
                <line number="62" hits="0" branch="false" />
                <line number="63" hits="0" branch="false" />
                <line number="64" hits="0" branch="false" />
                <line number="65" hits="0" branch="false" />
                <line number="66" hits="0" branch="false" />
                <line number="67" hits="11" branch="true" condition-coverage="50% (1/2)" />
                <line number="68" hits="0" branch="false" />
                <line number="70" hits="0" branch="false" />
                <line number="71" hits="0" branch="false" />
                <line number="72" hits="0" branch="false" />
                <line number="73" hits="0" branch="false" />
                <line number="74" hits="0" branch="false" />
                <line number="75" hits="0" branch="false" />
                <line number="76" hits="0" branch="false" />
                <line number="77" hits="0" branch="false" />
                <line number="78" hits="0" branch="false" />
                <line number="79" hits="0" branch="false" />
                <line number="80" hits="0" branch="false" />
                <line number="81" hits="0" branch="false" />
                <line number="82" hits="11" branch="true" condition-coverage="100% (8/8)" />
                <line number="83" hits="11" branch="false" />
                <line number="84" hits="11" branch="false" />
                <line number="85" hits="3" branch="false" />
                <line number="87" hits="3" branch="false" />
                <line number="88" hits="3" branch="false" />
                <line number="89" hits="3" branch="false" />
                <line number="90" hits="3" branch="false" />
                <line number="91" hits="3" branch="false" />
                <line number="92" hits="3" branch="false" />
                <line number="93" hits="3" branch="false" />
                <line number="94" hits="8" branch="true" condition-coverage="100% (2/2)" />
                <line number="95" hits="1" branch="false" />
                <line number="99" hits="1" branch="false" />
                <line number="100" hits="1" branch="false" />
                <line number="101" hits="1" branch="false" />
                <line number="102" hits="1" branch="false" />
                <line number="103" hits="1" branch="false" />
                <line number="104" hits="1" branch="false" />
                <line number="105" hits="1" branch="false" />
                <line number="106" hits="1" branch="false" />
                <line number="107" hits="1" branch="false" />
                <line number="108" hits="1" branch="false" />
                <line number="109" hits="1" branch="false" />
                <line number="110" hits="1" branch="false" />
                <line number="111" hits="1" branch="false" />
                <line number="113" hits="7" branch="false" />
                <line number="114" hits="7" branch="false" />
                <line number="115" hits="7" branch="false" />
                <line number="116" hits="7" branch="false" />
                <line number="117" hits="7" branch="false" />
                <line number="118" hits="7" branch="false" />
                <line number="119" hits="7" branch="false" />
                <line number="120" hits="7" branch="false" />
                <line number="121" hits="7" branch="false" />
                <line number="122" hits="7" branch="false" />
                <line number="123" hits="11" branch="false" />
                <line number="124" hits="11" branch="false" />
                <line number="127" hits="1024" branch="false" />
                <line number="128" hits="10" branch="false" />
                <line number="129" hits="10" branch="false" />
                <line number="130" hits="10" branch="false" />
                <line number="131" hits="2048" branch="true" condition-coverage="100% (2/2)" />
                <line number="132" hits="1014" branch="false" />
                <line number="133" hits="1014" branch="true" condition-coverage="100% (2/2)" />
                <line number="134" hits="1004" branch="false" />
                <line number="135" hits="1004" branch="false" />
                <line number="136" hits="1004" branch="false" />
                <line number="137" hits="1014" branch="false" />
                <line number="138" hits="1014" branch="false" />
                <line number="139" hits="10" branch="false" />
                <line number="140" hits="10" branch="false" />
                <line number="142" hits="10" branch="false" />
                <line number="143" hits="13" branch="false" />
              </lines>
            </method>
            <method name="AppendAsync" signature="()" line-rate="1" branch-rate="1" complexity="2">
              <lines>
                <line number="14" hits="23" branch="false" />
                <line number="15" hits="23" branch="true" condition-coverage="100% (2/2)" />
                <line number="16" hits="23" branch="false" />
                <line number="17" hits="23" branch="false" />
              </lines>
            </method>
          </methods>
          <lines>
            <line number="11" hits="567" branch="false" />
            <line number="14" hits="23" branch="false" />
            <line number="15" hits="23" branch="true" condition-coverage="100% (2/2)" />
            <line number="16" hits="23" branch="false" />
            <line number="17" hits="23" branch="false" />
            <line number="24" hits="13" branch="false" />
            <line number="26" hits="13" branch="false" />
            <line number="27" hits="13" branch="false" />
            <line number="28" hits="13" branch="false" />
            <line number="29" hits="13" branch="false" />
            <line number="30" hits="13" branch="false" />
            <line number="31" hits="13" branch="false" />
            <line number="32" hits="13" branch="false" />
            <line number="33" hits="13" branch="false" />
            <line number="35" hits="13" branch="false" />
            <line number="36" hits="13" branch="false" />
            <line number="37" hits="13" branch="false" />
            <line number="38" hits="1027" branch="true" condition-coverage="100% (2/2)" />
            <line number="39" hits="1014" branch="false" />
            <line number="40" hits="1014" branch="false" />
            <line number="41" hits="1014" branch="false" />
            <line number="42" hits="13" branch="false" />
            <line number="44" hits="13" branch="true" condition-coverage="100% (2/2)" />
            <line number="45" hits="3" branch="false" />
            <line number="46" hits="3" branch="false" />
            <line number="50" hits="10" branch="false" />
            <line number="51" hits="2091" branch="false" />
            <line number="52" hits="11" branch="false" />
            <line number="53" hits="11" branch="false" />
            <line number="54" hits="11" branch="true" condition-coverage="50% (1/2)" />
            <line number="55" hits="0" branch="false" />
            <line number="56" hits="0" branch="false" />
            <line number="57" hits="0" branch="false" />
            <line number="58" hits="0" branch="false" />
            <line number="59" hits="0" branch="false" />
            <line number="60" hits="0" branch="false" />
            <line number="61" hits="0" branch="false" />
            <line number="62" hits="0" branch="false" />
            <line number="63" hits="0" branch="false" />
            <line number="64" hits="0" branch="false" />
            <line number="65" hits="0" branch="false" />
            <line number="66" hits="0" branch="false" />
            <line number="67" hits="11" branch="true" condition-coverage="50% (1/2)" />
            <line number="68" hits="0" branch="false" />
            <line number="70" hits="0" branch="false" />
            <line number="71" hits="0" branch="false" />
            <line number="72" hits="0" branch="false" />
            <line number="73" hits="0" branch="false" />
            <line number="74" hits="0" branch="false" />
            <line number="75" hits="0" branch="false" />
            <line number="76" hits="0" branch="false" />
            <line number="77" hits="0" branch="false" />
            <line number="78" hits="0" branch="false" />
            <line number="79" hits="0" branch="false" />
            <line number="80" hits="0" branch="false" />
            <line number="81" hits="0" branch="false" />
            <line number="82" hits="11" branch="true" condition-coverage="100% (8/8)" />
            <line number="83" hits="11" branch="false" />
            <line number="84" hits="11" branch="false" />
            <line number="85" hits="3" branch="false" />
            <line number="87" hits="3" branch="false" />
            <line number="88" hits="3" branch="false" />
            <line number="89" hits="3" branch="false" />
            <line number="90" hits="3" branch="false" />
            <line number="91" hits="3" branch="false" />
            <line number="92" hits="3" branch="false" />
            <line number="93" hits="3" branch="false" />
            <line number="94" hits="8" branch="true" condition-coverage="100% (2/2)" />
            <line number="95" hits="1" branch="false" />
            <line number="99" hits="1" branch="false" />
            <line number="100" hits="1" branch="false" />
            <line number="101" hits="1" branch="false" />
            <line number="102" hits="1" branch="false" />
            <line number="103" hits="1" branch="false" />
            <line number="104" hits="1" branch="false" />
            <line number="105" hits="1" branch="false" />
            <line number="106" hits="1" branch="false" />
            <line number="107" hits="1" branch="false" />
            <line number="108" hits="1" branch="false" />
            <line number="109" hits="1" branch="false" />
            <line number="110" hits="1" branch="false" />
            <line number="111" hits="1" branch="false" />
            <line number="113" hits="7" branch="false" />
            <line number="114" hits="7" branch="false" />
            <line number="115" hits="7" branch="false" />
            <line number="116" hits="7" branch="false" />
            <line number="117" hits="7" branch="false" />
            <line number="118" hits="7" branch="false" />
            <line number="119" hits="7" branch="false" />
            <line number="120" hits="7" branch="false" />
            <line number="121" hits="7" branch="false" />
            <line number="122" hits="7" branch="false" />
            <line number="123" hits="11" branch="false" />
            <line number="124" hits="11" branch="false" />
            <line number="127" hits="1024" branch="false" />
            <line number="128" hits="10" branch="false" />
            <line number="129" hits="10" branch="false" />
            <line number="130" hits="10" branch="false" />
            <line number="131" hits="2048" branch="true" condition-coverage="100% (2/2)" />
            <line number="132" hits="1014" branch="false" />
            <line number="133" hits="1014" branch="true" condition-coverage="100% (2/2)" />
            <line number="134" hits="1004" branch="false" />
            <line number="135" hits="1004" branch="false" />
            <line number="136" hits="1004" branch="false" />
            <line number="137" hits="1014" branch="false" />
            <line number="138" hits="1014" branch="false" />
            <line number="139" hits="10" branch="false" />
            <line number="140" hits="10" branch="false" />
            <line number="142" hits="10" branch="false" />
            <line number="143" hits="13" branch="false" />
          </lines>
        </class>
        <class name="pengdows.hangfire.gateways.DistributedLockGateway" filename="/home/alaricd/prj/pengdows/pengdows.hangfire/pengdows.hangfire/Gateways/DistributedLockGateway.cs" line-rate="0.7167630057803468" branch-rate="0.6153846153846154" complexity="33">
          <methods>
            <method name="BuildReleaseTemplate" signature="()" line-rate="1" branch-rate="1" complexity="1">
              <lines>
                <line number="309" hits="181" branch="false" />
                <line number="310" hits="181" branch="false" />
                <line number="311" hits="181" branch="false" />
                <line number="312" hits="181" branch="false" />
                <line number="313" hits="181" branch="false" />
                <line number="314" hits="181" branch="false" />
              </lines>
            </method>
            <method name=".ctor" signature="(pengdows.crud.IDatabaseContext)" line-rate="1" branch-rate="1" complexity="1">
              <lines>
                <line number="17" hits="181" branch="false" />
                <line number="18" hits="181" branch="false" />
                <line number="19" hits="181" branch="false" />
                <line number="20" hits="181" branch="false" />
              </lines>
            </method>
            <method name="ReleaseAsync" signature="()" line-rate="1" branch-rate="1" complexity="1">
              <lines>
                <line number="299" hits="20" branch="false" />
                <line number="300" hits="20" branch="false" />
                <line number="301" hits="20" branch="false" />
                <line number="302" hits="20" branch="false" />
                <line number="303" hits="20" branch="false" />
                <line number="304" hits="20" branch="false" />
              </lines>
            </method>
            <method name="TryAcquireAsync" signature="()" line-rate="0.8125" branch-rate="0.5" complexity="10">
              <lines>
                <line number="42" hits="23" branch="false" />
                <line number="43" hits="23" branch="false" />
                <line number="44" hits="23" branch="false" />
                <line number="49" hits="23" branch="false" />
                <line number="54" hits="23" branch="false" />
                <line number="56" hits="23" branch="true" condition-coverage="50% (3/6)" />
                <line number="57" hits="12" branch="false" />
                <line number="58" hits="12" branch="false" />
                <line number="61" hits="11" branch="true" condition-coverage="50% (1/2)" />
                <line number="62" hits="11" branch="false" />
                <line number="63" hits="11" branch="true" condition-coverage="50% (1/2)" />
                <line number="64" hits="0" branch="false" />
                <line number="66" hits="0" branch="false" />
                <line number="70" hits="11" branch="false" />
                <line number="74" hits="0" branch="false" />
                <line number="75" hits="23" branch="false" />
              </lines>
            </method>
            <method name="TryAcquireInsertFirstAsync" signature="()" line-rate="0" branch-rate="1" complexity="1">
              <lines>
                <line number="233" hits="0" branch="false" />
                <line number="234" hits="0" branch="false" />
                <line number="235" hits="0" branch="false" />
                <line number="236" hits="0" branch="false" />
                <line number="237" hits="0" branch="false" />
                <line number="238" hits="0" branch="false" />
                <line number="239" hits="0" branch="false" />
                <line number="240" hits="0" branch="false" />
                <line number="243" hits="0" branch="false" />
                <line number="244" hits="0" branch="false" />
                <line number="245" hits="0" branch="false" />
                <line number="247" hits="0" branch="false" />
                <line number="248" hits="0" branch="false" />
                <line number="249" hits="0" branch="false" />
                <line number="251" hits="0" branch="false" />
              </lines>
            </method>
            <method name="TryAcquireMergeAsync" signature="()" line-rate="0.8571428571428571" branch-rate="0.6428571428571429" complexity="14">
              <lines>
                <line number="87" hits="12" branch="false" />
                <line number="88" hits="12" branch="false" />
                <line number="89" hits="12" branch="false" />
                <line number="90" hits="12" branch="false" />
                <line number="93" hits="12" branch="true" condition-coverage="50% (1/2)" />
                <line number="96" hits="12" branch="false" />
                <line number="97" hits="12" branch="false" />
                <line number="98" hits="12" branch="false" />
                <line number="99" hits="12" branch="false" />
                <line number="103" hits="12" branch="true" condition-coverage="50% (1/2)" />
                <line number="106" hits="12" branch="true" condition-coverage="50% (2/4)" />
                <line number="107" hits="12" branch="false" />
                <line number="108" hits="0" branch="false" />
                <line number="109" hits="0" branch="false" />
                <line number="110" hits="12" branch="false" />
                <line number="111" hits="12" branch="false" />
                <line number="113" hits="12" branch="false" />
                <line number="114" hits="12" branch="true" condition-coverage="100% (2/2)" />
                <line number="115" hits="12" branch="false" />
                <line number="116" hits="12" branch="false" />
                <line number="117" hits="12" branch="false" />
                <line number="120" hits="12" branch="false" />
                <line number="121" hits="12" branch="false" />
                <line number="122" hits="12" branch="false" />
                <line number="123" hits="12" branch="false" />
                <line number="124" hits="12" branch="false" />
                <line number="125" hits="12" branch="false" />
                <line number="126" hits="12" branch="false" />
                <line number="129" hits="12" branch="false" />
                <line number="130" hits="12" branch="false" />
                <line number="139" hits="12" branch="true" condition-coverage="50% (1/2)" />
                <line number="140" hits="0" branch="false" />
                <line number="141" hits="0" branch="false" />
                <line number="142" hits="0" branch="false" />
                <line number="143" hits="0" branch="false" />
                <line number="144" hits="0" branch="false" />
                <line number="146" hits="12" branch="false" />
                <line number="147" hits="12" branch="false" />
                <line number="148" hits="12" branch="false" />
                <line number="149" hits="12" branch="false" />
                <line number="150" hits="12" branch="false" />
                <line number="153" hits="12" branch="false" />
                <line number="154" hits="12" branch="false" />
                <line number="157" hits="12" branch="true" condition-coverage="100% (2/2)" />
                <line number="158" hits="12" branch="false" />
                <line number="159" hits="12" branch="false" />
                <line number="160" hits="12" branch="false" />
                <line number="162" hits="12" branch="false" />
                <line number="163" hits="12" branch="false" />
              </lines>
            </method>
            <method name="TryAcquireOnConflictWhereAsync" signature="()" line-rate="0" branch-rate="1" complexity="1">
              <lines>
                <line number="169" hits="0" branch="false" />
                <line number="170" hits="0" branch="false" />
                <line number="171" hits="0" branch="false" />
                <line number="172" hits="0" branch="false" />
                <line number="174" hits="0" branch="false" />
                <line number="175" hits="0" branch="false" />
                <line number="176" hits="0" branch="false" />
                <line number="177" hits="0" branch="false" />
                <line number="179" hits="0" branch="false" />
                <line number="180" hits="0" branch="false" />
                <line number="181" hits="0" branch="false" />
                <line number="182" hits="0" branch="false" />
                <line number="183" hits="0" branch="false" />
                <line number="184" hits="0" branch="false" />
                <line number="185" hits="0" branch="false" />
                <line number="186" hits="0" branch="false" />
                <line number="187" hits="0" branch="false" />
                <line number="188" hits="0" branch="false" />
                <line number="189" hits="0" branch="false" />
                <line number="190" hits="0" branch="false" />
                <line number="191" hits="0" branch="false" />
                <line number="192" hits="0" branch="false" />
                <line number="194" hits="0" branch="false" />
                <line number="195" hits="0" branch="false" />
              </lines>
            </method>
            <method name="TryAcquireTwoPhaseAsync" signature="()" line-rate="1" branch-rate="1" complexity="2">
              <lines>
                <line number="201" hits="11" branch="false" />
                <line number="203" hits="11" branch="true" condition-coverage="100% (2/2)" />
                <line number="204" hits="1" branch="false" />
                <line number="205" hits="1" branch="false" />
                <line number="209" hits="10" branch="false" />
                <line number="210" hits="10" branch="false" />
                <line number="212" hits="10" branch="false" />
                <line number="213" hits="10" branch="false" />
                <line number="214" hits="10" branch="false" />
                <line number="215" hits="10" branch="false" />
                <line number="217" hits="10" branch="false" />
                <line number="218" hits="10" branch="false" />
                <line number="219" hits="10" branch="false" />
                <line number="220" hits="10" branch="false" />
                <line number="221" hits="10" branch="false" />
                <line number="222" hits="10" branch="false" />
                <line number="223" hits="10" branch="false" />
                <line number="224" hits="10" branch="false" />
                <line number="226" hits="10" branch="false" />
                <line number="227" hits="11" branch="false" />
              </lines>
            </method>
            <method name="TryRenewAsync" signature="()" line-rate="1" branch-rate="1" complexity="1">
              <lines>
                <line number="279" hits="3" branch="false" />
                <line number="280" hits="3" branch="false" />
                <line number="281" hits="3" branch="false" />
                <line number="282" hits="3" branch="false" />
                <line number="283" hits="3" branch="false" />
                <line number="284" hits="3" branch="false" />
                <line number="285" hits="3" branch="false" />
                <line number="286" hits="3" branch="false" />
                <line number="287" hits="3" branch="false" />
                <line number="288" hits="3" branch="false" />
                <line number="289" hits="3" branch="false" />
                <line number="290" hits="3" branch="false" />
                <line number="291" hits="3" branch="false" />
                <line number="292" hits="3" branch="false" />
                <line number="293" hits="3" branch="false" />
                <line number="294" hits="3" branch="false" />
              </lines>
            </method>
            <method name="TryUpdateExpiredAsync" signature="()" line-rate="1" branch-rate="1" complexity="1">
              <lines>
                <line number="257" hits="11" branch="false" />
                <line number="258" hits="11" branch="false" />
                <line number="259" hits="11" branch="false" />
                <line number="260" hits="11" branch="false" />
                <line number="261" hits="11" branch="false" />
                <line number="262" hits="11" branch="false" />
                <line number="263" hits="11" branch="false" />
                <line number="264" hits="11" branch="false" />
                <line number="265" hits="11" branch="false" />
                <line number="266" hits="11" branch="false" />
                <line number="267" hits="11" branch="false" />
                <line number="268" hits="11" branch="false" />
                <line number="269" hits="11" branch="false" />
                <line number="270" hits="11" branch="false" />
                <line number="271" hits="11" branch="false" />
                <line number="272" hits="11" branch="false" />
                <line number="273" hits="11" branch="false" />
              </lines>
            </method>
          </methods>
          <lines>
            <line number="17" hits="181" branch="false" />
            <line number="18" hits="181" branch="false" />
            <line number="19" hits="181" branch="false" />
            <line number="20" hits="181" branch="false" />
            <line number="42" hits="23" branch="false" />
            <line number="43" hits="23" branch="false" />
            <line number="44" hits="23" branch="false" />
            <line number="49" hits="23" branch="false" />
            <line number="54" hits="23" branch="false" />
            <line number="56" hits="23" branch="true" condition-coverage="50% (3/6)" />
            <line number="57" hits="12" branch="false" />
            <line number="58" hits="12" branch="false" />
            <line number="61" hits="11" branch="true" condition-coverage="50% (1/2)" />
            <line number="62" hits="11" branch="false" />
            <line number="63" hits="11" branch="true" condition-coverage="50% (1/2)" />
            <line number="64" hits="0" branch="false" />
            <line number="66" hits="0" branch="false" />
            <line number="70" hits="11" branch="false" />
            <line number="74" hits="0" branch="false" />
            <line number="75" hits="23" branch="false" />
            <line number="87" hits="12" branch="false" />
            <line number="88" hits="12" branch="false" />
            <line number="89" hits="12" branch="false" />
            <line number="90" hits="12" branch="false" />
            <line number="93" hits="12" branch="true" condition-coverage="50% (1/2)" />
            <line number="96" hits="12" branch="false" />
            <line number="97" hits="12" branch="false" />
            <line number="98" hits="12" branch="false" />
            <line number="99" hits="12" branch="false" />
            <line number="103" hits="12" branch="true" condition-coverage="50% (1/2)" />
            <line number="106" hits="12" branch="true" condition-coverage="50% (2/4)" />
            <line number="107" hits="12" branch="false" />
            <line number="108" hits="0" branch="false" />
            <line number="109" hits="0" branch="false" />
            <line number="110" hits="12" branch="false" />
            <line number="111" hits="12" branch="false" />
            <line number="113" hits="12" branch="false" />
            <line number="114" hits="12" branch="true" condition-coverage="100% (2/2)" />
            <line number="115" hits="12" branch="false" />
            <line number="116" hits="12" branch="false" />
            <line number="117" hits="12" branch="false" />
            <line number="120" hits="12" branch="false" />
            <line number="121" hits="12" branch="false" />
            <line number="122" hits="12" branch="false" />
            <line number="123" hits="12" branch="false" />
            <line number="124" hits="12" branch="false" />
            <line number="125" hits="12" branch="false" />
            <line number="126" hits="12" branch="false" />
            <line number="129" hits="12" branch="false" />
            <line number="130" hits="12" branch="false" />
            <line number="139" hits="12" branch="true" condition-coverage="50% (1/2)" />
            <line number="140" hits="0" branch="false" />
            <line number="141" hits="0" branch="false" />
            <line number="142" hits="0" branch="false" />
            <line number="143" hits="0" branch="false" />
            <line number="144" hits="0" branch="false" />
            <line number="146" hits="12" branch="false" />
            <line number="147" hits="12" branch="false" />
            <line number="148" hits="12" branch="false" />
            <line number="149" hits="12" branch="false" />
            <line number="150" hits="12" branch="false" />
            <line number="153" hits="12" branch="false" />
            <line number="154" hits="12" branch="false" />
            <line number="157" hits="12" branch="true" condition-coverage="100% (2/2)" />
            <line number="158" hits="12" branch="false" />
            <line number="159" hits="12" branch="false" />
            <line number="160" hits="12" branch="false" />
            <line number="162" hits="12" branch="false" />
            <line number="163" hits="12" branch="false" />
            <line number="169" hits="0" branch="false" />
            <line number="170" hits="0" branch="false" />
            <line number="171" hits="0" branch="false" />
            <line number="172" hits="0" branch="false" />
            <line number="174" hits="0" branch="false" />
            <line number="175" hits="0" branch="false" />
            <line number="176" hits="0" branch="false" />
            <line number="177" hits="0" branch="false" />
            <line number="179" hits="0" branch="false" />
            <line number="180" hits="0" branch="false" />
            <line number="181" hits="0" branch="false" />
            <line number="182" hits="0" branch="false" />
            <line number="183" hits="0" branch="false" />
            <line number="184" hits="0" branch="false" />
            <line number="185" hits="0" branch="false" />
            <line number="186" hits="0" branch="false" />
            <line number="187" hits="0" branch="false" />
            <line number="188" hits="0" branch="false" />
            <line number="189" hits="0" branch="false" />
            <line number="190" hits="0" branch="false" />
            <line number="191" hits="0" branch="false" />
            <line number="192" hits="0" branch="false" />
            <line number="194" hits="0" branch="false" />
            <line number="195" hits="0" branch="false" />
            <line number="201" hits="11" branch="false" />
            <line number="203" hits="11" branch="true" condition-coverage="100% (2/2)" />
            <line number="204" hits="1" branch="false" />
            <line number="205" hits="1" branch="false" />
            <line number="209" hits="10" branch="false" />
            <line number="210" hits="10" branch="false" />
            <line number="212" hits="10" branch="false" />
            <line number="213" hits="10" branch="false" />
            <line number="214" hits="10" branch="false" />
            <line number="215" hits="10" branch="false" />
            <line number="217" hits="10" branch="false" />
            <line number="218" hits="10" branch="false" />
            <line number="219" hits="10" branch="false" />
            <line number="220" hits="10" branch="false" />
            <line number="221" hits="10" branch="false" />
            <line number="222" hits="10" branch="false" />
            <line number="223" hits="10" branch="false" />
            <line number="224" hits="10" branch="false" />
            <line number="226" hits="10" branch="false" />
            <line number="227" hits="11" branch="false" />
            <line number="233" hits="0" branch="false" />
            <line number="234" hits="0" branch="false" />
            <line number="235" hits="0" branch="false" />
            <line number="236" hits="0" branch="false" />
            <line number="237" hits="0" branch="false" />
            <line number="238" hits="0" branch="false" />
            <line number="239" hits="0" branch="false" />
            <line number="240" hits="0" branch="false" />
            <line number="243" hits="0" branch="false" />
            <line number="244" hits="0" branch="false" />
            <line number="245" hits="0" branch="false" />
            <line number="247" hits="0" branch="false" />
            <line number="248" hits="0" branch="false" />
            <line number="249" hits="0" branch="false" />
            <line number="251" hits="0" branch="false" />
            <line number="257" hits="11" branch="false" />
            <line number="258" hits="11" branch="false" />
            <line number="259" hits="11" branch="false" />
            <line number="260" hits="11" branch="false" />
            <line number="261" hits="11" branch="false" />
            <line number="262" hits="11" branch="false" />
            <line number="263" hits="11" branch="false" />
            <line number="264" hits="11" branch="false" />
            <line number="265" hits="11" branch="false" />
            <line number="266" hits="11" branch="false" />
            <line number="267" hits="11" branch="false" />
            <line number="268" hits="11" branch="false" />
            <line number="269" hits="11" branch="false" />
            <line number="270" hits="11" branch="false" />
            <line number="271" hits="11" branch="false" />
            <line number="272" hits="11" branch="false" />
            <line number="273" hits="11" branch="false" />
            <line number="279" hits="3" branch="false" />
            <line number="280" hits="3" branch="false" />
            <line number="281" hits="3" branch="false" />
            <line number="282" hits="3" branch="false" />
            <line number="283" hits="3" branch="false" />
            <line number="284" hits="3" branch="false" />
            <line number="285" hits="3" branch="false" />
            <line number="286" hits="3" branch="false" />
            <line number="287" hits="3" branch="false" />
            <line number="288" hits="3" branch="false" />
            <line number="289" hits="3" branch="false" />
            <line number="290" hits="3" branch="false" />
            <line number="291" hits="3" branch="false" />
            <line number="292" hits="3" branch="false" />
            <line number="293" hits="3" branch="false" />
            <line number="294" hits="3" branch="false" />
            <line number="299" hits="20" branch="false" />
            <line number="300" hits="20" branch="false" />
            <line number="301" hits="20" branch="false" />
            <line number="302" hits="20" branch="false" />
            <line number="303" hits="20" branch="false" />
            <line number="304" hits="20" branch="false" />
            <line number="309" hits="181" branch="false" />
            <line number="310" hits="181" branch="false" />
            <line number="311" hits="181" branch="false" />
            <line number="312" hits="181" branch="false" />
            <line number="313" hits="181" branch="false" />
            <line number="314" hits="181" branch="false" />
          </lines>
        </class>
        <class name="pengdows.hangfire.gateways.HashGateway" filename="/home/alaricd/prj/pengdows/pengdows.hangfire/pengdows.hangfire/Gateways/HashGateway.cs" line-rate="1" branch-rate="0.9285714285714286" complexity="17">
          <methods>
            <method name=".ctor" signature="(pengdows.crud.IDatabaseContext)" line-rate="1" branch-rate="1" complexity="1">
              <lines>
                <line number="9" hits="612" branch="false" />
              </lines>
            </method>
            <method name="DeleteAllForKeyAsync" signature="()" line-rate="1" branch-rate="1" complexity="2">
              <lines>
                <line number="56" hits="3" branch="false" />
                <line number="57" hits="3" branch="true" condition-coverage="100% (2/2)" />
                <line number="58" hits="3" branch="false" />
                <line number="59" hits="3" branch="false" />
                <line number="60" hits="3" branch="false" />
                <line number="61" hits="3" branch="false" />
              </lines>
            </method>
            <method name="DeleteExpiredAsync" signature="()" line-rate="1" branch-rate="1" complexity="2">
              <lines>
                <line number="75" hits="13" branch="false" />
                <line number="76" hits="13" branch="false" />
                <line number="77" hits="13" branch="false" />
                <line number="78" hits="13" branch="false" />
                <line number="79" hits="13" branch="false" />
                <line number="80" hits="13" branch="false" />
                <line number="81" hits="13" branch="false" />
                <line number="82" hits="13" branch="true" condition-coverage="100% (2/2)" />
                <line number="83" hits="11" branch="false" />
                <line number="84" hits="11" branch="false" />
                <line number="87" hits="2" branch="false" />
                <line number="88" hits="13" branch="false" />
              </lines>
            </method>
            <method name="GetAllEntriesAsync" signature="()" line-rate="1" branch-rate="1" complexity="1">
              <lines>
                <line number="12" hits="5" branch="false" />
                <line number="13" hits="5" branch="false" />
                <line number="14" hits="5" branch="false" />
                <line number="15" hits="5" branch="false" />
                <line number="16" hits="5" branch="false" />
                <line number="17" hits="9" branch="false" />
                <line number="18" hits="5" branch="false" />
              </lines>
            </method>
            <method name="GetCountAsync" signature="()" line-rate="1" branch-rate="1" complexity="1">
              <lines>
                <line number="32" hits="4" branch="false" />
                <line number="33" hits="4" branch="false" />
                <line number="34" hits="4" branch="false" />
                <line number="35" hits="4" branch="false" />
                <line number="36" hits="4" branch="false" />
                <line number="37" hits="4" branch="false" />
              </lines>
            </method>
            <method name="GetTtlAsync" signature="()" line-rate="1" branch-rate="0.75" complexity="4">
              <lines>
                <line number="40" hits="7" branch="false" />
                <line number="41" hits="7" branch="false" />
                <line number="42" hits="7" branch="false" />
                <line number="43" hits="7" branch="false" />
                <line number="44" hits="7" branch="false" />
                <line number="45" hits="7" branch="true" condition-coverage="100% (2/2)" />
                <line number="46" hits="4" branch="false" />
                <line number="47" hits="4" branch="false" />
                <line number="49" hits="3" branch="true" condition-coverage="50% (1/2)" />
                <line number="50" hits="3" branch="false" />
                <line number="51" hits="3" branch="false" />
                <line number="52" hits="3" branch="false" />
                <line number="53" hits="7" branch="false" />
              </lines>
            </method>
            <method name="GetValueAsync" signature="()" line-rate="1" branch-rate="1" complexity="2">
              <lines>
                <line number="21" hits="6" branch="false" />
                <line number="22" hits="6" branch="false" />
                <line number="23" hits="6" branch="false" />
                <line number="24" hits="6" branch="false" />
                <line number="25" hits="6" branch="false" />
                <line number="26" hits="6" branch="false" />
                <line number="27" hits="6" branch="false" />
                <line number="28" hits="6" branch="true" condition-coverage="100% (2/2)" />
                <line number="29" hits="6" branch="false" />
              </lines>
            </method>
            <method name="UpdateExpireAtAsync" signature="()" line-rate="1" branch-rate="1" complexity="4">
              <lines>
                <line number="64" hits="7" branch="false" />
                <line number="65" hits="7" branch="true" condition-coverage="100% (2/2)" />
                <line number="66" hits="7" branch="false" />
                <line number="67" hits="7" branch="true" condition-coverage="100% (2/2)" />
                <line number="68" hits="7" branch="false" />
                <line number="69" hits="7" branch="false" />
                <line number="70" hits="7" branch="false" />
                <line number="71" hits="7" branch="false" />
                <line number="72" hits="7" branch="false" />
              </lines>
            </method>
          </methods>
          <lines>
            <line number="9" hits="612" branch="false" />
            <line number="12" hits="5" branch="false" />
            <line number="13" hits="5" branch="false" />
            <line number="14" hits="5" branch="false" />
            <line number="15" hits="5" branch="false" />
            <line number="16" hits="5" branch="false" />
            <line number="17" hits="9" branch="false" />
            <line number="18" hits="5" branch="false" />
            <line number="21" hits="6" branch="false" />
            <line number="22" hits="6" branch="false" />
            <line number="23" hits="6" branch="false" />
            <line number="24" hits="6" branch="false" />
            <line number="25" hits="6" branch="false" />
            <line number="26" hits="6" branch="false" />
            <line number="27" hits="6" branch="false" />
            <line number="28" hits="6" branch="true" condition-coverage="100% (2/2)" />
            <line number="29" hits="6" branch="false" />
            <line number="32" hits="4" branch="false" />
            <line number="33" hits="4" branch="false" />
            <line number="34" hits="4" branch="false" />
            <line number="35" hits="4" branch="false" />
            <line number="36" hits="4" branch="false" />
            <line number="37" hits="4" branch="false" />
            <line number="40" hits="7" branch="false" />
            <line number="41" hits="7" branch="false" />
            <line number="42" hits="7" branch="false" />
            <line number="43" hits="7" branch="false" />
            <line number="44" hits="7" branch="false" />
            <line number="45" hits="7" branch="true" condition-coverage="100% (2/2)" />
            <line number="46" hits="4" branch="false" />
            <line number="47" hits="4" branch="false" />
            <line number="49" hits="3" branch="true" condition-coverage="50% (1/2)" />
            <line number="50" hits="3" branch="false" />
            <line number="51" hits="3" branch="false" />
            <line number="52" hits="3" branch="false" />
            <line number="53" hits="7" branch="false" />
            <line number="56" hits="3" branch="false" />
            <line number="57" hits="3" branch="true" condition-coverage="100% (2/2)" />
            <line number="58" hits="3" branch="false" />
            <line number="59" hits="3" branch="false" />
            <line number="60" hits="3" branch="false" />
            <line number="61" hits="3" branch="false" />
            <line number="64" hits="7" branch="false" />
            <line number="65" hits="7" branch="true" condition-coverage="100% (2/2)" />
            <line number="66" hits="7" branch="false" />
            <line number="67" hits="7" branch="true" condition-coverage="100% (2/2)" />
            <line number="68" hits="7" branch="false" />
            <line number="69" hits="7" branch="false" />
            <line number="70" hits="7" branch="false" />
            <line number="71" hits="7" branch="false" />
            <line number="72" hits="7" branch="false" />
            <line number="75" hits="13" branch="false" />
            <line number="76" hits="13" branch="false" />
            <line number="77" hits="13" branch="false" />
            <line number="78" hits="13" branch="false" />
            <line number="79" hits="13" branch="false" />
            <line number="80" hits="13" branch="false" />
            <line number="81" hits="13" branch="false" />
            <line number="82" hits="13" branch="true" condition-coverage="100% (2/2)" />
            <line number="83" hits="11" branch="false" />
            <line number="84" hits="11" branch="false" />
            <line number="87" hits="2" branch="false" />
            <line number="88" hits="13" branch="false" />
          </lines>
        </class>
        <class name="pengdows.hangfire.gateways.JobGateway" filename="/home/alaricd/prj/pengdows/pengdows.hangfire/pengdows.hangfire/Gateways/JobGateway.cs" line-rate="1" branch-rate="1" complexity="12">
          <methods>
            <method name=".ctor" signature="(pengdows.crud.IDatabaseContext)" line-rate="1" branch-rate="1" complexity="1">
              <lines>
                <line number="9" hits="588" branch="false" />
              </lines>
            </method>
            <method name="DeleteExpiredAsync" signature="()" line-rate="1" branch-rate="1" complexity="2">
              <lines>
                <line number="59" hits="14" branch="false" />
                <line number="60" hits="14" branch="false" />
                <line number="61" hits="14" branch="false" />
                <line number="62" hits="14" branch="false" />
                <line number="63" hits="14" branch="false" />
                <line number="64" hits="14" branch="false" />
                <line number="65" hits="14" branch="false" />
                <line number="66" hits="14" branch="true" condition-coverage="100% (2/2)" />
                <line number="67" hits="12" branch="false" />
                <line number="68" hits="12" branch="false" />
                <line number="71" hits="4" branch="false" />
                <line number="72" hits="14" branch="false" />
              </lines>
            </method>
            <method name="GetPagedByStateAsync" signature="()" line-rate="1" branch-rate="1" complexity="1">
              <lines>
                <line number="48" hits="12" branch="false" />
                <line number="49" hits="12" branch="false" />
                <line number="50" hits="12" branch="false" />
                <line number="51" hits="12" branch="false" />
                <line number="52" hits="12" branch="false" />
                <line number="53" hits="12" branch="false" />
                <line number="54" hits="12" branch="false" />
                <line number="55" hits="12" branch="false" />
                <line number="56" hits="12" branch="false" />
              </lines>
            </method>
            <method name="UpdateExpireAtAsync" signature="()" line-rate="1" branch-rate="1" complexity="4">
              <lines>
                <line number="12" hits="7" branch="false" />
                <line number="13" hits="7" branch="true" condition-coverage="100% (2/2)" />
                <line number="14" hits="7" branch="false" />
                <line number="15" hits="7" branch="true" condition-coverage="100% (2/2)" />
                <line number="16" hits="7" branch="false" />
                <line number="17" hits="7" branch="false" />
                <line number="18" hits="7" branch="false" />
                <line number="19" hits="7" branch="false" />
                <line number="20" hits="7" branch="false" />
              </lines>
            </method>
            <method name="UpdateStateAsync" signature="()" line-rate="1" branch-rate="1" complexity="2">
              <lines>
                <line number="34" hits="1" branch="false" />
                <line number="35" hits="1" branch="true" condition-coverage="100% (2/2)" />
                <line number="36" hits="1" branch="false" />
                <line number="37" hits="1" branch="false" />
                <line number="38" hits="1" branch="false" />
                <line number="39" hits="1" branch="false" />
                <line number="40" hits="1" branch="false" />
                <line number="41" hits="1" branch="false" />
                <line number="42" hits="1" branch="false" />
                <line number="43" hits="1" branch="false" />
                <line number="44" hits="1" branch="false" />
                <line number="45" hits="1" branch="false" />
              </lines>
            </method>
            <method name="UpdateStateNameAsync" signature="()" line-rate="1" branch-rate="1" complexity="2">
              <lines>
                <line number="23" hits="4" branch="false" />
                <line number="24" hits="4" branch="true" condition-coverage="100% (2/2)" />
                <line number="25" hits="4" branch="false" />
                <line number="26" hits="4" branch="false" />
                <line number="27" hits="4" branch="false" />
                <line number="28" hits="4" branch="false" />
                <line number="29" hits="4" branch="false" />
                <line number="30" hits="4" branch="false" />
                <line number="31" hits="4" branch="false" />
              </lines>
            </method>
          </methods>
          <lines>
            <line number="9" hits="588" branch="false" />
            <line number="12" hits="7" branch="false" />
            <line number="13" hits="7" branch="true" condition-coverage="100% (2/2)" />
            <line number="14" hits="7" branch="false" />
            <line number="15" hits="7" branch="true" condition-coverage="100% (2/2)" />
            <line number="16" hits="7" branch="false" />
            <line number="17" hits="7" branch="false" />
            <line number="18" hits="7" branch="false" />
            <line number="19" hits="7" branch="false" />
            <line number="20" hits="7" branch="false" />
            <line number="23" hits="4" branch="false" />
            <line number="24" hits="4" branch="true" condition-coverage="100% (2/2)" />
            <line number="25" hits="4" branch="false" />
            <line number="26" hits="4" branch="false" />
            <line number="27" hits="4" branch="false" />
            <line number="28" hits="4" branch="false" />
            <line number="29" hits="4" branch="false" />
            <line number="30" hits="4" branch="false" />
            <line number="31" hits="4" branch="false" />
            <line number="34" hits="1" branch="false" />
            <line number="35" hits="1" branch="true" condition-coverage="100% (2/2)" />
            <line number="36" hits="1" branch="false" />
            <line number="37" hits="1" branch="false" />
            <line number="38" hits="1" branch="false" />
            <line number="39" hits="1" branch="false" />
            <line number="40" hits="1" branch="false" />
            <line number="41" hits="1" branch="false" />
            <line number="42" hits="1" branch="false" />
            <line number="43" hits="1" branch="false" />
            <line number="44" hits="1" branch="false" />
            <line number="45" hits="1" branch="false" />
            <line number="48" hits="12" branch="false" />
            <line number="49" hits="12" branch="false" />
            <line number="50" hits="12" branch="false" />
            <line number="51" hits="12" branch="false" />
            <line number="52" hits="12" branch="false" />
            <line number="53" hits="12" branch="false" />
            <line number="54" hits="12" branch="false" />
            <line number="55" hits="12" branch="false" />
            <line number="56" hits="12" branch="false" />
            <line number="59" hits="14" branch="false" />
            <line number="60" hits="14" branch="false" />
            <line number="61" hits="14" branch="false" />
            <line number="62" hits="14" branch="false" />
            <line number="63" hits="14" branch="false" />
            <line number="64" hits="14" branch="false" />
            <line number="65" hits="14" branch="false" />
            <line number="66" hits="14" branch="true" condition-coverage="100% (2/2)" />
            <line number="67" hits="12" branch="false" />
            <line number="68" hits="12" branch="false" />
            <line number="71" hits="4" branch="false" />
            <line number="72" hits="14" branch="false" />
          </lines>
        </class>
        <class name="pengdows.hangfire.gateways.JobParameterGateway" filename="/home/alaricd/prj/pengdows/pengdows.hangfire/pengdows.hangfire/Gateways/JobParameterGateway.cs" line-rate="1" branch-rate="1" complexity="2">
          <methods>
            <method name=".ctor" signature="(pengdows.crud.IDatabaseContext)" line-rate="1" branch-rate="1" complexity="1">
              <lines>
                <line number="9" hits="549" branch="false" />
              </lines>
            </method>
            <method name="GetAllForJobAsync" signature="()" line-rate="1" branch-rate="1" complexity="1">
              <lines>
                <line number="12" hits="3" branch="false" />
                <line number="13" hits="3" branch="false" />
                <line number="14" hits="3" branch="false" />
                <line number="15" hits="3" branch="false" />
                <line number="16" hits="3" branch="false" />
                <line number="17" hits="5" branch="false" />
                <line number="18" hits="3" branch="false" />
              </lines>
            </method>
          </methods>
          <lines>
            <line number="9" hits="549" branch="false" />
            <line number="12" hits="3" branch="false" />
[...]
              <lines>
                <line number="127" hits="12" branch="false" />
              </lines>
            </method>
            <method name="IncrementCounter" signature="(System.String,System.TimeSpan)" line-rate="1" branch-rate="1" complexity="1">
              <lines>
                <line number="130" hits="4" branch="false" />
              </lines>
            </method>
            <method name="DecrementCounter" signature="(System.String)" line-rate="1" branch-rate="1" complexity="1">
              <lines>
                <line number="133" hits="4" branch="false" />
              </lines>
            </method>
            <method name="DecrementCounter" signature="(System.String,System.TimeSpan)" line-rate="1" branch-rate="1" complexity="1">
              <lines>
                <line number="136" hits="4" branch="false" />
              </lines>
            </method>
            <method name="AddToSet" signature="(System.String,System.String)" line-rate="1" branch-rate="1" complexity="1">
              <lines>
                <line number="138" hits="7" branch="false" />
              </lines>
            </method>
            <method name="AddToSet" signature="(System.String,System.String,System.Double)" line-rate="1" branch-rate="1" complexity="1">
              <lines>
                <line number="141" hits="11" branch="false" />
                <line number="142" hits="11" branch="false" />
                <line number="143" hits="11" branch="false" />
                <line number="144" hits="11" branch="false" />
                <line number="145" hits="22" branch="false" />
                <line number="146" hits="11" branch="false" />
              </lines>
            </method>
            <method name="RemoveFromSet" signature="(System.String,System.String)" line-rate="1" branch-rate="1" complexity="1">
              <lines>
                <line number="149" hits="2" branch="false" />
                <line number="150" hits="2" branch="false" />
                <line number="151" hits="2" branch="false" />
                <line number="152" hits="2" branch="false" />
                <line number="153" hits="4" branch="false" />
                <line number="154" hits="2" branch="false" />
              </lines>
            </method>
            <method name="InsertToList" signature="(System.String,System.String)" line-rate="1" branch-rate="1" complexity="1">
              <lines>
                <line number="157" hits="24" branch="false" />
              </lines>
            </method>
            <method name="RemoveFromList" signature="(System.String,System.String)" line-rate="1" branch-rate="1" complexity="1">
              <lines>
                <line number="160" hits="4" branch="false" />
              </lines>
            </method>
            <method name="TrimList" signature="(System.String,System.Int32,System.Int32)" line-rate="1" branch-rate="1" complexity="1">
              <lines>
                <line number="163" hits="6" branch="false" />
              </lines>
            </method>
            <method name="SetRangeInHash" signature="(System.String,System.Collections.Generic.IEnumerable`1&lt;System.Collections.Generic.KeyValuePair`2&lt;System.String,System.String&gt;&gt;)" line-rate="1" branch-rate="1" complexity="4">
              <lines>
                <line number="166" hits="7" branch="false" />
                <line number="167" hits="7" branch="true" condition-coverage="100% (2/2)" />
                <line number="168" hits="1" branch="false" />
                <line number="169" hits="1" branch="false" />
                <line number="172" hits="6" branch="true" condition-coverage="100% (2/2)" />
                <line number="173" hits="1" branch="false" />
                <line number="174" hits="1" branch="false" />
                <line number="177" hits="13" branch="false" />
                <line number="178" hits="10" branch="false" />
                <line number="179" hits="5" branch="false" />
              </lines>
            </method>
            <method name="RemoveHash" signature="(System.String)" line-rate="1" branch-rate="1" complexity="1">
              <lines>
                <line number="182" hits="4" branch="false" />
              </lines>
            </method>
            <method name="ExpireSet" signature="(System.String,System.TimeSpan)" line-rate="1" branch-rate="1" complexity="1">
              <lines>
                <line number="185" hits="6" branch="false" />
              </lines>
            </method>
            <method name="PersistSet" signature="(System.String)" line-rate="1" branch-rate="1" complexity="1">
              <lines>
                <line number="188" hits="4" branch="false" />
              </lines>
            </method>
            <method name="ExpireHash" signature="(System.String,System.TimeSpan)" line-rate="1" branch-rate="1" complexity="1">
              <lines>
                <line number="191" hits="6" branch="false" />
              </lines>
            </method>
            <method name="PersistHash" signature="(System.String)" line-rate="1" branch-rate="1" complexity="1">
              <lines>
                <line number="194" hits="4" branch="false" />
              </lines>
            </method>
            <method name="ExpireList" signature="(System.String,System.TimeSpan)" line-rate="1" branch-rate="1" complexity="1">
              <lines>
                <line number="197" hits="6" branch="false" />
              </lines>
            </method>
            <method name="PersistList" signature="(System.String)" line-rate="1" branch-rate="1" complexity="1">
              <lines>
                <line number="200" hits="4" branch="false" />
              </lines>
            </method>
            <method name="AddRangeToSet" signature="(System.String,System.Collections.Generic.IList`1&lt;System.String&gt;)" line-rate="1" branch-rate="1" complexity="4">
              <lines>
                <line number="203" hits="4" branch="false" />
                <line number="204" hits="4" branch="true" condition-coverage="100% (2/2)" />
                <line number="205" hits="1" branch="false" />
                <line number="206" hits="1" branch="false" />
                <line number="209" hits="3" branch="true" condition-coverage="100% (2/2)" />
                <line number="210" hits="1" branch="false" />
                <line number="211" hits="1" branch="false" />
                <line number="214" hits="8" branch="false" />
                <line number="215" hits="4" branch="false" />
                <line number="216" hits="2" branch="false" />
              </lines>
            </method>
            <method name="RemoveSet" signature="(System.String)" line-rate="1" branch-rate="1" complexity="1">
              <lines>
                <line number="219" hits="2" branch="false" />
              </lines>
            </method>
            <method name="AcquireDistributedLock" signature="(System.String,System.TimeSpan)" line-rate="0" branch-rate="1" complexity="1">
              <lines>
                <line number="222" hits="0" branch="false" />
              </lines>
            </method>
            <method name="RemoveFromQueue" signature="(Hangfire.Storage.IFetchedJob)" line-rate="1" branch-rate="1" complexity="2">
              <lines>
                <line number="225" hits="2" branch="false" />
                <line number="226" hits="2" branch="true" condition-coverage="100% (2/2)" />
                <line number="227" hits="1" branch="false" />
                <line number="228" hits="1" branch="false" />
                <line number="229" hits="1" branch="false" />
                <line number="230" hits="1" branch="false" />
                <line number="231" hits="1" branch="false" />
                <line number="232" hits="2" branch="false" />
                <line number="233" hits="1" branch="false" />
                <line number="234" hits="2" branch="false" />
              </lines>
            </method>
            <method name="Dispose" signature="()" line-rate="0.625" branch-rate="0.5" complexity="2">
              <lines>
                <line number="237" hits="85" branch="false" />
                <line number="238" hits="255" branch="true" condition-coverage="50% (1/2)" />
                <line number="239" hits="0" branch="false" />
                <line number="240" hits="0" branch="false" />
                <line number="241" hits="0" branch="false" />
                <line number="243" hits="85" branch="false" />
                <line number="244" hits="85" branch="false" />
                <line number="245" hits="85" branch="false" />
              </lines>
            </method>
            <method name=".ctor" signature="(pengdows.hangfire.PengdowsCrudJobStorage)" line-rate="1" branch-rate="1" complexity="2">
              <lines>
                <line number="16" hits="85" branch="false" />
                <line number="17" hits="85" branch="false" />
                <line number="19" hits="85" branch="false" />
                <line number="20" hits="85" branch="false" />
                <line number="21" hits="85" branch="true" condition-coverage="100% (2/2)" />
                <line number="22" hits="84" branch="false" />
              </lines>
            </method>
            <method name="CommitAsync" signature="()" line-rate="0.7647058823529411" branch-rate="1" complexity="6">
              <lines>
                <line number="30" hits="78" branch="false" />
                <line number="31" hits="78" branch="true" condition-coverage="100% (2/2)" />
                <line number="32" hits="78" branch="false" />
                <line number="33" hits="78" branch="false" />
                <line number="34" hits="78" branch="true" condition-coverage="100% (2/2)" />
                <line number="36" hits="78" branch="false" />
                <line number="37" hits="394" branch="true" condition-coverage="100% (2/2)" />
                <line number="38" hits="80" branch="false" />
                <line number="39" hits="80" branch="false" />
                <line number="40" hits="80" branch="false" />
                <line number="41" hits="78" branch="false" />
                <line number="42" hits="78" branch="false" />
                <line number="43" hits="0" branch="false" />
                <line number="44" hits="0" branch="false" />
                <line number="45" hits="0" branch="false" />
                <line number="46" hits="0" branch="false" />
                <line number="48" hits="78" branch="false" />
              </lines>
            </method>
          </methods>
          <lines>
            <line number="16" hits="85" branch="false" />
            <line number="17" hits="85" branch="false" />
            <line number="19" hits="85" branch="false" />
            <line number="20" hits="85" branch="false" />
            <line number="21" hits="85" branch="true" condition-coverage="100% (2/2)" />
            <line number="22" hits="84" branch="false" />
            <line number="25" hits="33" branch="false" />
            <line number="26" hits="33" branch="false" />
            <line number="27" hits="33" branch="false" />
            <line number="30" hits="78" branch="false" />
            <line number="31" hits="78" branch="true" condition-coverage="100% (2/2)" />
            <line number="32" hits="78" branch="false" />
            <line number="33" hits="78" branch="false" />
            <line number="34" hits="78" branch="true" condition-coverage="100% (2/2)" />
            <line number="36" hits="78" branch="false" />
            <line number="37" hits="394" branch="true" condition-coverage="100% (2/2)" />
            <line number="38" hits="80" branch="false" />
            <line number="39" hits="80" branch="false" />
            <line number="40" hits="80" branch="false" />
            <line number="41" hits="78" branch="false" />
            <line number="42" hits="78" branch="false" />
            <line number="43" hits="0" branch="false" />
            <line number="44" hits="0" branch="false" />
            <line number="45" hits="0" branch="false" />
            <line number="46" hits="0" branch="false" />
            <line number="48" hits="78" branch="false" />
            <line number="51" hits="4" branch="false" />
            <line number="52" hits="4" branch="true" condition-coverage="100% (2/2)" />
            <line number="53" hits="1" branch="false" />
            <line number="54" hits="1" branch="false" />
            <line number="57" hits="3" branch="false" />
            <line number="58" hits="6" branch="false" />
            <line number="59" hits="4" branch="false" />
            <line number="62" hits="3" branch="false" />
            <line number="63" hits="3" branch="true" condition-coverage="100% (2/2)" />
            <line number="64" hits="1" branch="false" />
            <line number="65" hits="1" branch="false" />
            <line number="68" hits="2" branch="false" />
            <line number="69" hits="4" branch="false" />
            <line number="70" hits="3" branch="false" />
            <line number="73" hits="4" branch="false" />
            <line number="74" hits="4" branch="true" condition-coverage="100% (2/2)" />
            <line number="75" hits="1" branch="false" />
            <line number="76" hits="1" branch="false" />
            <line number="79" hits="3" branch="false" />
            <line number="80" hits="3" branch="false" />
            <line number="81" hits="3" branch="false" />
            <line number="82" hits="3" branch="false" />
            <line number="83" hits="3" branch="false" />
            <line number="84" hits="3" branch="false" />
            <line number="85" hits="3" branch="false" />
            <line number="86" hits="3" branch="false" />
            <line number="87" hits="3" branch="false" />
            <line number="88" hits="3" branch="false" />
            <line number="89" hits="3" branch="false" />
            <line number="90" hits="6" branch="false" />
            <line number="91" hits="4" branch="false" />
            <line number="94" hits="2" branch="false" />
            <line number="95" hits="2" branch="true" condition-coverage="50% (1/2)" />
            <line number="96" hits="0" branch="false" />
            <line number="97" hits="0" branch="false" />
            <line number="100" hits="2" branch="false" />
            <line number="101" hits="2" branch="false" />
            <line number="102" hits="2" branch="false" />
            <line number="103" hits="2" branch="false" />
            <line number="104" hits="2" branch="false" />
            <line number="105" hits="2" branch="false" />
            <line number="106" hits="2" branch="false" />
            <line number="107" hits="2" branch="false" />
            <line number="108" hits="2" branch="false" />
            <line number="109" hits="2" branch="false" />
            <line number="110" hits="4" branch="false" />
            <line number="111" hits="2" branch="false" />
            <line number="114" hits="3" branch="false" />
            <line number="115" hits="3" branch="true" condition-coverage="100% (2/2)" />
            <line number="116" hits="1" branch="false" />
            <line number="117" hits="1" branch="false" />
            <line number="120" hits="2" branch="false" />
            <line number="121" hits="2" branch="false" />
            <line number="122" hits="2" branch="false" />
            <line number="123" hits="4" branch="false" />
            <line number="124" hits="3" branch="false" />
            <line number="127" hits="12" branch="false" />
            <line number="130" hits="4" branch="false" />
            <line number="133" hits="4" branch="false" />
            <line number="136" hits="4" branch="false" />
            <line number="138" hits="7" branch="false" />
            <line number="141" hits="11" branch="false" />
            <line number="142" hits="11" branch="false" />
            <line number="143" hits="11" branch="false" />
            <line number="144" hits="11" branch="false" />
            <line number="145" hits="22" branch="false" />
            <line number="146" hits="11" branch="false" />
            <line number="149" hits="2" branch="false" />
            <line number="150" hits="2" branch="false" />
            <line number="151" hits="2" branch="false" />
            <line number="152" hits="2" branch="false" />
            <line number="153" hits="4" branch="false" />
            <line number="154" hits="2" branch="false" />
            <line number="157" hits="24" branch="false" />
            <line number="160" hits="4" branch="false" />
            <line number="163" hits="6" branch="false" />
            <line number="166" hits="7" branch="false" />
            <line number="167" hits="7" branch="true" condition-coverage="100% (2/2)" />
            <line number="168" hits="1" branch="false" />
            <line number="169" hits="1" branch="false" />
            <line number="172" hits="6" branch="true" condition-coverage="100% (2/2)" />
            <line number="173" hits="1" branch="false" />
            <line number="174" hits="1" branch="false" />
            <line number="177" hits="13" branch="false" />
            <line number="178" hits="10" branch="false" />
            <line number="179" hits="5" branch="false" />
            <line number="182" hits="4" branch="false" />
            <line number="185" hits="6" branch="false" />
            <line number="188" hits="4" branch="false" />
            <line number="191" hits="6" branch="false" />
            <line number="194" hits="4" branch="false" />
            <line number="197" hits="6" branch="false" />
            <line number="200" hits="4" branch="false" />
            <line number="203" hits="4" branch="false" />
            <line number="204" hits="4" branch="true" condition-coverage="100% (2/2)" />
            <line number="205" hits="1" branch="false" />
            <line number="206" hits="1" branch="false" />
            <line number="209" hits="3" branch="true" condition-coverage="100% (2/2)" />
            <line number="210" hits="1" branch="false" />
            <line number="211" hits="1" branch="false" />
            <line number="214" hits="8" branch="false" />
            <line number="215" hits="4" branch="false" />
            <line number="216" hits="2" branch="false" />
            <line number="219" hits="2" branch="false" />
            <line number="222" hits="0" branch="false" />
            <line number="225" hits="2" branch="false" />
            <line number="226" hits="2" branch="true" condition-coverage="100% (2/2)" />
            <line number="227" hits="1" branch="false" />
            <line number="228" hits="1" branch="false" />
            <line number="229" hits="1" branch="false" />
            <line number="230" hits="1" branch="false" />
            <line number="231" hits="1" branch="false" />
            <line number="232" hits="2" branch="false" />
            <line number="233" hits="1" branch="false" />
            <line number="234" hits="2" branch="false" />
            <line number="237" hits="85" branch="false" />
            <line number="238" hits="255" branch="true" condition-coverage="50% (1/2)" />
            <line number="239" hits="0" branch="false" />
            <line number="240" hits="0" branch="false" />
            <line number="241" hits="0" branch="false" />
            <line number="243" hits="85" branch="false" />
            <line number="244" hits="85" branch="false" />
            <line number="245" hits="85" branch="false" />
          </lines>
        </class>
      </classes>
    </package>
  </packages>
</coverage>